==53518== Memcheck, a memory error detector
==53518== Copyright (C) 2002-2017, and GNU GPL'd, by Julian Seward et al.
==53518== Using Valgrind-3.18.1 and LibVEX; rerun with -h for copyright info
==53518== Command: ./minishell
==53518== Parent PID: 48780
==53518== 
==53755== 
==53755== HEAP SUMMARY:
==53755==     in use at exit: 215,230 bytes in 464 blocks
==53755==   total heap usage: 1,112 allocs, 648 frees, 244,265 bytes allocated
==53755== 
==53755== 2 bytes in 1 blocks are still reachable in loss record 1 of 86
==53755==    at 0x4848899: malloc (in /usr/libexec/valgrind/vgpreload_memcheck-amd64-linux.so)
==53755==    by 0x111A11: ft_strdup (ft_strdup.c:21)
==53755==    by 0x10F1F1: ft_add_redir (parse_cmd.c:101)
==53755==    by 0x10F0E1: handle_lexemes (parse_cmd.c:84)
==53755==    by 0x10EE79: ft_parse_lexemes (parse_cmd.c:44)
==53755==    by 0x1097C1: handle_commands (minishell.c:68)
==53755==    by 0x1099D3: minishell (minishell.c:106)
==53755==    by 0x109B3D: main (minishell.c:146)
==53755== 
==53755== 6 bytes in 1 blocks are still reachable in loss record 2 of 86
==53755==    at 0x4848899: malloc (in /usr/libexec/valgrind/vgpreload_memcheck-amd64-linux.so)
==53755==    by 0x111A11: ft_strdup (ft_strdup.c:21)
==53755==    by 0x10F1F1: ft_add_redir (parse_cmd.c:101)
==53755==    by 0x10F16B: handle_lexemes (parse_cmd.c:88)
==53755==    by 0x10EE79: ft_parse_lexemes (parse_cmd.c:44)
==53755==    by 0x1097C1: handle_commands (minishell.c:68)
==53755==    by 0x1099D3: minishell (minishell.c:106)
==53755==    by 0x109B3D: main (minishell.c:146)
==53755== 
==53755== 8 bytes in 1 blocks are still reachable in loss record 3 of 86
==53755==    at 0x4848899: malloc (in /usr/libexec/valgrind/vgpreload_memcheck-amd64-linux.so)
==53755==    by 0x109A5E: init_envs (minishell.c:120)
==53755==    by 0x109B1B: main (minishell.c:143)
==53755== 
==53755== 9 bytes in 1 blocks are still reachable in loss record 7 of 86
==53755==    at 0x4848899: malloc (in /usr/libexec/valgrind/vgpreload_memcheck-amd64-linux.so)
==53755==    by 0x497358E: strdup (strdup.c:42)
==53755==    by 0x4B07D54: ??? (in /usr/lib/x86_64-linux-gnu/libtinfo.so.6.3)
==53755==    by 0x4B0B098: _nc_tiparm (in /usr/lib/x86_64-linux-gnu/libtinfo.so.6.3)
==53755==    by 0x48A1F9A: ??? (in /usr/lib/x86_64-linux-gnu/libreadline.so.8.1)
==53755==    by 0x48A2CE1: rl_redisplay (in /usr/lib/x86_64-linux-gnu/libreadline.so.8.1)
==53755==    by 0x488FB56: _rl_internal_char_cleanup (in /usr/lib/x86_64-linux-gnu/libreadline.so.8.1)
==53755==    by 0x488FD8F: readline_internal_char (in /usr/lib/x86_64-linux-gnu/libreadline.so.8.1)
==53755==    by 0x4898D14: readline (in /usr/lib/x86_64-linux-gnu/libreadline.so.8.1)
==53755==    by 0x10991C: minishell (minishell.c:94)
==53755==    by 0x109B3D: main (minishell.c:146)
==53755== 
==53755== 16 bytes in 1 blocks are still reachable in loss record 10 of 86
==53755==    at 0x4848899: malloc (in /usr/libexec/valgrind/vgpreload_memcheck-amd64-linux.so)
==53755==    by 0x109A1F: init_envs (minishell.c:116)
==53755==    by 0x109B1B: main (minishell.c:143)
==53755== 
==53755== 16 bytes in 1 blocks are still reachable in loss record 12 of 86
==53755==    at 0x4848899: malloc (in /usr/libexec/valgrind/vgpreload_memcheck-amd64-linux.so)
==53755==    by 0x110954: ft_lstnew (ft_lstnew.c:19)
==53755==    by 0x109814: handle_commands (minishell.c:72)
==53755==    by 0x1099D3: minishell (minishell.c:106)
==53755==    by 0x109B3D: main (minishell.c:146)
==53755== 
==53755== 16 bytes in 1 blocks are still reachable in loss record 13 of 86
==53755==    at 0x4848899: malloc (in /usr/libexec/valgrind/vgpreload_memcheck-amd64-linux.so)
==53755==    by 0x10F1E1: ft_add_redir (parse_cmd.c:100)
==53755==    by 0x10F16B: handle_lexemes (parse_cmd.c:88)
==53755==    by 0x10EE79: ft_parse_lexemes (parse_cmd.c:44)
==53755==    by 0x1097C1: handle_commands (minishell.c:68)
==53755==    by 0x1099D3: minishell (minishell.c:106)
==53755==    by 0x109B3D: main (minishell.c:146)
==53755== 
==53755== 16 bytes in 1 blocks are still reachable in loss record 14 of 86
==53755==    at 0x4848899: malloc (in /usr/libexec/valgrind/vgpreload_memcheck-amd64-linux.so)
==53755==    by 0x110954: ft_lstnew (ft_lstnew.c:19)
==53755==    by 0x10F21B: ft_add_redir (parse_cmd.c:104)
==53755==    by 0x10F16B: handle_lexemes (parse_cmd.c:88)
==53755==    by 0x10EE79: ft_parse_lexemes (parse_cmd.c:44)
==53755==    by 0x1097C1: handle_commands (minishell.c:68)
==53755==    by 0x1099D3: minishell (minishell.c:106)
==53755==    by 0x109B3D: main (minishell.c:146)
==53755== 
==53755== 16 bytes in 1 blocks are still reachable in loss record 15 of 86
==53755==    at 0x4848899: malloc (in /usr/libexec/valgrind/vgpreload_memcheck-amd64-linux.so)
==53755==    by 0x10F1E1: ft_add_redir (parse_cmd.c:100)
==53755==    by 0x10F0E1: handle_lexemes (parse_cmd.c:84)
==53755==    by 0x10EE79: ft_parse_lexemes (parse_cmd.c:44)
==53755==    by 0x1097C1: handle_commands (minishell.c:68)
==53755==    by 0x1099D3: minishell (minishell.c:106)
==53755==    by 0x109B3D: main (minishell.c:146)
==53755== 
==53755== 16 bytes in 1 blocks are still reachable in loss record 16 of 86
==53755==    at 0x4848899: malloc (in /usr/libexec/valgrind/vgpreload_memcheck-amd64-linux.so)
==53755==    by 0x110954: ft_lstnew (ft_lstnew.c:19)
==53755==    by 0x10F231: ft_add_redir (parse_cmd.c:106)
==53755==    by 0x10F0E1: handle_lexemes (parse_cmd.c:84)
==53755==    by 0x10EE79: ft_parse_lexemes (parse_cmd.c:44)
==53755==    by 0x1097C1: handle_commands (minishell.c:68)
==53755==    by 0x1099D3: minishell (minishell.c:106)
==53755==    by 0x109B3D: main (minishell.c:146)
==53755== 
==53755== 24 bytes in 1 blocks are still reachable in loss record 22 of 86
==53755==    at 0x4848899: malloc (in /usr/libexec/valgrind/vgpreload_memcheck-amd64-linux.so)
==53755==    by 0x10CF5B: initialize_io_fd (execute.c:19)
==53755==    by 0x10CFE9: exec (execute.c:43)
==53755==    by 0x1098B8: handle_commands (minishell.c:80)
==53755==    by 0x1099D3: minishell (minishell.c:106)
==53755==    by 0x109B3D: main (minishell.c:146)
==53755== 
==53755== 24 bytes in 1 blocks are still reachable in loss record 23 of 86
==53755==    at 0x4848899: malloc (in /usr/libexec/valgrind/vgpreload_memcheck-amd64-linux.so)
==53755==    by 0x49EAF9E: tsearch (tsearch.c:337)
==53755==    by 0x4B07D6E: ??? (in /usr/lib/x86_64-linux-gnu/libtinfo.so.6.3)
==53755==    by 0x4B0B098: _nc_tiparm (in /usr/lib/x86_64-linux-gnu/libtinfo.so.6.3)
==53755==    by 0x48A1F9A: ??? (in /usr/lib/x86_64-linux-gnu/libreadline.so.8.1)
==53755==    by 0x48A2CE1: rl_redisplay (in /usr/lib/x86_64-linux-gnu/libreadline.so.8.1)
==53755==    by 0x488FB56: _rl_internal_char_cleanup (in /usr/lib/x86_64-linux-gnu/libreadline.so.8.1)
==53755==    by 0x488FD8F: readline_internal_char (in /usr/lib/x86_64-linux-gnu/libreadline.so.8.1)
==53755==    by 0x4898D14: readline (in /usr/lib/x86_64-linux-gnu/libreadline.so.8.1)
==53755==    by 0x10991C: minishell (minishell.c:94)
==53755==    by 0x109B3D: main (minishell.c:146)
==53755== 
==53755== 24 bytes in 5 blocks are still reachable in loss record 25 of 86
==53755==    at 0x4848899: malloc (in /usr/libexec/valgrind/vgpreload_memcheck-amd64-linux.so)
==53755==    by 0x111A11: ft_strdup (ft_strdup.c:21)
==53755==    by 0x10F302: get_args (parser_utils.c:33)
==53755==    by 0x10EEBC: ft_parse_lexemes (parse_cmd.c:52)
==53755==    by 0x1097C1: handle_commands (minishell.c:68)
==53755==    by 0x1099D3: minishell (minishell.c:106)
==53755==    by 0x109B3D: main (minishell.c:146)
==53755== 
==53755== 32 bytes in 2 blocks are still reachable in loss record 26 of 86
==53755==    at 0x4848899: malloc (in /usr/libexec/valgrind/vgpreload_memcheck-amd64-linux.so)
==53755==    by 0x110954: ft_lstnew (ft_lstnew.c:19)
==53755==    by 0x109826: handle_commands (minishell.c:74)
==53755==    by 0x1099D3: minishell (minishell.c:106)
==53755==    by 0x109B3D: main (minishell.c:146)
==53755== 
==53755== 64 bytes in 3 blocks are still reachable in loss record 31 of 86
==53755==    at 0x4848899: malloc (in /usr/libexec/valgrind/vgpreload_memcheck-amd64-linux.so)
==53755==    by 0x10F284: get_args (parser_utils.c:22)
==53755==    by 0x10EEBC: ft_parse_lexemes (parse_cmd.c:52)
==53755==    by 0x1097C1: handle_commands (minishell.c:68)
==53755==    by 0x1099D3: minishell (minishell.c:106)
==53755==    by 0x109B3D: main (minishell.c:146)
==53755== 
==53755== 70 bytes in 1 blocks are still reachable in loss record 32 of 86
==53755==    at 0x484DCD3: realloc (in /usr/libexec/valgrind/vgpreload_memcheck-amd64-linux.so)
==53755==    by 0x4B046CC: _nc_doalloc (in /usr/lib/x86_64-linux-gnu/libtinfo.so.6.3)
==53755==    by 0x4B0B731: _nc_tiparm (in /usr/lib/x86_64-linux-gnu/libtinfo.so.6.3)
==53755==    by 0x48A1F9A: ??? (in /usr/lib/x86_64-linux-gnu/libreadline.so.8.1)
==53755==    by 0x48A2CE1: rl_redisplay (in /usr/lib/x86_64-linux-gnu/libreadline.so.8.1)
==53755==    by 0x488FB56: _rl_internal_char_cleanup (in /usr/lib/x86_64-linux-gnu/libreadline.so.8.1)
==53755==    by 0x488FD8F: readline_internal_char (in /usr/lib/x86_64-linux-gnu/libreadline.so.8.1)
==53755==    by 0x4898D14: readline (in /usr/lib/x86_64-linux-gnu/libreadline.so.8.1)
==53755==    by 0x10991C: minishell (minishell.c:94)
==53755==    by 0x109B3D: main (minishell.c:146)
==53755== 
==53755== 168 bytes in 1 blocks are still reachable in loss record 40 of 86
==53755==    at 0x484DA83: calloc (in /usr/libexec/valgrind/vgpreload_memcheck-amd64-linux.so)
==53755==    by 0x4B07CCD: ??? (in /usr/lib/x86_64-linux-gnu/libtinfo.so.6.3)
==53755==    by 0x4B0B098: _nc_tiparm (in /usr/lib/x86_64-linux-gnu/libtinfo.so.6.3)
==53755==    by 0x48A1F9A: ??? (in /usr/lib/x86_64-linux-gnu/libreadline.so.8.1)
==53755==    by 0x48A2CE1: rl_redisplay (in /usr/lib/x86_64-linux-gnu/libreadline.so.8.1)
==53755==    by 0x488FB56: _rl_internal_char_cleanup (in /usr/lib/x86_64-linux-gnu/libreadline.so.8.1)
==53755==    by 0x488FD8F: readline_internal_char (in /usr/lib/x86_64-linux-gnu/libreadline.so.8.1)
==53755==    by 0x4898D14: readline (in /usr/lib/x86_64-linux-gnu/libreadline.so.8.1)
==53755==    by 0x10991C: minishell (minishell.c:94)
==53755==    by 0x109B3D: main (minishell.c:146)
==53755== 
==53755== 168 bytes in 3 blocks are still reachable in loss record 41 of 86
==53755==    at 0x4848899: malloc (in /usr/libexec/valgrind/vgpreload_memcheck-amd64-linux.so)
==53755==    by 0x10EE1B: ft_parse_lexemes (parse_cmd.c:35)
==53755==    by 0x1097C1: handle_commands (minishell.c:68)
==53755==    by 0x1099D3: minishell (minishell.c:106)
==53755==    by 0x109B3D: main (minishell.c:146)
==53755== 
==53755== 974 bytes in 70 blocks are still reachable in loss record 47 of 86
==53755==    at 0x4848899: malloc (in /usr/libexec/valgrind/vgpreload_memcheck-amd64-linux.so)
==53755==    by 0x111A11: ft_strdup (ft_strdup.c:21)
==53755==    by 0x10B187: create_env_node (env_init.c:22)
==53755==    by 0x10B229: add_env_var (env_init.c:44)
==53755==    by 0x10B371: init_env (env_init.c:79)
==53755==    by 0x109A9F: init_envs (minishell.c:126)
==53755==    by 0x109B1B: main (minishell.c:143)
==53755== 
==53755== 2,240 bytes in 70 blocks are still reachable in loss record 59 of 86
==53755==    at 0x4848899: malloc (in /usr/libexec/valgrind/vgpreload_memcheck-amd64-linux.so)
==53755==    by 0x10B169: create_env_node (env_init.c:19)
==53755==    by 0x10B229: add_env_var (env_init.c:44)
==53755==    by 0x10B371: init_env (env_init.c:79)
==53755==    by 0x109A9F: init_envs (minishell.c:126)
==53755==    by 0x109B1B: main (minishell.c:143)
==53755== 
==53755== 3,002 bytes in 70 blocks are still reachable in loss record 61 of 86
==53755==    at 0x4848899: malloc (in /usr/libexec/valgrind/vgpreload_memcheck-amd64-linux.so)
==53755==    by 0x111A11: ft_strdup (ft_strdup.c:21)
==53755==    by 0x10B1B4: create_env_node (env_init.c:27)
==53755==    by 0x10B229: add_env_var (env_init.c:44)
==53755==    by 0x10B371: init_env (env_init.c:79)
==53755==    by 0x109A9F: init_envs (minishell.c:126)
==53755==    by 0x109B1B: main (minishell.c:143)
==53755== 
==53755== LEAK SUMMARY:
==53755==    definitely lost: 0 bytes in 0 blocks
==53755==    indirectly lost: 0 bytes in 0 blocks
==53755==      possibly lost: 0 bytes in 0 blocks
==53755==    still reachable: 6,911 bytes in 237 blocks
==53755==         suppressed: 208,319 bytes in 227 blocks
==53755== 
==53755== ERROR SUMMARY: 0 errors from 0 contexts (suppressed: 0 from 0)
--53755-- 
--53755-- used_suppression:      1 <insert_a_suppression_name_here> xtra/valgrind/msh_linux2.supp:621 suppressed: 28,784 bytes in 7 blocks
--53755-- used_suppression:      8 <insert_a_suppression_name_here> xtra/valgrind/msh_linux2.supp:544 suppressed: 61,680 bytes in 15 blocks
--53755-- used_suppression:      2 <insert_a_suppression_name_here> xtra/valgrind/msh_linux2.supp:590 suppressed: 16,448 bytes in 4 blocks
--53755-- used_suppression:      9 <insert_a_suppression_name_here> xtra/valgrind/msh_linux2.supp:528 suppressed: 57,568 bytes in 14 blocks
--53755-- used_suppression:      1 <insert_a_suppression_name_here> xtra/valgrind/msh_linux2.supp:576 suppressed: 7,952 bytes in 1 blocks
--53755-- used_suppression:      3 <insert_a_suppression_name_here> xtra/valgrind/msh_linux2.supp:113 suppressed: 6,125 bytes in 3 blocks
--53755-- used_suppression:      2 <insert_a_suppression_name_here> xtra/valgrind/msh_linux2.supp:361 suppressed: 4,040 bytes in 3 blocks
--53755-- used_suppression:      4 <insert_a_suppression_name_here> xtra/valgrind/msh_linux2.supp:269 suppressed: 4,636 bytes in 4 blocks
--53755-- used_suppression:      3 <insert_a_suppression_name_here> xtra/valgrind/msh_linux2.supp:252 suppressed: 4,106 bytes in 3 blocks
--53755-- used_suppression:      1 <insert_a_suppression_name_here> xtra/valgrind/msh_linux2.supp:515 suppressed: 2,240 bytes in 140 blocks
--53755-- used_suppression:      2 <insert_a_suppression_name_here> xtra/valgrind/msh_linux2.supp:429 suppressed: 2,604 bytes in 2 blocks
--53755-- used_suppression:      1 <insert_a_suppression_name_here> xtra/valgrind/msh_linux2.supp:473 suppressed: 1,536 bytes in 1 blocks
--53755-- used_suppression:      4 <insert_a_suppression_name_here> xtra/valgrind/msh_linux2.supp:460 suppressed: 4,096 bytes in 4 blocks
--53755-- used_suppression:      4 <insert_a_suppression_name_here> xtra/valgrind/msh_linux2.supp:446 suppressed: 4,096 bytes in 4 blocks
--53755-- used_suppression:      1 <insert_a_suppression_name_here> xtra/valgrind/msh_linux2.supp:416 suppressed: 760 bytes in 1 blocks
--53755-- used_suppression:      1 <insert_a_suppression_name_here> xtra/valgrind/msh_linux2.supp:399 suppressed: 608 bytes in 1 blocks
--53755-- used_suppression:      1 <insert_a_suppression_name_here> xtra/valgrind/msh_linux2.supp:388 suppressed: 256 bytes in 1 blocks
--53755-- used_suppression:      1 <insert_a_suppression_name_here> xtra/valgrind/msh_linux2.supp:372 suppressed: 168 bytes in 1 blocks
--53755-- used_suppression:      1 <insert_a_suppression_name_here> xtra/valgrind/msh_linux2.supp:344 suppressed: 94 bytes in 1 blocks
--53755-- used_suppression:      1 <insert_a_suppression_name_here> xtra/valgrind/msh_linux2.supp:327 suppressed: 93 bytes in 1 blocks
--53755-- used_suppression:      1 <insert_a_suppression_name_here> xtra/valgrind/msh_linux2.supp:311 suppressed: 90 bytes in 1 blocks
--53755-- used_suppression:      2 <insert_a_suppression_name_here> xtra/valgrind/msh_linux2.supp:299 suppressed: 124 bytes in 4 blocks
--53755-- used_suppression:      1 <insert_a_suppression_name_here> xtra/valgrind/msh_linux2.supp:283 suppressed: 48 bytes in 1 blocks
--53755-- used_suppression:      1 <insert_a_suppression_name_here> xtra/valgrind/msh_linux2.supp:220 suppressed: 24 bytes in 1 blocks
--53755-- used_suppression:      1 <insert_a_suppression_name_here> xtra/valgrind/msh_linux2.supp:207 suppressed: 23 bytes in 1 blocks
--53755-- used_suppression:      1 <insert_a_suppression_name_here> xtra/valgrind/msh_linux2.supp:196 suppressed: 23 bytes in 1 blocks
--53755-- used_suppression:      1 <insert_a_suppression_name_here> xtra/valgrind/msh_linux2.supp:179 suppressed: 21 bytes in 1 blocks
--53755-- used_suppression:      1 <insert_a_suppression_name_here> xtra/valgrind/msh_linux2.supp:165 suppressed: 20 bytes in 1 blocks
--53755-- used_suppression:      1 <insert_a_suppression_name_here> xtra/valgrind/msh_linux2.supp:155 suppressed: 16 bytes in 1 blocks
--53755-- used_suppression:      1 <insert_a_suppression_name_here> xtra/valgrind/msh_linux2.supp:141 suppressed: 15 bytes in 1 blocks
--53755-- used_suppression:      1 <insert_a_suppression_name_here> xtra/valgrind/msh_linux2.supp:96 suppressed: 9 bytes in 1 blocks
--53755-- used_suppression:      1 <insert_a_suppression_name_here> xtra/valgrind/msh_linux2.supp:75 suppressed: 8 bytes in 1 blocks
--53755-- used_suppression:      1 <insert_a_suppression_name_here> xtra/valgrind/msh_linux2.supp:61 suppressed: 8 bytes in 1 blocks
==53755== 
==53755== ERROR SUMMARY: 0 errors from 0 contexts (suppressed: 0 from 0)
==53518== 
==53518== HEAP SUMMARY:
==53518==     in use at exit: 208,639 bytes in 235 blocks
==53518==   total heap usage: 1,140 allocs, 905 frees, 244,630 bytes allocated
==53518== 
==53518== 9 bytes in 1 blocks are still reachable in loss record 5 of 70
==53518==    at 0x4848899: malloc (in /usr/libexec/valgrind/vgpreload_memcheck-amd64-linux.so)
==53518==    by 0x497358E: strdup (strdup.c:42)
==53518==    by 0x4B07D54: ??? (in /usr/lib/x86_64-linux-gnu/libtinfo.so.6.3)
==53518==    by 0x4B0B098: _nc_tiparm (in /usr/lib/x86_64-linux-gnu/libtinfo.so.6.3)
==53518==    by 0x48A1F9A: ??? (in /usr/lib/x86_64-linux-gnu/libreadline.so.8.1)
==53518==    by 0x48A2CE1: rl_redisplay (in /usr/lib/x86_64-linux-gnu/libreadline.so.8.1)
==53518==    by 0x488FB56: _rl_internal_char_cleanup (in /usr/lib/x86_64-linux-gnu/libreadline.so.8.1)
==53518==    by 0x488FD8F: readline_internal_char (in /usr/lib/x86_64-linux-gnu/libreadline.so.8.1)
==53518==    by 0x4898D14: readline (in /usr/lib/x86_64-linux-gnu/libreadline.so.8.1)
==53518==    by 0x10991C: minishell (minishell.c:94)
==53518==    by 0x109B3D: main (minishell.c:146)
==53518== 
==53518== 24 bytes in 1 blocks are still reachable in loss record 14 of 70
==53518==    at 0x4848899: malloc (in /usr/libexec/valgrind/vgpreload_memcheck-amd64-linux.so)
==53518==    by 0x49EAF9E: tsearch (tsearch.c:337)
==53518==    by 0x4B07D6E: ??? (in /usr/lib/x86_64-linux-gnu/libtinfo.so.6.3)
==53518==    by 0x4B0B098: _nc_tiparm (in /usr/lib/x86_64-linux-gnu/libtinfo.so.6.3)
==53518==    by 0x48A1F9A: ??? (in /usr/lib/x86_64-linux-gnu/libreadline.so.8.1)
==53518==    by 0x48A2CE1: rl_redisplay (in /usr/lib/x86_64-linux-gnu/libreadline.so.8.1)
==53518==    by 0x488FB56: _rl_internal_char_cleanup (in /usr/lib/x86_64-linux-gnu/libreadline.so.8.1)
==53518==    by 0x488FD8F: readline_internal_char (in /usr/lib/x86_64-linux-gnu/libreadline.so.8.1)
==53518==    by 0x4898D14: readline (in /usr/lib/x86_64-linux-gnu/libreadline.so.8.1)
==53518==    by 0x10991C: minishell (minishell.c:94)
==53518==    by 0x109B3D: main (minishell.c:146)
==53518== 
==53518== 70 bytes in 1 blocks are still reachable in loss record 19 of 70
==53518==    at 0x484DCD3: realloc (in /usr/libexec/valgrind/vgpreload_memcheck-amd64-linux.so)
==53518==    by 0x4B046CC: _nc_doalloc (in /usr/lib/x86_64-linux-gnu/libtinfo.so.6.3)
==53518==    by 0x4B0B731: _nc_tiparm (in /usr/lib/x86_64-linux-gnu/libtinfo.so.6.3)
==53518==    by 0x48A1F9A: ??? (in /usr/lib/x86_64-linux-gnu/libreadline.so.8.1)
==53518==    by 0x48A2CE1: rl_redisplay (in /usr/lib/x86_64-linux-gnu/libreadline.so.8.1)
==53518==    by 0x488FB56: _rl_internal_char_cleanup (in /usr/lib/x86_64-linux-gnu/libreadline.so.8.1)
==53518==    by 0x488FD8F: readline_internal_char (in /usr/lib/x86_64-linux-gnu/libreadline.so.8.1)
==53518==    by 0x4898D14: readline (in /usr/lib/x86_64-linux-gnu/libreadline.so.8.1)
==53518==    by 0x10991C: minishell (minishell.c:94)
==53518==    by 0x109B3D: main (minishell.c:146)
==53518== 
==53518== 168 bytes in 1 blocks are still reachable in loss record 28 of 70
==53518==    at 0x484DA83: calloc (in /usr/libexec/valgrind/vgpreload_memcheck-amd64-linux.so)
==53518==    by 0x4B07CCD: ??? (in /usr/lib/x86_64-linux-gnu/libtinfo.so.6.3)
==53518==    by 0x4B0B098: _nc_tiparm (in /usr/lib/x86_64-linux-gnu/libtinfo.so.6.3)
==53518==    by 0x48A1F9A: ??? (in /usr/lib/x86_64-linux-gnu/libreadline.so.8.1)
==53518==    by 0x48A2CE1: rl_redisplay (in /usr/lib/x86_64-linux-gnu/libreadline.so.8.1)
==53518==    by 0x488FB56: _rl_internal_char_cleanup (in /usr/lib/x86_64-linux-gnu/libreadline.so.8.1)
==53518==    by 0x488FD8F: readline_internal_char (in /usr/lib/x86_64-linux-gnu/libreadline.so.8.1)
==53518==    by 0x4898D14: readline (in /usr/lib/x86_64-linux-gnu/libreadline.so.8.1)
==53518==    by 0x10991C: minishell (minishell.c:94)
==53518==    by 0x109B3D: main (minishell.c:146)
==53518== 
==53518== LEAK SUMMARY:
==53518==    definitely lost: 0 bytes in 0 blocks
==53518==    indirectly lost: 0 bytes in 0 blocks
==53518==      possibly lost: 0 bytes in 0 blocks
==53518==    still reachable: 271 bytes in 4 blocks
==53518==         suppressed: 208,368 bytes in 231 blocks
==53518== 
==53518== ERROR SUMMARY: 0 errors from 0 contexts (suppressed: 1 from 1)
--53518-- 
--53518-- used_suppression:      1 <insert_a_suppression_name_here> xtra/valgrind/msh_linux2.supp:621 suppressed: 28,784 bytes in 7 blocks
--53518-- used_suppression:      8 <insert_a_suppression_name_here> xtra/valgrind/msh_linux2.supp:544 suppressed: 61,680 bytes in 15 blocks
--53518-- used_suppression:      2 <insert_a_suppression_name_here> xtra/valgrind/msh_linux2.supp:590 suppressed: 16,448 bytes in 4 blocks
--53518-- used_suppression:      9 <insert_a_suppression_name_here> xtra/valgrind/msh_linux2.supp:528 suppressed: 57,568 bytes in 14 blocks
--53518-- used_suppression:      1 <insert_a_suppression_name_here> xtra/valgrind/msh_linux2.supp:576 suppressed: 7,952 bytes in 1 blocks
--53518-- used_suppression:      3 <insert_a_suppression_name_here> xtra/valgrind/msh_linux2.supp:113 suppressed: 6,125 bytes in 3 blocks
--53518-- used_suppression:      2 <insert_a_suppression_name_here> xtra/valgrind/msh_linux2.supp:361 suppressed: 4,052 bytes in 4 blocks
--53518-- used_suppression:      4 <insert_a_suppression_name_here> xtra/valgrind/msh_linux2.supp:269 suppressed: 4,636 bytes in 4 blocks
--53518-- used_suppression:      3 <insert_a_suppression_name_here> xtra/valgrind/msh_linux2.supp:252 suppressed: 4,106 bytes in 3 blocks
--53518-- used_suppression:      1 <insert_a_suppression_name_here> xtra/valgrind/msh_linux2.supp:515 suppressed: 2,240 bytes in 140 blocks
--53518-- used_suppression:      2 <insert_a_suppression_name_here> xtra/valgrind/msh_linux2.supp:429 suppressed: 2,604 bytes in 2 blocks
--53518-- used_suppression:      1 <insert_a_suppression_name_here> xtra/valgrind/msh_linux2.supp:473 suppressed: 1,536 bytes in 1 blocks
--53518-- used_suppression:      4 <insert_a_suppression_name_here> xtra/valgrind/msh_linux2.supp:460 suppressed: 4,096 bytes in 4 blocks
--53518-- used_suppression:      4 <insert_a_suppression_name_here> xtra/valgrind/msh_linux2.supp:446 suppressed: 4,096 bytes in 4 blocks
--53518-- used_suppression:      1 <insert_a_suppression_name_here> xtra/valgrind/msh_linux2.supp:416 suppressed: 760 bytes in 1 blocks
--53518-- used_suppression:      1 <insert_a_suppression_name_here> xtra/valgrind/msh_linux2.supp:399 suppressed: 608 bytes in 1 blocks
--53518-- used_suppression:      1 <insert_a_suppression_name_here> xtra/valgrind/msh_linux2.supp:388 suppressed: 256 bytes in 1 blocks
--53518-- used_suppression:      1 <insert_a_suppression_name_here> xtra/valgrind/msh_linux2.supp:372 suppressed: 168 bytes in 1 blocks
--53518-- used_suppression:      1 <insert_a_suppression_name_here> xtra/valgrind/msh_linux2.supp:344 suppressed: 94 bytes in 1 blocks
--53518-- used_suppression:      1 <insert_a_suppression_name_here> xtra/valgrind/msh_linux2.supp:327 suppressed: 93 bytes in 1 blocks
--53518-- used_suppression:      1 <insert_a_suppression_name_here> xtra/valgrind/msh_linux2.supp:311 suppressed: 90 bytes in 1 blocks
--53518-- used_suppression:      2 <insert_a_suppression_name_here> xtra/valgrind/msh_linux2.supp:299 suppressed: 153 bytes in 6 blocks
--53518-- used_suppression:      1 <insert_a_suppression_name_here> xtra/valgrind/msh_linux2.supp:283 suppressed: 48 bytes in 1 blocks
--53518-- used_suppression:      1 <insert_a_suppression_name_here> xtra/valgrind/msh_linux2.supp:220 suppressed: 24 bytes in 1 blocks
--53518-- used_suppression:      1 <insert_a_suppression_name_here> xtra/valgrind/msh_linux2.supp:207 suppressed: 23 bytes in 1 blocks
--53518-- used_suppression:      1 <insert_a_suppression_name_here> xtra/valgrind/msh_linux2.supp:196 suppressed: 23 bytes in 1 blocks
--53518-- used_suppression:      1 <insert_a_suppression_name_here> xtra/valgrind/msh_linux2.supp:179 suppressed: 21 bytes in 1 blocks
--53518-- used_suppression:      1 <insert_a_suppression_name_here> xtra/valgrind/msh_linux2.supp:165 suppressed: 20 bytes in 1 blocks
--53518-- used_suppression:      1 <insert_a_suppression_name_here> xtra/valgrind/msh_linux2.supp:155 suppressed: 16 bytes in 1 blocks
--53518-- used_suppression:      1 <insert_a_suppression_name_here> xtra/valgrind/msh_linux2.supp:141 suppressed: 15 bytes in 1 blocks
--53518-- used_suppression:      1 <insert_a_suppression_name_here> xtra/valgrind/msh_linux2.supp:96 suppressed: 9 bytes in 1 blocks
--53518-- used_suppression:      1 <insert_a_suppression_name_here> xtra/valgrind/msh_linux2.supp:88 suppressed: 8 bytes in 1 blocks
--53518-- used_suppression:      1 <insert_a_suppression_name_here> xtra/valgrind/msh_linux2.supp:75 suppressed: 8 bytes in 1 blocks
--53518-- used_suppression:      1 <insert_a_suppression_name_here> xtra/valgrind/msh_linux2.supp:61 suppressed: 8 bytes in 1 blocks
==53518== 
==53518== ERROR SUMMARY: 0 errors from 0 contexts (suppressed: 1 from 1)
