==46901== Memcheck, a memory error detector
==46901== Copyright (C) 2002-2017, and GNU GPL'd, by Julian Seward et al.
==46901== Using Valgrind-3.18.1 and LibVEX; rerun with -h for copyright info
==46901== Command: ./minishell
==46901== Parent PID: 46361
==46901== 
==46901== Invalid read of size 1
==46901==    at 0x111BFC: ft_strlen (ft_strlen.c:20)
==46901==    by 0x1119D6: ft_strdup (ft_strdup.c:20)
==46901==    by 0x109BD5: update_pwd (cd.c:28)
==46901==    by 0x109F56: go_prev (cd.c:104)
==46901==    by 0x10A2CB: ft_cd (cd.c:158)
==46901==    by 0x10C792: exec_builtin (execute1.c:34)
==46901==    by 0x10C706: execute_nofork (execute1.c:21)
==46901==    by 0x10D06C: exec (execute.c:56)
==46901==    by 0x109890: handle_commands (minishell.c:80)
==46901==    by 0x1099AB: minishell (minishell.c:106)
==46901==    by 0x109B15: main (minishell.c:146)
==46901==  Address 0x4b95c80 is 0 bytes inside a block of size 26 free'd
==46901==    at 0x484B27F: free (in /usr/libexec/valgrind/vgpreload_memcheck-amd64-linux.so)
==46901==    by 0x109C1C: update_pwd (cd.c:33)
==46901==    by 0x109F56: go_prev (cd.c:104)
==46901==    by 0x10A2CB: ft_cd (cd.c:158)
==46901==    by 0x10C792: exec_builtin (execute1.c:34)
==46901==    by 0x10C706: execute_nofork (execute1.c:21)
==46901==    by 0x10D06C: exec (execute.c:56)
==46901==    by 0x109890: handle_commands (minishell.c:80)
==46901==    by 0x1099AB: minishell (minishell.c:106)
==46901==    by 0x109B15: main (minishell.c:146)
==46901==  Block was alloc'd at
==46901==    at 0x4848899: malloc (in /usr/libexec/valgrind/vgpreload_memcheck-amd64-linux.so)
==46901==    by 0x1119E9: ft_strdup (ft_strdup.c:21)
==46901==    by 0x109C28: update_pwd (cd.c:34)
==46901==    by 0x10A18A: go (cd.c:136)
==46901==    by 0x10A33B: ft_cd (cd.c:162)
==46901==    by 0x10C792: exec_builtin (execute1.c:34)
==46901==    by 0x10C706: execute_nofork (execute1.c:21)
==46901==    by 0x10D06C: exec (execute.c:56)
==46901==    by 0x109890: handle_commands (minishell.c:80)
==46901==    by 0x1099AB: minishell (minishell.c:106)
==46901==    by 0x109B15: main (minishell.c:146)
==46901== 
{
   <insert_a_suppression_name_here>
   Memcheck:Addr1
   fun:ft_strlen
   fun:ft_strdup
   fun:update_pwd
   fun:go_prev
   fun:ft_cd
   fun:exec_builtin
   fun:execute_nofork
   fun:exec
   fun:handle_commands
   fun:minishell
   fun:main
}
==46901== Invalid read of size 1
==46901==    at 0x111B9F: ft_strlcpy (ft_strlcpy.c:23)
==46901==    by 0x111A17: ft_strdup (ft_strdup.c:26)
==46901==    by 0x109BD5: update_pwd (cd.c:28)
==46901==    by 0x109F56: go_prev (cd.c:104)
==46901==    by 0x10A2CB: ft_cd (cd.c:158)
==46901==    by 0x10C792: exec_builtin (execute1.c:34)
==46901==    by 0x10C706: execute_nofork (execute1.c:21)
==46901==    by 0x10D06C: exec (execute.c:56)
==46901==    by 0x109890: handle_commands (minishell.c:80)
==46901==    by 0x1099AB: minishell (minishell.c:106)
==46901==    by 0x109B15: main (minishell.c:146)
==46901==  Address 0x4b95c80 is 0 bytes inside a block of size 26 free'd
==46901==    at 0x484B27F: free (in /usr/libexec/valgrind/vgpreload_memcheck-amd64-linux.so)
==46901==    by 0x109C1C: update_pwd (cd.c:33)
==46901==    by 0x109F56: go_prev (cd.c:104)
==46901==    by 0x10A2CB: ft_cd (cd.c:158)
==46901==    by 0x10C792: exec_builtin (execute1.c:34)
==46901==    by 0x10C706: execute_nofork (execute1.c:21)
==46901==    by 0x10D06C: exec (execute.c:56)
==46901==    by 0x109890: handle_commands (minishell.c:80)
==46901==    by 0x1099AB: minishell (minishell.c:106)
==46901==    by 0x109B15: main (minishell.c:146)
==46901==  Block was alloc'd at
==46901==    at 0x4848899: malloc (in /usr/libexec/valgrind/vgpreload_memcheck-amd64-linux.so)
==46901==    by 0x1119E9: ft_strdup (ft_strdup.c:21)
==46901==    by 0x109C28: update_pwd (cd.c:34)
==46901==    by 0x10A18A: go (cd.c:136)
==46901==    by 0x10A33B: ft_cd (cd.c:162)
==46901==    by 0x10C792: exec_builtin (execute1.c:34)
==46901==    by 0x10C706: execute_nofork (execute1.c:21)
==46901==    by 0x10D06C: exec (execute.c:56)
==46901==    by 0x109890: handle_commands (minishell.c:80)
==46901==    by 0x1099AB: minishell (minishell.c:106)
==46901==    by 0x109B15: main (minishell.c:146)
==46901== 
{
   <insert_a_suppression_name_here>
   Memcheck:Addr1
   fun:ft_strlcpy
   fun:ft_strdup
   fun:update_pwd
   fun:go_prev
   fun:ft_cd
   fun:exec_builtin
   fun:execute_nofork
   fun:exec
   fun:handle_commands
   fun:minishell
   fun:main
}
==46901== Invalid read of size 1
==46901==    at 0x111B8C: ft_strlcpy (ft_strlcpy.c:25)
==46901==    by 0x111A17: ft_strdup (ft_strdup.c:26)
==46901==    by 0x109BD5: update_pwd (cd.c:28)
==46901==    by 0x109F56: go_prev (cd.c:104)
==46901==    by 0x10A2CB: ft_cd (cd.c:158)
==46901==    by 0x10C792: exec_builtin (execute1.c:34)
==46901==    by 0x10C706: execute_nofork (execute1.c:21)
==46901==    by 0x10D06C: exec (execute.c:56)
==46901==    by 0x109890: handle_commands (minishell.c:80)
==46901==    by 0x1099AB: minishell (minishell.c:106)
==46901==    by 0x109B15: main (minishell.c:146)
==46901==  Address 0x4b95c80 is 0 bytes inside a block of size 26 free'd
==46901==    at 0x484B27F: free (in /usr/libexec/valgrind/vgpreload_memcheck-amd64-linux.so)
==46901==    by 0x109C1C: update_pwd (cd.c:33)
==46901==    by 0x109F56: go_prev (cd.c:104)
==46901==    by 0x10A2CB: ft_cd (cd.c:158)
==46901==    by 0x10C792: exec_builtin (execute1.c:34)
==46901==    by 0x10C706: execute_nofork (execute1.c:21)
==46901==    by 0x10D06C: exec (execute.c:56)
==46901==    by 0x109890: handle_commands (minishell.c:80)
==46901==    by 0x1099AB: minishell (minishell.c:106)
==46901==    by 0x109B15: main (minishell.c:146)
==46901==  Block was alloc'd at
==46901==    at 0x4848899: malloc (in /usr/libexec/valgrind/vgpreload_memcheck-amd64-linux.so)
==46901==    by 0x1119E9: ft_strdup (ft_strdup.c:21)
==46901==    by 0x109C28: update_pwd (cd.c:34)
==46901==    by 0x10A18A: go (cd.c:136)
==46901==    by 0x10A33B: ft_cd (cd.c:162)
==46901==    by 0x10C792: exec_builtin (execute1.c:34)
==46901==    by 0x10C706: execute_nofork (execute1.c:21)
==46901==    by 0x10D06C: exec (execute.c:56)
==46901==    by 0x109890: handle_commands (minishell.c:80)
==46901==    by 0x1099AB: minishell (minishell.c:106)
==46901==    by 0x109B15: main (minishell.c:146)
==46901== 
{
   <insert_a_suppression_name_here>
   Memcheck:Addr1
   fun:ft_strlcpy
   fun:ft_strdup
   fun:update_pwd
   fun:go_prev
   fun:ft_cd
   fun:exec_builtin
   fun:execute_nofork
   fun:exec
   fun:handle_commands
   fun:minishell
   fun:main
}
==46901== Invalid read of size 1
==46901==    at 0x111BFC: ft_strlen (ft_strlen.c:20)
==46901==    by 0x111BCC: ft_strlcpy (ft_strlcpy.c:30)
==46901==    by 0x111A17: ft_strdup (ft_strdup.c:26)
==46901==    by 0x109BD5: update_pwd (cd.c:28)
==46901==    by 0x109F56: go_prev (cd.c:104)
==46901==    by 0x10A2CB: ft_cd (cd.c:158)
==46901==    by 0x10C792: exec_builtin (execute1.c:34)
==46901==    by 0x10C706: execute_nofork (execute1.c:21)
==46901==    by 0x10D06C: exec (execute.c:56)
==46901==    by 0x109890: handle_commands (minishell.c:80)
==46901==    by 0x1099AB: minishell (minishell.c:106)
==46901==    by 0x109B15: main (minishell.c:146)
==46901==  Address 0x4b95c80 is 0 bytes inside a block of size 26 free'd
==46901==    at 0x484B27F: free (in /usr/libexec/valgrind/vgpreload_memcheck-amd64-linux.so)
==46901==    by 0x109C1C: update_pwd (cd.c:33)
==46901==    by 0x109F56: go_prev (cd.c:104)
==46901==    by 0x10A2CB: ft_cd (cd.c:158)
==46901==    by 0x10C792: exec_builtin (execute1.c:34)
==46901==    by 0x10C706: execute_nofork (execute1.c:21)
==46901==    by 0x10D06C: exec (execute.c:56)
==46901==    by 0x109890: handle_commands (minishell.c:80)
==46901==    by 0x1099AB: minishell (minishell.c:106)
==46901==    by 0x109B15: main (minishell.c:146)
==46901==  Block was alloc'd at
==46901==    at 0x4848899: malloc (in /usr/libexec/valgrind/vgpreload_memcheck-amd64-linux.so)
==46901==    by 0x1119E9: ft_strdup (ft_strdup.c:21)
==46901==    by 0x109C28: update_pwd (cd.c:34)
==46901==    by 0x10A18A: go (cd.c:136)
==46901==    by 0x10A33B: ft_cd (cd.c:162)
==46901==    by 0x10C792: exec_builtin (execute1.c:34)
==46901==    by 0x10C706: execute_nofork (execute1.c:21)
==46901==    by 0x10D06C: exec (execute.c:56)
==46901==    by 0x109890: handle_commands (minishell.c:80)
==46901==    by 0x1099AB: minishell (minishell.c:106)
==46901==    by 0x109B15: main (minishell.c:146)
==46901== 
{
   <insert_a_suppression_name_here>
   Memcheck:Addr1
   fun:ft_strlen
   fun:ft_strlcpy
   fun:ft_strdup
   fun:update_pwd
   fun:go_prev
   fun:ft_cd
   fun:exec_builtin
   fun:execute_nofork
   fun:exec
   fun:handle_commands
   fun:minishell
   fun:main
}
==46901== 
==46901== HEAP SUMMARY:
==46901==     in use at exit: 221,298 bytes in 684 blocks
==46901==   total heap usage: 2,372 allocs, 1,688 frees, 294,844 bytes allocated
==46901== 
==46901== 1 bytes in 1 blocks are definitely lost in loss record 1 of 73
==46901==    at 0x4848899: malloc (in /usr/libexec/valgrind/vgpreload_memcheck-amd64-linux.so)
==46901==    by 0x1105B7: ft_calloc (ft_calloc.c:28)
==46901==    by 0x10D92A: handle_exp (expander.c:93)
==46901==    by 0x10DAA2: expand_lexeme (expander.c:124)
==46901==    by 0x10E9C2: ft_expand_lexeme_list (lexemes.c:57)
==46901==    by 0x10979F: handle_commands (minishell.c:67)
==46901==    by 0x1099AB: minishell (minishell.c:106)
==46901==    by 0x109B15: main (minishell.c:146)
==46901== 
{
   <insert_a_suppression_name_here>
   Memcheck:Leak
   match-leak-kinds: definite
   fun:malloc
   fun:ft_calloc
   fun:handle_exp
   fun:expand_lexeme
   fun:ft_expand_lexeme_list
   fun:handle_commands
   fun:minishell
   fun:main
}
==46901== 8 bytes in 1 blocks are still reachable in loss record 2 of 73
==46901==    at 0x4848899: malloc (in /usr/libexec/valgrind/vgpreload_memcheck-amd64-linux.so)
==46901==    by 0x497358E: strdup (strdup.c:42)
==46901==    by 0x4B11D17: _nc_trim_sgr0 (in /usr/lib/x86_64-linux-gnu/libtinfo.so.6.3)
==46901==    by 0x4B106A8: tgetent_sp (in /usr/lib/x86_64-linux-gnu/libtinfo.so.6.3)
==46901==    by 0x48AC1CD: _rl_init_terminal_io (in /usr/lib/x86_64-linux-gnu/libreadline.so.8.1)
==46901==    by 0x4898A0F: rl_initialize (in /usr/lib/x86_64-linux-gnu/libreadline.so.8.1)
==46901==    by 0x4898CD4: readline (in /usr/lib/x86_64-linux-gnu/libreadline.so.8.1)
==46901==    by 0x1098F4: minishell (minishell.c:94)
==46901==    by 0x109B15: main (minishell.c:146)
==46901== 
{
   <insert_a_suppression_name_here>
   Memcheck:Leak
   match-leak-kinds: reachable
   fun:malloc
   fun:strdup
   fun:_nc_trim_sgr0
   fun:tgetent_sp
   fun:_rl_init_terminal_io
   fun:rl_initialize
   fun:readline
   fun:minishell
   fun:main
}
==46901== 8 bytes in 1 blocks are still reachable in loss record 3 of 73
==46901==    at 0x484DCD3: realloc (in /usr/libexec/valgrind/vgpreload_memcheck-amd64-linux.so)
==46901==    by 0x48B1491: xrealloc (in /usr/lib/x86_64-linux-gnu/libreadline.so.8.1)
==46901==    by 0x489D626: ??? (in /usr/lib/x86_64-linux-gnu/libreadline.so.8.1)
==46901==    by 0x489DE0D: rl_expand_prompt (in /usr/lib/x86_64-linux-gnu/libreadline.so.8.1)
==46901==    by 0x488D1BF: rl_set_prompt (in /usr/lib/x86_64-linux-gnu/libreadline.so.8.1)
==46901==    by 0x4898CCF: readline (in /usr/lib/x86_64-linux-gnu/libreadline.so.8.1)
==46901==    by 0x1098F4: minishell (minishell.c:94)
==46901==    by 0x109B15: main (minishell.c:146)
==46901== 
{
   <insert_a_suppression_name_here>
   Memcheck:Leak
   match-leak-kinds: reachable
   fun:realloc
   fun:xrealloc
   obj:/usr/lib/x86_64-linux-gnu/libreadline.so.8.1
   fun:rl_expand_prompt
   fun:rl_set_prompt
   fun:readline
   fun:minishell
   fun:main
}
==46901== 8 bytes in 1 blocks are definitely lost in loss record 4 of 73
==46901==    at 0x4848899: malloc (in /usr/libexec/valgrind/vgpreload_memcheck-amd64-linux.so)
==46901==    by 0x109A36: init_envs (minishell.c:120)
==46901==    by 0x109AF3: main (minishell.c:143)
==46901== 
{
   <insert_a_suppression_name_here>
   Memcheck:Leak
   match-leak-kinds: definite
   fun:malloc
   fun:init_envs
   fun:main
}
==46901== 9 bytes in 1 blocks are still reachable in loss record 5 of 73
==46901==    at 0x4848899: malloc (in /usr/libexec/valgrind/vgpreload_memcheck-amd64-linux.so)
==46901==    by 0x497358E: strdup (strdup.c:42)
==46901==    by 0x4B03377: ??? (in /usr/lib/x86_64-linux-gnu/libtinfo.so.6.3)
==46901==    by 0x4B05BF8: _nc_first_db (in /usr/lib/x86_64-linux-gnu/libtinfo.so.6.3)
==46901==    by 0x4B0F696: _nc_read_entry2 (in /usr/lib/x86_64-linux-gnu/libtinfo.so.6.3)
==46901==    by 0x4B0F711: ??? (in /usr/lib/x86_64-linux-gnu/libtinfo.so.6.3)
==46901==    by 0x4B0F866: _nc_setupterm (in /usr/lib/x86_64-linux-gnu/libtinfo.so.6.3)
==46901==    by 0x4B104C9: tgetent_sp (in /usr/lib/x86_64-linux-gnu/libtinfo.so.6.3)
==46901==    by 0x48AC1CD: _rl_init_terminal_io (in /usr/lib/x86_64-linux-gnu/libreadline.so.8.1)
==46901==    by 0x4898A0F: rl_initialize (in /usr/lib/x86_64-linux-gnu/libreadline.so.8.1)
==46901==    by 0x4898CD4: readline (in /usr/lib/x86_64-linux-gnu/libreadline.so.8.1)
==46901==    by 0x1098F4: minishell (minishell.c:94)
==46901== 
{
   <insert_a_suppression_name_here>
   Memcheck:Leak
   match-leak-kinds: reachable
   fun:malloc
   fun:strdup
   obj:/usr/lib/x86_64-linux-gnu/libtinfo.so.6.3
   fun:_nc_first_db
   fun:_nc_read_entry2
   obj:/usr/lib/x86_64-linux-gnu/libtinfo.so.6.3
   fun:_nc_setupterm
   fun:tgetent_sp
   fun:_rl_init_terminal_io
   fun:rl_initialize
   fun:readline
   fun:minishell
}
==46901== 13 bytes in 1 blocks are still reachable in loss record 6 of 73
==46901==    at 0x4848899: malloc (in /usr/libexec/valgrind/vgpreload_memcheck-amd64-linux.so)
==46901==    by 0x48B0BAC: xmalloc (in /usr/lib/x86_64-linux-gnu/libreadline.so.8.1)
==46901==    by 0x489EBF5: ??? (in /usr/lib/x86_64-linux-gnu/libreadline.so.8.1)
==46901==    by 0x4898A38: rl_initialize (in /usr/lib/x86_64-linux-gnu/libreadline.so.8.1)
==46901==    by 0x4898CD4: readline (in /usr/lib/x86_64-linux-gnu/libreadline.so.8.1)
==46901==    by 0x1098F4: minishell (minishell.c:94)
==46901==    by 0x109B15: main (minishell.c:146)
==46901== 
{
   <insert_a_suppression_name_here>
   Memcheck:Leak
   match-leak-kinds: reachable
   fun:malloc
   fun:xmalloc
   obj:/usr/lib/x86_64-linux-gnu/libreadline.so.8.1
   fun:rl_initialize
   fun:readline
   fun:minishell
   fun:main
}
==46901== 14 bytes in 1 blocks are still reachable in loss record 7 of 73
==46901==    at 0x484DCD3: realloc (in /usr/libexec/valgrind/vgpreload_memcheck-amd64-linux.so)
==46901==    by 0x4B046CC: _nc_doalloc (in /usr/lib/x86_64-linux-gnu/libtinfo.so.6.3)
==46901==    by 0x4B0B272: _nc_tiparm (in /usr/lib/x86_64-linux-gnu/libtinfo.so.6.3)
==46901==    by 0x4B11C7D: ??? (in /usr/lib/x86_64-linux-gnu/libtinfo.so.6.3)
==46901==    by 0x4B11D09: _nc_trim_sgr0 (in /usr/lib/x86_64-linux-gnu/libtinfo.so.6.3)
==46901==    by 0x4B106A8: tgetent_sp (in /usr/lib/x86_64-linux-gnu/libtinfo.so.6.3)
==46901==    by 0x48AC1CD: _rl_init_terminal_io (in /usr/lib/x86_64-linux-gnu/libreadline.so.8.1)
==46901==    by 0x4898A0F: rl_initialize (in /usr/lib/x86_64-linux-gnu/libreadline.so.8.1)
==46901==    by 0x4898CD4: readline (in /usr/lib/x86_64-linux-gnu/libreadline.so.8.1)
==46901==    by 0x1098F4: minishell (minishell.c:94)
==46901==    by 0x109B15: main (minishell.c:146)
==46901== 
{
   <insert_a_suppression_name_here>
   Memcheck:Leak
   match-leak-kinds: reachable
   fun:realloc
   fun:_nc_doalloc
   fun:_nc_tiparm
   obj:/usr/lib/x86_64-linux-gnu/libtinfo.so.6.3
   fun:_nc_trim_sgr0
   fun:tgetent_sp
   fun:_rl_init_terminal_io
   fun:rl_initialize
   fun:readline
   fun:minishell
   fun:main
}
==46901== 15 bytes in 1 blocks are still reachable in loss record 8 of 73
==46901==    at 0x4848899: malloc (in /usr/libexec/valgrind/vgpreload_memcheck-amd64-linux.so)
==46901==    by 0x497358E: strdup (strdup.c:42)
==46901==    by 0x4B0F8AE: _nc_setupterm (in /usr/lib/x86_64-linux-gnu/libtinfo.so.6.3)
==46901==    by 0x4B104C9: tgetent_sp (in /usr/lib/x86_64-linux-gnu/libtinfo.so.6.3)
==46901==    by 0x48AC1CD: _rl_init_terminal_io (in /usr/lib/x86_64-linux-gnu/libreadline.so.8.1)
==46901==    by 0x4898A0F: rl_initialize (in /usr/lib/x86_64-linux-gnu/libreadline.so.8.1)
==46901==    by 0x4898CD4: readline (in /usr/lib/x86_64-linux-gnu/libreadline.so.8.1)
==46901==    by 0x1098F4: minishell (minishell.c:94)
==46901==    by 0x109B15: main (minishell.c:146)
==46901== 
{
   <insert_a_suppression_name_here>
   Memcheck:Leak
   match-leak-kinds: reachable
   fun:malloc
   fun:strdup
   fun:_nc_setupterm
   fun:tgetent_sp
   fun:_rl_init_terminal_io
   fun:rl_initialize
   fun:readline
   fun:minishell
   fun:main
}
==46901== 16 bytes in 1 blocks are still reachable in loss record 9 of 73
==46901==    at 0x4848899: malloc (in /usr/libexec/valgrind/vgpreload_memcheck-amd64-linux.so)
==46901==    by 0x4898B26: rl_initialize (in /usr/lib/x86_64-linux-gnu/libreadline.so.8.1)
==46901==    by 0x4898CD4: readline (in /usr/lib/x86_64-linux-gnu/libreadline.so.8.1)
==46901==    by 0x1098F4: minishell (minishell.c:94)
==46901==    by 0x109B15: main (minishell.c:146)
==46901== 
{
   <insert_a_suppression_name_here>
   Memcheck:Leak
   match-leak-kinds: reachable
   fun:malloc
   fun:rl_initialize
   fun:readline
   fun:minishell
   fun:main
}
==46901== 20 bytes in 1 blocks are still reachable in loss record 10 of 73
==46901==    at 0x4848899: malloc (in /usr/libexec/valgrind/vgpreload_memcheck-amd64-linux.so)
==46901==    by 0x48B0BAC: xmalloc (in /usr/lib/x86_64-linux-gnu/libreadline.so.8.1)
==46901==    by 0x489BD8B: ??? (in /usr/lib/x86_64-linux-gnu/libreadline.so.8.1)
==46901==    by 0x489E6C9: rl_parse_and_bind (in /usr/lib/x86_64-linux-gnu/libreadline.so.8.1)
==46901==    by 0x489EB6C: ??? (in /usr/lib/x86_64-linux-gnu/libreadline.so.8.1)
==46901==    by 0x4898A38: rl_initialize (in /usr/lib/x86_64-linux-gnu/libreadline.so.8.1)
==46901==    by 0x4898CD4: readline (in /usr/lib/x86_64-linux-gnu/libreadline.so.8.1)
==46901==    by 0x1098F4: minishell (minishell.c:94)
==46901==    by 0x109B15: main (minishell.c:146)
==46901== 
{
   <insert_a_suppression_name_here>
   Memcheck:Leak
   match-leak-kinds: reachable
   fun:malloc
   fun:xmalloc
   obj:/usr/lib/x86_64-linux-gnu/libreadline.so.8.1
   fun:rl_parse_and_bind
   obj:/usr/lib/x86_64-linux-gnu/libreadline.so.8.1
   fun:rl_initialize
   fun:readline
   fun:minishell
   fun:main
}
==46901== 21 bytes in 1 blocks are still reachable in loss record 11 of 73
==46901==    at 0x4848899: malloc (in /usr/libexec/valgrind/vgpreload_memcheck-amd64-linux.so)
==46901==    by 0x4B05624: _nc_home_terminfo (in /usr/lib/x86_64-linux-gnu/libtinfo.so.6.3)
==46901==    by 0x4B05BE2: _nc_first_db (in /usr/lib/x86_64-linux-gnu/libtinfo.so.6.3)
==46901==    by 0x4B0F696: _nc_read_entry2 (in /usr/lib/x86_64-linux-gnu/libtinfo.so.6.3)
==46901==    by 0x4B0F711: ??? (in /usr/lib/x86_64-linux-gnu/libtinfo.so.6.3)
==46901==    by 0x4B0F866: _nc_setupterm (in /usr/lib/x86_64-linux-gnu/libtinfo.so.6.3)
==46901==    by 0x4B104C9: tgetent_sp (in /usr/lib/x86_64-linux-gnu/libtinfo.so.6.3)
==46901==    by 0x48AC1CD: _rl_init_terminal_io (in /usr/lib/x86_64-linux-gnu/libreadline.so.8.1)
==46901==    by 0x4898A0F: rl_initialize (in /usr/lib/x86_64-linux-gnu/libreadline.so.8.1)
==46901==    by 0x4898CD4: readline (in /usr/lib/x86_64-linux-gnu/libreadline.so.8.1)
==46901==    by 0x1098F4: minishell (minishell.c:94)
==46901==    by 0x109B15: main (minishell.c:146)
==46901== 
{
   <insert_a_suppression_name_here>
   Memcheck:Leak
   match-leak-kinds: reachable
   fun:malloc
   fun:_nc_home_terminfo
   fun:_nc_first_db
   fun:_nc_read_entry2
   obj:/usr/lib/x86_64-linux-gnu/libtinfo.so.6.3
   fun:_nc_setupterm
   fun:tgetent_sp
   fun:_rl_init_terminal_io
   fun:rl_initialize
   fun:readline
   fun:minishell
   fun:main
}
==46901== 23 bytes in 1 blocks are still reachable in loss record 12 of 73
==46901==    at 0x4848899: malloc (in /usr/libexec/valgrind/vgpreload_memcheck-amd64-linux.so)
==46901==    by 0x48B0BAC: xmalloc (in /usr/lib/x86_64-linux-gnu/libreadline.so.8.1)
==46901==    by 0x488D1E3: rl_set_prompt (in /usr/lib/x86_64-linux-gnu/libreadline.so.8.1)
==46901==    by 0x4898CCF: readline (in /usr/lib/x86_64-linux-gnu/libreadline.so.8.1)
==46901==    by 0x1098F4: minishell (minishell.c:94)
==46901==    by 0x109B15: main (minishell.c:146)
==46901== 
{
   <insert_a_suppression_name_here>
   Memcheck:Leak
   match-leak-kinds: reachable
   fun:malloc
   fun:xmalloc
   fun:rl_set_prompt
   fun:readline
   fun:minishell
   fun:main
}
==46901== 23 bytes in 1 blocks are still reachable in loss record 13 of 73
==46901==    at 0x4848899: malloc (in /usr/libexec/valgrind/vgpreload_memcheck-amd64-linux.so)
==46901==    by 0x48B0BAC: xmalloc (in /usr/lib/x86_64-linux-gnu/libreadline.so.8.1)
==46901==    by 0x489D5F2: ??? (in /usr/lib/x86_64-linux-gnu/libreadline.so.8.1)
==46901==    by 0x489DE0D: rl_expand_prompt (in /usr/lib/x86_64-linux-gnu/libreadline.so.8.1)
==46901==    by 0x488D1BF: rl_set_prompt (in /usr/lib/x86_64-linux-gnu/libreadline.so.8.1)
==46901==    by 0x4898CCF: readline (in /usr/lib/x86_64-linux-gnu/libreadline.so.8.1)
==46901==    by 0x1098F4: minishell (minishell.c:94)
==46901==    by 0x109B15: main (minishell.c:146)
==46901== 
{
   <insert_a_suppression_name_here>
   Memcheck:Leak
   match-leak-kinds: reachable
   fun:malloc
   fun:xmalloc
   obj:/usr/lib/x86_64-linux-gnu/libreadline.so.8.1
   fun:rl_expand_prompt
   fun:rl_set_prompt
   fun:readline
   fun:minishell
   fun:main
}
==46901== 24 bytes in 1 blocks are still reachable in loss record 14 of 73
==46901==    at 0x4848899: malloc (in /usr/libexec/valgrind/vgpreload_memcheck-amd64-linux.so)
==46901==    by 0x49EAF34: tsearch (tsearch.c:337)
==46901==    by 0x4B07D6E: ??? (in /usr/lib/x86_64-linux-gnu/libtinfo.so.6.3)
==46901==    by 0x4B0B098: _nc_tiparm (in /usr/lib/x86_64-linux-gnu/libtinfo.so.6.3)
==46901==    by 0x4B11C7D: ??? (in /usr/lib/x86_64-linux-gnu/libtinfo.so.6.3)
==46901==    by 0x4B11D09: _nc_trim_sgr0 (in /usr/lib/x86_64-linux-gnu/libtinfo.so.6.3)
==46901==    by 0x4B106A8: tgetent_sp (in /usr/lib/x86_64-linux-gnu/libtinfo.so.6.3)
==46901==    by 0x48AC1CD: _rl_init_terminal_io (in /usr/lib/x86_64-linux-gnu/libreadline.so.8.1)
==46901==    by 0x4898A0F: rl_initialize (in /usr/lib/x86_64-linux-gnu/libreadline.so.8.1)
==46901==    by 0x4898CD4: readline (in /usr/lib/x86_64-linux-gnu/libreadline.so.8.1)
==46901==    by 0x1098F4: minishell (minishell.c:94)
==46901==    by 0x109B15: main (minishell.c:146)
==46901== 
{
   <insert_a_suppression_name_here>
   Memcheck:Leak
   match-leak-kinds: reachable
   fun:malloc
   fun:tsearch
   obj:/usr/lib/x86_64-linux-gnu/libtinfo.so.6.3
   fun:_nc_tiparm
   obj:/usr/lib/x86_64-linux-gnu/libtinfo.so.6.3
   fun:_nc_trim_sgr0
   fun:tgetent_sp
   fun:_rl_init_terminal_io
   fun:rl_initialize
   fun:readline
   fun:minishell
   fun:main
}
==46901== 30 bytes in 1 blocks are definitely lost in loss record 15 of 73
==46901==    at 0x484DCD3: realloc (in /usr/libexec/valgrind/vgpreload_memcheck-amd64-linux.so)
==46901==    by 0x49E07BC: getcwd (getcwd.c:86)
==46901==    by 0x10A148: go (cd.c:133)
==46901==    by 0x10A33B: ft_cd (cd.c:162)
==46901==    by 0x10C792: exec_builtin (execute1.c:34)
==46901==    by 0x10C706: execute_nofork (execute1.c:21)
==46901==    by 0x10D06C: exec (execute.c:56)
==46901==    by 0x109890: handle_commands (minishell.c:80)
==46901==    by 0x1099AB: minishell (minishell.c:106)
==46901==    by 0x109B15: main (minishell.c:146)
==46901== 
{
   <insert_a_suppression_name_here>
   Memcheck:Leak
   match-leak-kinds: definite
   fun:realloc
   fun:getcwd
   fun:go
   fun:ft_cd
   fun:exec_builtin
   fun:execute_nofork
   fun:exec
   fun:handle_commands
   fun:minishell
   fun:main
}
==46901== 46 bytes in 1 blocks are still reachable in loss record 16 of 73
==46901==    at 0x484DCD3: realloc (in /usr/libexec/valgrind/vgpreload_memcheck-amd64-linux.so)
==46901==    by 0x4B046CC: _nc_doalloc (in /usr/lib/x86_64-linux-gnu/libtinfo.so.6.3)
==46901==    by 0x4B0F16F: _nc_read_termtype (in /usr/lib/x86_64-linux-gnu/libtinfo.so.6.3)
==46901==    by 0x4B0F52A: ??? (in /usr/lib/x86_64-linux-gnu/libtinfo.so.6.3)
==46901==    by 0x4B11C40: ??? (in /usr/lib/x86_64-linux-gnu/libtinfo.so.6.3)
==46901==    by 0x4B0F6BB: _nc_read_entry2 (in /usr/lib/x86_64-linux-gnu/libtinfo.so.6.3)
==46901==    by 0x4B0F711: ??? (in /usr/lib/x86_64-linux-gnu/libtinfo.so.6.3)
==46901==    by 0x4B0F866: _nc_setupterm (in /usr/lib/x86_64-linux-gnu/libtinfo.so.6.3)
==46901==    by 0x4B104C9: tgetent_sp (in /usr/lib/x86_64-linux-gnu/libtinfo.so.6.3)
==46901==    by 0x48AC1CD: _rl_init_terminal_io (in /usr/lib/x86_64-linux-gnu/libreadline.so.8.1)
==46901==    by 0x4898A0F: rl_initialize (in /usr/lib/x86_64-linux-gnu/libreadline.so.8.1)
==46901==    by 0x4898CD4: readline (in /usr/lib/x86_64-linux-gnu/libreadline.so.8.1)
==46901== 
{
   <insert_a_suppression_name_here>
   Memcheck:Leak
   match-leak-kinds: reachable
   fun:realloc
   fun:_nc_doalloc
   fun:_nc_read_termtype
   obj:/usr/lib/x86_64-linux-gnu/libtinfo.so.6.3
   obj:/usr/lib/x86_64-linux-gnu/libtinfo.so.6.3
   fun:_nc_read_entry2
   obj:/usr/lib/x86_64-linux-gnu/libtinfo.so.6.3
   fun:_nc_setupterm
   fun:tgetent_sp
   fun:_rl_init_terminal_io
   fun:rl_initialize
   fun:readline
}
==46901== 46 bytes in 1 blocks are still reachable in loss record 17 of 73
==46901==    at 0x4848899: malloc (in /usr/libexec/valgrind/vgpreload_memcheck-amd64-linux.so)
==46901==    by 0x4B03FDE: ??? (in /usr/lib/x86_64-linux-gnu/libtinfo.so.6.3)
==46901==    by 0x4B0F87D: _nc_setupterm (in /usr/lib/x86_64-linux-gnu/libtinfo.so.6.3)
==46901==    by 0x4B104C9: tgetent_sp (in /usr/lib/x86_64-linux-gnu/libtinfo.so.6.3)
==46901==    by 0x48AC1CD: _rl_init_terminal_io (in /usr/lib/x86_64-linux-gnu/libreadline.so.8.1)
==46901==    by 0x4898A0F: rl_initialize (in /usr/lib/x86_64-linux-gnu/libreadline.so.8.1)
==46901==    by 0x4898CD4: readline (in /usr/lib/x86_64-linux-gnu/libreadline.so.8.1)
==46901==    by 0x1098F4: minishell (minishell.c:94)
==46901==    by 0x109B15: main (minishell.c:146)
==46901== 
{
   <insert_a_suppression_name_here>
   Memcheck:Leak
   match-leak-kinds: reachable
   fun:malloc
   obj:/usr/lib/x86_64-linux-gnu/libtinfo.so.6.3
   fun:_nc_setupterm
   fun:tgetent_sp
   fun:_rl_init_terminal_io
   fun:rl_initialize
   fun:readline
   fun:minishell
   fun:main
}
==46901== 48 bytes in 1 blocks are still reachable in loss record 18 of 73
==46901==    at 0x484DA83: calloc (in /usr/libexec/valgrind/vgpreload_memcheck-amd64-linux.so)
==46901==    by 0x4B05833: _nc_first_db (in /usr/lib/x86_64-linux-gnu/libtinfo.so.6.3)
==46901==    by 0x4B0F696: _nc_read_entry2 (in /usr/lib/x86_64-linux-gnu/libtinfo.so.6.3)
==46901==    by 0x4B0F711: ??? (in /usr/lib/x86_64-linux-gnu/libtinfo.so.6.3)
==46901==    by 0x4B0F866: _nc_setupterm (in /usr/lib/x86_64-linux-gnu/libtinfo.so.6.3)
==46901==    by 0x4B104C9: tgetent_sp (in /usr/lib/x86_64-linux-gnu/libtinfo.so.6.3)
==46901==    by 0x48AC1CD: _rl_init_terminal_io (in /usr/lib/x86_64-linux-gnu/libreadline.so.8.1)
==46901==    by 0x4898A0F: rl_initialize (in /usr/lib/x86_64-linux-gnu/libreadline.so.8.1)
==46901==    by 0x4898CD4: readline (in /usr/lib/x86_64-linux-gnu/libreadline.so.8.1)
==46901==    by 0x1098F4: minishell (minishell.c:94)
==46901==    by 0x109B15: main (minishell.c:146)
==46901== 
{
   <insert_a_suppression_name_here>
   Memcheck:Leak
   match-leak-kinds: reachable
   fun:calloc
   fun:_nc_first_db
   fun:_nc_read_entry2
   obj:/usr/lib/x86_64-linux-gnu/libtinfo.so.6.3
   fun:_nc_setupterm
   fun:tgetent_sp
   fun:_rl_init_terminal_io
   fun:rl_initialize
   fun:readline
   fun:minishell
   fun:main
}
==46901== 74 bytes in 11 blocks are still reachable in loss record 19 of 73
==46901==    at 0x4848899: malloc (in /usr/libexec/valgrind/vgpreload_memcheck-amd64-linux.so)
==46901==    by 0x48B0BAC: xmalloc (in /usr/lib/x86_64-linux-gnu/libreadline.so.8.1)
==46901==    by 0x48A7B39: alloc_history_entry (in /usr/lib/x86_64-linux-gnu/libreadline.so.8.1)
==46901==    by 0x48A9F65: add_history (in /usr/lib/x86_64-linux-gnu/libreadline.so.8.1)
==46901==    by 0x10E85E: ft_add_cmd_to_history (history.c:19)
==46901==    by 0x109928: minishell (minishell.c:97)
==46901==    by 0x109B15: main (minishell.c:146)
==46901== 
{
   <insert_a_suppression_name_here>
   Memcheck:Leak
   match-leak-kinds: reachable
   fun:malloc
   fun:xmalloc
   fun:alloc_history_entry
   fun:add_history
   fun:ft_add_cmd_to_history
   fun:minishell
   fun:main
}
==46901== 78 bytes in 1 blocks are still reachable in loss record 20 of 73
==46901==    at 0x4848899: malloc (in /usr/libexec/valgrind/vgpreload_memcheck-amd64-linux.so)
==46901==    by 0x4B0404B: ??? (in /usr/lib/x86_64-linux-gnu/libtinfo.so.6.3)
==46901==    by 0x4B0F87D: _nc_setupterm (in /usr/lib/x86_64-linux-gnu/libtinfo.so.6.3)
==46901==    by 0x4B104C9: tgetent_sp (in /usr/lib/x86_64-linux-gnu/libtinfo.so.6.3)
==46901==    by 0x48AC1CD: _rl_init_terminal_io (in /usr/lib/x86_64-linux-gnu/libreadline.so.8.1)
==46901==    by 0x4898A0F: rl_initialize (in /usr/lib/x86_64-linux-gnu/libreadline.so.8.1)
==46901==    by 0x4898CD4: readline (in /usr/lib/x86_64-linux-gnu/libreadline.so.8.1)
==46901==    by 0x1098F4: minishell (minishell.c:94)
==46901==    by 0x109B15: main (minishell.c:146)
==46901== 
{
   <insert_a_suppression_name_here>
   Memcheck:Leak
   match-leak-kinds: reachable
   fun:malloc
   obj:/usr/lib/x86_64-linux-gnu/libtinfo.so.6.3
   fun:_nc_setupterm
   fun:tgetent_sp
   fun:_rl_init_terminal_io
   fun:rl_initialize
   fun:readline
   fun:minishell
   fun:main
}
==46901== 90 bytes in 1 blocks are still reachable in loss record 21 of 73
==46901==    at 0x4848899: malloc (in /usr/libexec/valgrind/vgpreload_memcheck-amd64-linux.so)
==46901==    by 0x4B0579A: _nc_first_db (in /usr/lib/x86_64-linux-gnu/libtinfo.so.6.3)
==46901==    by 0x4B0F696: _nc_read_entry2 (in /usr/lib/x86_64-linux-gnu/libtinfo.so.6.3)
==46901==    by 0x4B0F711: ??? (in /usr/lib/x86_64-linux-gnu/libtinfo.so.6.3)
==46901==    by 0x4B0F866: _nc_setupterm (in /usr/lib/x86_64-linux-gnu/libtinfo.so.6.3)
==46901==    by 0x4B104C9: tgetent_sp (in /usr/lib/x86_64-linux-gnu/libtinfo.so.6.3)
==46901==    by 0x48AC1CD: _rl_init_terminal_io (in /usr/lib/x86_64-linux-gnu/libreadline.so.8.1)
==46901==    by 0x4898A0F: rl_initialize (in /usr/lib/x86_64-linux-gnu/libreadline.so.8.1)
==46901==    by 0x4898CD4: readline (in /usr/lib/x86_64-linux-gnu/libreadline.so.8.1)
==46901==    by 0x1098F4: minishell (minishell.c:94)
==46901==    by 0x109B15: main (minishell.c:146)
==46901== 
{
   <insert_a_suppression_name_here>
   Memcheck:Leak
   match-leak-kinds: reachable
   fun:malloc
   fun:_nc_first_db
   fun:_nc_read_entry2
   obj:/usr/lib/x86_64-linux-gnu/libtinfo.so.6.3
   fun:_nc_setupterm
   fun:tgetent_sp
   fun:_rl_init_terminal_io
   fun:rl_initialize
   fun:readline
   fun:minishell
   fun:main
}
==46901== 93 bytes in 1 blocks are still reachable in loss record 22 of 73
==46901==    at 0x4848899: malloc (in /usr/libexec/valgrind/vgpreload_memcheck-amd64-linux.so)
==46901==    by 0x497358E: strdup (strdup.c:42)
==46901==    by 0x4B07D54: ??? (in /usr/lib/x86_64-linux-gnu/libtinfo.so.6.3)
==46901==    by 0x4B0B098: _nc_tiparm (in /usr/lib/x86_64-linux-gnu/libtinfo.so.6.3)
==46901==    by 0x4B11C7D: ??? (in /usr/lib/x86_64-linux-gnu/libtinfo.so.6.3)
==46901==    by 0x4B11D09: _nc_trim_sgr0 (in /usr/lib/x86_64-linux-gnu/libtinfo.so.6.3)
==46901==    by 0x4B106A8: tgetent_sp (in /usr/lib/x86_64-linux-gnu/libtinfo.so.6.3)
==46901==    by 0x48AC1CD: _rl_init_terminal_io (in /usr/lib/x86_64-linux-gnu/libreadline.so.8.1)
==46901==    by 0x4898A0F: rl_initialize (in /usr/lib/x86_64-linux-gnu/libreadline.so.8.1)
==46901==    by 0x4898CD4: readline (in /usr/lib/x86_64-linux-gnu/libreadline.so.8.1)
==46901==    by 0x1098F4: minishell (minishell.c:94)
==46901==    by 0x109B15: main (minishell.c:146)
==46901== 
{
   <insert_a_suppression_name_here>
   Memcheck:Leak
   match-leak-kinds: reachable
   fun:malloc
   fun:strdup
   obj:/usr/lib/x86_64-linux-gnu/libtinfo.so.6.3
   fun:_nc_tiparm
   obj:/usr/lib/x86_64-linux-gnu/libtinfo.so.6.3
   fun:_nc_trim_sgr0
   fun:tgetent_sp
   fun:_rl_init_terminal_io
   fun:rl_initialize
   fun:readline
   fun:minishell
   fun:main
}
==46901== 94 bytes in 1 blocks are still reachable in loss record 23 of 73
==46901==    at 0x4848899: malloc (in /usr/libexec/valgrind/vgpreload_memcheck-amd64-linux.so)
==46901==    by 0x4B0795B: _nc_tparm_analyze (in /usr/lib/x86_64-linux-gnu/libtinfo.so.6.3)
==46901==    by 0x4B07C62: ??? (in /usr/lib/x86_64-linux-gnu/libtinfo.so.6.3)
==46901==    by 0x4B0B098: _nc_tiparm (in /usr/lib/x86_64-linux-gnu/libtinfo.so.6.3)
==46901==    by 0x4B11C7D: ??? (in /usr/lib/x86_64-linux-gnu/libtinfo.so.6.3)
==46901==    by 0x4B11D09: _nc_trim_sgr0 (in /usr/lib/x86_64-linux-gnu/libtinfo.so.6.3)
==46901==    by 0x4B106A8: tgetent_sp (in /usr/lib/x86_64-linux-gnu/libtinfo.so.6.3)
==46901==    by 0x48AC1CD: _rl_init_terminal_io (in /usr/lib/x86_64-linux-gnu/libreadline.so.8.1)
==46901==    by 0x4898A0F: rl_initialize (in /usr/lib/x86_64-linux-gnu/libreadline.so.8.1)
==46901==    by 0x4898CD4: readline (in /usr/lib/x86_64-linux-gnu/libreadline.so.8.1)
==46901==    by 0x1098F4: minishell (minishell.c:94)
==46901==    by 0x109B15: main (minishell.c:146)
==46901== 
{
   <insert_a_suppression_name_here>
   Memcheck:Leak
   match-leak-kinds: reachable
   fun:malloc
   fun:_nc_tparm_analyze
   obj:/usr/lib/x86_64-linux-gnu/libtinfo.so.6.3
   fun:_nc_tiparm
   obj:/usr/lib/x86_64-linux-gnu/libtinfo.so.6.3
   fun:_nc_trim_sgr0
   fun:tgetent_sp
   fun:_rl_init_terminal_io
   fun:rl_initialize
   fun:readline
   fun:minishell
   fun:main
}
==46901== 132 bytes in 11 blocks are still reachable in loss record 24 of 73
==46901==    at 0x4848899: malloc (in /usr/libexec/valgrind/vgpreload_memcheck-amd64-linux.so)
==46901==    by 0x48B0BAC: xmalloc (in /usr/lib/x86_64-linux-gnu/libreadline.so.8.1)
==46901==    by 0x48A9F28: add_history (in /usr/lib/x86_64-linux-gnu/libreadline.so.8.1)
==46901==    by 0x10E85E: ft_add_cmd_to_history (history.c:19)
==46901==    by 0x109928: minishell (minishell.c:97)
==46901==    by 0x109B15: main (minishell.c:146)
==46901== 
{
   <insert_a_suppression_name_here>
   Memcheck:Leak
   match-leak-kinds: reachable
   fun:malloc
   fun:xmalloc
   fun:add_history
   fun:ft_add_cmd_to_history
   fun:minishell
   fun:main
}
==46901== 156 bytes in 1 blocks are still reachable in loss record 25 of 73
==46901==    at 0x484DCD3: realloc (in /usr/libexec/valgrind/vgpreload_memcheck-amd64-linux.so)
==46901==    by 0x4B046CC: _nc_doalloc (in /usr/lib/x86_64-linux-gnu/libtinfo.so.6.3)
==46901==    by 0x4B0F197: _nc_read_termtype (in /usr/lib/x86_64-linux-gnu/libtinfo.so.6.3)
==46901==    by 0x4B0F52A: ??? (in /usr/lib/x86_64-linux-gnu/libtinfo.so.6.3)
==46901==    by 0x4B11C40: ??? (in /usr/lib/x86_64-linux-gnu/libtinfo.so.6.3)
==46901==    by 0x4B0F6BB: _nc_read_entry2 (in /usr/lib/x86_64-linux-gnu/libtinfo.so.6.3)
==46901==    by 0x4B0F711: ??? (in /usr/lib/x86_64-linux-gnu/libtinfo.so.6.3)
==46901==    by 0x4B0F866: _nc_setupterm (in /usr/lib/x86_64-linux-gnu/libtinfo.so.6.3)
==46901==    by 0x4B104C9: tgetent_sp (in /usr/lib/x86_64-linux-gnu/libtinfo.so.6.3)
==46901==    by 0x48AC1CD: _rl_init_terminal_io (in /usr/lib/x86_64-linux-gnu/libreadline.so.8.1)
==46901==    by 0x4898A0F: rl_initialize (in /usr/lib/x86_64-linux-gnu/libreadline.so.8.1)
==46901==    by 0x4898CD4: readline (in /usr/lib/x86_64-linux-gnu/libreadline.so.8.1)
==46901== 
{
   <insert_a_suppression_name_here>
   Memcheck:Leak
   match-leak-kinds: reachable
   fun:realloc
   fun:_nc_doalloc
   fun:_nc_read_termtype
   obj:/usr/lib/x86_64-linux-gnu/libtinfo.so.6.3
   obj:/usr/lib/x86_64-linux-gnu/libtinfo.so.6.3
   fun:_nc_read_entry2
   obj:/usr/lib/x86_64-linux-gnu/libtinfo.so.6.3
   fun:_nc_setupterm
   fun:tgetent_sp
   fun:_rl_init_terminal_io
   fun:rl_initialize
   fun:readline
}
==46901== 168 bytes in 1 blocks are still reachable in loss record 26 of 73
==46901==    at 0x484DA83: calloc (in /usr/libexec/valgrind/vgpreload_memcheck-amd64-linux.so)
==46901==    by 0x4B07CCD: ??? (in /usr/lib/x86_64-linux-gnu/libtinfo.so.6.3)
==46901==    by 0x4B0B098: _nc_tiparm (in /usr/lib/x86_64-linux-gnu/libtinfo.so.6.3)
==46901==    by 0x4B11C7D: ??? (in /usr/lib/x86_64-linux-gnu/libtinfo.so.6.3)
==46901==    by 0x4B11D09: _nc_trim_sgr0 (in /usr/lib/x86_64-linux-gnu/libtinfo.so.6.3)
==46901==    by 0x4B106A8: tgetent_sp (in /usr/lib/x86_64-linux-gnu/libtinfo.so.6.3)
==46901==    by 0x48AC1CD: _rl_init_terminal_io (in /usr/lib/x86_64-linux-gnu/libreadline.so.8.1)
==46901==    by 0x4898A0F: rl_initialize (in /usr/lib/x86_64-linux-gnu/libreadline.so.8.1)
==46901==    by 0x4898CD4: readline (in /usr/lib/x86_64-linux-gnu/libreadline.so.8.1)
==46901==    by 0x1098F4: minishell (minishell.c:94)
==46901==    by 0x109B15: main (minishell.c:146)
==46901== 
{
   <insert_a_suppression_name_here>
   Memcheck:Leak
   match-leak-kinds: reachable
   fun:calloc
   obj:/usr/lib/x86_64-linux-gnu/libtinfo.so.6.3
   fun:_nc_tiparm
   obj:/usr/lib/x86_64-linux-gnu/libtinfo.so.6.3
   fun:_nc_trim_sgr0
   fun:tgetent_sp
   fun:_rl_init_terminal_io
   fun:rl_initialize
   fun:readline
   fun:minishell
   fun:main
}
==46901== 256 bytes in 1 blocks are still reachable in loss record 27 of 73
==46901==    at 0x4848899: malloc (in /usr/libexec/valgrind/vgpreload_memcheck-amd64-linux.so)
==46901==    by 0x48B0BAC: xmalloc (in /usr/lib/x86_64-linux-gnu/libreadline.so.8.1)
==46901==    by 0x4898C86: rl_initialize (in /usr/lib/x86_64-linux-gnu/libreadline.so.8.1)
==46901==    by 0x4898CD4: readline (in /usr/lib/x86_64-linux-gnu/libreadline.so.8.1)
==46901==    by 0x1098F4: minishell (minishell.c:94)
==46901==    by 0x109B15: main (minishell.c:146)
==46901== 
{
   <insert_a_suppression_name_here>
   Memcheck:Leak
   match-leak-kinds: reachable
   fun:malloc
   fun:xmalloc
   fun:rl_initialize
   fun:readline
   fun:minishell
   fun:main
}
==46901== 264 bytes in 11 blocks are still reachable in loss record 28 of 73
==46901==    at 0x4848899: malloc (in /usr/libexec/valgrind/vgpreload_memcheck-amd64-linux.so)
==46901==    by 0x48B0BAC: xmalloc (in /usr/lib/x86_64-linux-gnu/libreadline.so.8.1)
==46901==    by 0x48A7B1D: alloc_history_entry (in /usr/lib/x86_64-linux-gnu/libreadline.so.8.1)
==46901==    by 0x48A9F65: add_history (in /usr/lib/x86_64-linux-gnu/libreadline.so.8.1)
==46901==    by 0x10E85E: ft_add_cmd_to_history (history.c:19)
==46901==    by 0x109928: minishell (minishell.c:97)
==46901==    by 0x109B15: main (minishell.c:146)
==46901== 
{
   <insert_a_suppression_name_here>
   Memcheck:Leak
   match-leak-kinds: reachable
   fun:malloc
   fun:xmalloc
   fun:alloc_history_entry
   fun:add_history
   fun:ft_add_cmd_to_history
   fun:minishell
   fun:main
}
==46901== 608 bytes in 1 blocks are still reachable in loss record 29 of 73
==46901==    at 0x484DA83: calloc (in /usr/libexec/valgrind/vgpreload_memcheck-amd64-linux.so)
==46901==    by 0x4B0F37E: _nc_read_termtype (in /usr/lib/x86_64-linux-gnu/libtinfo.so.6.3)
==46901==    by 0x4B0F52A: ??? (in /usr/lib/x86_64-linux-gnu/libtinfo.so.6.3)
==46901==    by 0x4B11C40: ??? (in /usr/lib/x86_64-linux-gnu/libtinfo.so.6.3)
==46901==    by 0x4B0F6BB: _nc_read_entry2 (in /usr/lib/x86_64-linux-gnu/libtinfo.so.6.3)
==46901==    by 0x4B0F711: ??? (in /usr/lib/x86_64-linux-gnu/libtinfo.so.6.3)
==46901==    by 0x4B0F866: _nc_setupterm (in /usr/lib/x86_64-linux-gnu/libtinfo.so.6.3)
==46901==    by 0x4B104C9: tgetent_sp (in /usr/lib/x86_64-linux-gnu/libtinfo.so.6.3)
==46901==    by 0x48AC1CD: _rl_init_terminal_io (in /usr/lib/x86_64-linux-gnu/libreadline.so.8.1)
==46901==    by 0x4898A0F: rl_initialize (in /usr/lib/x86_64-linux-gnu/libreadline.so.8.1)
==46901==    by 0x4898CD4: readline (in /usr/lib/x86_64-linux-gnu/libreadline.so.8.1)
==46901==    by 0x1098F4: minishell (minishell.c:94)
==46901== 
{
   <insert_a_suppression_name_here>
   Memcheck:Leak
   match-leak-kinds: reachable
   fun:calloc
   fun:_nc_read_termtype
   obj:/usr/lib/x86_64-linux-gnu/libtinfo.so.6.3
   obj:/usr/lib/x86_64-linux-gnu/libtinfo.so.6.3
   fun:_nc_read_entry2
   obj:/usr/lib/x86_64-linux-gnu/libtinfo.so.6.3
   fun:_nc_setupterm
   fun:tgetent_sp
   fun:_rl_init_terminal_io
   fun:rl_initialize
   fun:readline
   fun:minishell
}
==46901== 608 bytes in 1 blocks are still reachable in loss record 30 of 73
==46901==    at 0x4848899: malloc (in /usr/libexec/valgrind/vgpreload_memcheck-amd64-linux.so)
==46901==    by 0x4B04119: ??? (in /usr/lib/x86_64-linux-gnu/libtinfo.so.6.3)
==46901==    by 0x4B0F87D: _nc_setupterm (in /usr/lib/x86_64-linux-gnu/libtinfo.so.6.3)
==46901==    by 0x4B104C9: tgetent_sp (in /usr/lib/x86_64-linux-gnu/libtinfo.so.6.3)
==46901==    by 0x48AC1CD: _rl_init_terminal_io (in /usr/lib/x86_64-linux-gnu/libreadline.so.8.1)
==46901==    by 0x4898A0F: rl_initialize (in /usr/lib/x86_64-linux-gnu/libreadline.so.8.1)
==46901==    by 0x4898CD4: readline (in /usr/lib/x86_64-linux-gnu/libreadline.so.8.1)
==46901==    by 0x1098F4: minishell (minishell.c:94)
==46901==    by 0x109B15: main (minishell.c:146)
==46901== 
{
   <insert_a_suppression_name_here>
   Memcheck:Leak
   match-leak-kinds: reachable
   fun:malloc
   obj:/usr/lib/x86_64-linux-gnu/libtinfo.so.6.3
   fun:_nc_setupterm
   fun:tgetent_sp
   fun:_rl_init_terminal_io
   fun:rl_initialize
   fun:readline
   fun:minishell
   fun:main
}
==46901== 760 bytes in 1 blocks are still reachable in loss record 31 of 73
==46901==    at 0x484DA83: calloc (in /usr/libexec/valgrind/vgpreload_memcheck-amd64-linux.so)
==46901==    by 0x4B0F819: _nc_setupterm (in /usr/lib/x86_64-linux-gnu/libtinfo.so.6.3)
==46901==    by 0x4B104C9: tgetent_sp (in /usr/lib/x86_64-linux-gnu/libtinfo.so.6.3)
==46901==    by 0x48AC1CD: _rl_init_terminal_io (in /usr/lib/x86_64-linux-gnu/libreadline.so.8.1)
==46901==    by 0x4898A0F: rl_initialize (in /usr/lib/x86_64-linux-gnu/libreadline.so.8.1)
==46901==    by 0x4898CD4: readline (in /usr/lib/x86_64-linux-gnu/libreadline.so.8.1)
==46901==    by 0x1098F4: minishell (minishell.c:94)
==46901==    by 0x109B15: main (minishell.c:146)
==46901== 
{
   <insert_a_suppression_name_here>
   Memcheck:Leak
   match-leak-kinds: reachable
   fun:calloc
   fun:_nc_setupterm
   fun:tgetent_sp
   fun:_rl_init_terminal_io
   fun:rl_initialize
   fun:readline
   fun:minishell
   fun:main
}
==46901== 940 bytes in 1 blocks are still reachable in loss record 32 of 73
==46901==    at 0x4848899: malloc (in /usr/libexec/valgrind/vgpreload_memcheck-amd64-linux.so)
==46901==    by 0x4B0F287: _nc_read_termtype (in /usr/lib/x86_64-linux-gnu/libtinfo.so.6.3)
==46901==    by 0x4B0F52A: ??? (in /usr/lib/x86_64-linux-gnu/libtinfo.so.6.3)
==46901==    by 0x4B11C40: ??? (in /usr/lib/x86_64-linux-gnu/libtinfo.so.6.3)
==46901==    by 0x4B0F6BB: _nc_read_entry2 (in /usr/lib/x86_64-linux-gnu/libtinfo.so.6.3)
==46901==    by 0x4B0F711: ??? (in /usr/lib/x86_64-linux-gnu/libtinfo.so.6.3)
==46901==    by 0x4B0F866: _nc_setupterm (in /usr/lib/x86_64-linux-gnu/libtinfo.so.6.3)
==46901==    by 0x4B104C9: tgetent_sp (in /usr/lib/x86_64-linux-gnu/libtinfo.so.6.3)
==46901==    by 0x48AC1CD: _rl_init_terminal_io (in /usr/lib/x86_64-linux-gnu/libreadline.so.8.1)
==46901==    by 0x4898A0F: rl_initialize (in /usr/lib/x86_64-linux-gnu/libreadline.so.8.1)
==46901==    by 0x4898CD4: readline (in /usr/lib/x86_64-linux-gnu/libreadline.so.8.1)
==46901==    by 0x1098F4: minishell (minishell.c:94)
==46901== 
{
   <insert_a_suppression_name_here>
   Memcheck:Leak
   match-leak-kinds: reachable
   fun:malloc
   fun:_nc_read_termtype
   obj:/usr/lib/x86_64-linux-gnu/libtinfo.so.6.3
   obj:/usr/lib/x86_64-linux-gnu/libtinfo.so.6.3
   fun:_nc_read_entry2
   obj:/usr/lib/x86_64-linux-gnu/libtinfo.so.6.3
   fun:_nc_setupterm
   fun:tgetent_sp
   fun:_rl_init_terminal_io
   fun:rl_initialize
   fun:readline
   fun:minishell
}
==46901== 1,024 bytes in 1 blocks are still reachable in loss record 33 of 73
==46901==    at 0x4848899: malloc (in /usr/libexec/valgrind/vgpreload_memcheck-amd64-linux.so)
==46901==    by 0x48B14A7: xrealloc (in /usr/lib/x86_64-linux-gnu/libreadline.so.8.1)
==46901==    by 0x489AC7B: ??? (in /usr/lib/x86_64-linux-gnu/libreadline.so.8.1)
==46901==    by 0x489AD67: ??? (in /usr/lib/x86_64-linux-gnu/libreadline.so.8.1)
==46901==    by 0x48A3C7E: rl_redisplay (in /usr/lib/x86_64-linux-gnu/libreadline.so.8.1)
==46901==    by 0x488E458: readline_internal_setup (in /usr/lib/x86_64-linux-gnu/libreadline.so.8.1)
==46901==    by 0x4898CF8: readline (in /usr/lib/x86_64-linux-gnu/libreadline.so.8.1)
==46901==    by 0x1098F4: minishell (minishell.c:94)
==46901==    by 0x109B15: main (minishell.c:146)
==46901== 
{
   <insert_a_suppression_name_here>
   Memcheck:Leak
   match-leak-kinds: reachable
   fun:malloc
   fun:xrealloc
   obj:/usr/lib/x86_64-linux-gnu/libreadline.so.8.1
   obj:/usr/lib/x86_64-linux-gnu/libreadline.so.8.1
   fun:rl_redisplay
   fun:readline_internal_setup
   fun:readline
   fun:minishell
   fun:main
}
==46901== 1,024 bytes in 1 blocks are still reachable in loss record 34 of 73
==46901==    at 0x4848899: malloc (in /usr/libexec/valgrind/vgpreload_memcheck-amd64-linux.so)
==46901==    by 0x48B14A7: xrealloc (in /usr/lib/x86_64-linux-gnu/libreadline.so.8.1)
==46901==    by 0x489AC8B: ??? (in /usr/lib/x86_64-linux-gnu/libreadline.so.8.1)
==46901==    by 0x489AD67: ??? (in /usr/lib/x86_64-linux-gnu/libreadline.so.8.1)
==46901==    by 0x48A3C7E: rl_redisplay (in /usr/lib/x86_64-linux-gnu/libreadline.so.8.1)
==46901==    by 0x488E458: readline_internal_setup (in /usr/lib/x86_64-linux-gnu/libreadline.so.8.1)
==46901==    by 0x4898CF8: readline (in /usr/lib/x86_64-linux-gnu/libreadline.so.8.1)
==46901==    by 0x1098F4: minishell (minishell.c:94)
==46901==    by 0x109B15: main (minishell.c:146)
==46901== 
{
   <insert_a_suppression_name_here>
   Memcheck:Leak
   match-leak-kinds: reachable
   fun:malloc
   fun:xrealloc
   obj:/usr/lib/x86_64-linux-gnu/libreadline.so.8.1
   obj:/usr/lib/x86_64-linux-gnu/libreadline.so.8.1
   fun:rl_redisplay
   fun:readline_internal_setup
   fun:readline
   fun:minishell
   fun:main
}
==46901== 1,024 bytes in 1 blocks are still reachable in loss record 35 of 73
==46901==    at 0x4848899: malloc (in /usr/libexec/valgrind/vgpreload_memcheck-amd64-linux.so)
==46901==    by 0x48B14A7: xrealloc (in /usr/lib/x86_64-linux-gnu/libreadline.so.8.1)
==46901==    by 0x489ACA2: ??? (in /usr/lib/x86_64-linux-gnu/libreadline.so.8.1)
==46901==    by 0x489AD67: ??? (in /usr/lib/x86_64-linux-gnu/libreadline.so.8.1)
==46901==    by 0x48A3C7E: rl_redisplay (in /usr/lib/x86_64-linux-gnu/libreadline.so.8.1)
==46901==    by 0x488E458: readline_internal_setup (in /usr/lib/x86_64-linux-gnu/libreadline.so.8.1)
==46901==    by 0x4898CF8: readline (in /usr/lib/x86_64-linux-gnu/libreadline.so.8.1)
==46901==    by 0x1098F4: minishell (minishell.c:94)
==46901==    by 0x109B15: main (minishell.c:146)
==46901== 
{
   <insert_a_suppression_name_here>
   Memcheck:Leak
   match-leak-kinds: reachable
   fun:malloc
   fun:xrealloc
   obj:/usr/lib/x86_64-linux-gnu/libreadline.so.8.1
   obj:/usr/lib/x86_64-linux-gnu/libreadline.so.8.1
   fun:rl_redisplay
   fun:readline_internal_setup
   fun:readline
   fun:minishell
   fun:main
}
==46901== 1,024 bytes in 1 blocks are still reachable in loss record 36 of 73
==46901==    at 0x4848899: malloc (in /usr/libexec/valgrind/vgpreload_memcheck-amd64-linux.so)
==46901==    by 0x48B14A7: xrealloc (in /usr/lib/x86_64-linux-gnu/libreadline.so.8.1)
==46901==    by 0x489ACBB: ??? (in /usr/lib/x86_64-linux-gnu/libreadline.so.8.1)
==46901==    by 0x489AD67: ??? (in /usr/lib/x86_64-linux-gnu/libreadline.so.8.1)
==46901==    by 0x48A3C7E: rl_redisplay (in /usr/lib/x86_64-linux-gnu/libreadline.so.8.1)
==46901==    by 0x488E458: readline_internal_setup (in /usr/lib/x86_64-linux-gnu/libreadline.so.8.1)
==46901==    by 0x4898CF8: readline (in /usr/lib/x86_64-linux-gnu/libreadline.so.8.1)
==46901==    by 0x1098F4: minishell (minishell.c:94)
==46901==    by 0x109B15: main (minishell.c:146)
==46901== 
{
   <insert_a_suppression_name_here>
   Memcheck:Leak
   match-leak-kinds: reachable
   fun:malloc
   fun:xrealloc
   obj:/usr/lib/x86_64-linux-gnu/libreadline.so.8.1
   obj:/usr/lib/x86_64-linux-gnu/libreadline.so.8.1
   fun:rl_redisplay
   fun:readline_internal_setup
   fun:readline
   fun:minishell
   fun:main
}
==46901== 1,024 bytes in 1 blocks are still reachable in loss record 37 of 73
==46901==    at 0x4848899: malloc (in /usr/libexec/valgrind/vgpreload_memcheck-amd64-linux.so)
==46901==    by 0x48B0BAC: xmalloc (in /usr/lib/x86_64-linux-gnu/libreadline.so.8.1)
==46901==    by 0x489ADC5: ??? (in /usr/lib/x86_64-linux-gnu/libreadline.so.8.1)
==46901==    by 0x48A3C7E: rl_redisplay (in /usr/lib/x86_64-linux-gnu/libreadline.so.8.1)
==46901==    by 0x488E458: readline_internal_setup (in /usr/lib/x86_64-linux-gnu/libreadline.so.8.1)
==46901==    by 0x4898CF8: readline (in /usr/lib/x86_64-linux-gnu/libreadline.so.8.1)
==46901==    by 0x1098F4: minishell (minishell.c:94)
==46901==    by 0x109B15: main (minishell.c:146)
==46901== 
{
   <insert_a_suppression_name_here>
   Memcheck:Leak
   match-leak-kinds: reachable
   fun:malloc
   fun:xmalloc
   obj:/usr/lib/x86_64-linux-gnu/libreadline.so.8.1
   fun:rl_redisplay
   fun:readline_internal_setup
   fun:readline
   fun:minishell
   fun:main
}
==46901== 1,024 bytes in 1 blocks are still reachable in loss record 38 of 73
==46901==    at 0x4848899: malloc (in /usr/libexec/valgrind/vgpreload_memcheck-amd64-linux.so)
==46901==    by 0x48B0BAC: xmalloc (in /usr/lib/x86_64-linux-gnu/libreadline.so.8.1)
==46901==    by 0x489ADDA: ??? (in /usr/lib/x86_64-linux-gnu/libreadline.so.8.1)
==46901==    by 0x48A3C7E: rl_redisplay (in /usr/lib/x86_64-linux-gnu/libreadline.so.8.1)
==46901==    by 0x488E458: readline_internal_setup (in /usr/lib/x86_64-linux-gnu/libreadline.so.8.1)
==46901==    by 0x4898CF8: readline (in /usr/lib/x86_64-linux-gnu/libreadline.so.8.1)
==46901==    by 0x1098F4: minishell (minishell.c:94)
==46901==    by 0x109B15: main (minishell.c:146)
==46901== 
{
   <insert_a_suppression_name_here>
   Memcheck:Leak
   match-leak-kinds: reachable
   fun:malloc
   fun:xmalloc
   obj:/usr/lib/x86_64-linux-gnu/libreadline.so.8.1
   fun:rl_redisplay
   fun:readline_internal_setup
   fun:readline
   fun:minishell
   fun:main
}
==46901== 1,024 bytes in 1 blocks are still reachable in loss record 39 of 73
==46901==    at 0x4848899: malloc (in /usr/libexec/valgrind/vgpreload_memcheck-amd64-linux.so)
==46901==    by 0x48B0BAC: xmalloc (in /usr/lib/x86_64-linux-gnu/libreadline.so.8.1)
==46901==    by 0x489ADE8: ??? (in /usr/lib/x86_64-linux-gnu/libreadline.so.8.1)
==46901==    by 0x48A3C7E: rl_redisplay (in /usr/lib/x86_64-linux-gnu/libreadline.so.8.1)
==46901==    by 0x488E458: readline_internal_setup (in /usr/lib/x86_64-linux-gnu/libreadline.so.8.1)
==46901==    by 0x4898CF8: readline (in /usr/lib/x86_64-linux-gnu/libreadline.so.8.1)
==46901==    by 0x1098F4: minishell (minishell.c:94)
==46901==    by 0x109B15: main (minishell.c:146)
==46901== 
{
   <insert_a_suppression_name_here>
   Memcheck:Leak
   match-leak-kinds: reachable
   fun:malloc
   fun:xmalloc
   obj:/usr/lib/x86_64-linux-gnu/libreadline.so.8.1
   fun:rl_redisplay
   fun:readline_internal_setup
   fun:readline
   fun:minishell
   fun:main
}
==46901== 1,024 bytes in 1 blocks are still reachable in loss record 40 of 73
==46901==    at 0x4848899: malloc (in /usr/libexec/valgrind/vgpreload_memcheck-amd64-linux.so)
==46901==    by 0x48B0BAC: xmalloc (in /usr/lib/x86_64-linux-gnu/libreadline.so.8.1)
==46901==    by 0x489ADF6: ??? (in /usr/lib/x86_64-linux-gnu/libreadline.so.8.1)
==46901==    by 0x48A3C7E: rl_redisplay (in /usr/lib/x86_64-linux-gnu/libreadline.so.8.1)
==46901==    by 0x488E458: readline_internal_setup (in /usr/lib/x86_64-linux-gnu/libreadline.so.8.1)
==46901==    by 0x4898CF8: readline (in /usr/lib/x86_64-linux-gnu/libreadline.so.8.1)
==46901==    by 0x1098F4: minishell (minishell.c:94)
==46901==    by 0x109B15: main (minishell.c:146)
==46901== 
{
   <insert_a_suppression_name_here>
   Memcheck:Leak
   match-leak-kinds: reachable
   fun:malloc
   fun:xmalloc
   obj:/usr/lib/x86_64-linux-gnu/libreadline.so.8.1
   fun:rl_redisplay
   fun:readline_internal_setup
   fun:readline
   fun:minishell
   fun:main
}
==46901== 1,536 bytes in 1 blocks are still reachable in loss record 41 of 73
==46901==    at 0x484DCD3: realloc (in /usr/libexec/valgrind/vgpreload_memcheck-amd64-linux.so)
==46901==    by 0x48B1491: xrealloc (in /usr/lib/x86_64-linux-gnu/libreadline.so.8.1)
==46901==    by 0x488E877: rl_add_funmap_entry (in /usr/lib/x86_64-linux-gnu/libreadline.so.8.1)
==46901==    by 0x488E8C8: rl_initialize_funmap (in /usr/lib/x86_64-linux-gnu/libreadline.so.8.1)
==46901==    by 0x4898A2C: rl_initialize (in /usr/lib/x86_64-linux-gnu/libreadline.so.8.1)
==46901==    by 0x4898CD4: readline (in /usr/lib/x86_64-linux-gnu/libreadline.so.8.1)
==46901==    by 0x1098F4: minishell (minishell.c:94)
==46901==    by 0x109B15: main (minishell.c:146)
==46901== 
{
   <insert_a_suppression_name_here>
   Memcheck:Leak
   match-leak-kinds: reachable
   fun:realloc
   fun:xrealloc
   fun:rl_add_funmap_entry
   fun:rl_initialize_funmap
   fun:rl_initialize
   fun:readline
   fun:minishell
   fun:main
}
==46901== 1,664 bytes in 1 blocks are still reachable in loss record 42 of 73
==46901==    at 0x4848899: malloc (in /usr/libexec/valgrind/vgpreload_memcheck-amd64-linux.so)
==46901==    by 0x4B0EACD: _nc_read_termtype (in /usr/lib/x86_64-linux-gnu/libtinfo.so.6.3)
==46901==    by 0x4B0F52A: ??? (in /usr/lib/x86_64-linux-gnu/libtinfo.so.6.3)
==46901==    by 0x4B11C40: ??? (in /usr/lib/x86_64-linux-gnu/libtinfo.so.6.3)
==46901==    by 0x4B0F6BB: _nc_read_entry2 (in /usr/lib/x86_64-linux-gnu/libtinfo.so.6.3)
==46901==    by 0x4B0F711: ??? (in /usr/lib/x86_64-linux-gnu/libtinfo.so.6.3)
==46901==    by 0x4B0F866: _nc_setupterm (in /usr/lib/x86_64-linux-gnu/libtinfo.so.6.3)
==46901==    by 0x4B104C9: tgetent_sp (in /usr/lib/x86_64-linux-gnu/libtinfo.so.6.3)
==46901==    by 0x48AC1CD: _rl_init_terminal_io (in /usr/lib/x86_64-linux-gnu/libreadline.so.8.1)
==46901==    by 0x4898A0F: rl_initialize (in /usr/lib/x86_64-linux-gnu/libreadline.so.8.1)
==46901==    by 0x4898CD4: readline (in /usr/lib/x86_64-linux-gnu/libreadline.so.8.1)
==46901==    by 0x1098F4: minishell (minishell.c:94)
==46901== 
{
   <insert_a_suppression_name_here>
   Memcheck:Leak
   match-leak-kinds: reachable
   fun:malloc
   fun:_nc_read_termtype
   obj:/usr/lib/x86_64-linux-gnu/libtinfo.so.6.3
   obj:/usr/lib/x86_64-linux-gnu/libtinfo.so.6.3
   fun:_nc_read_entry2
   obj:/usr/lib/x86_64-linux-gnu/libtinfo.so.6.3
   fun:_nc_setupterm
   fun:tgetent_sp
   fun:_rl_init_terminal_io
   fun:rl_initialize
   fun:readline
   fun:minishell
}
==46901== 1,962 bytes in 142 blocks are indirectly lost in loss record 43 of 73
==46901==    at 0x4848899: malloc (in /usr/libexec/valgrind/vgpreload_memcheck-amd64-linux.so)
==46901==    by 0x1119E9: ft_strdup (ft_strdup.c:21)
==46901==    by 0x10B15F: create_env_node (env_init.c:22)
==46901==    by 0x10B201: add_env_var (env_init.c:44)
==46901==    by 0x10B349: init_env (env_init.c:79)
==46901==    by 0x10B6BE: clone_env (env_sort.c:75)
==46901==    by 0x10B3CA: print_env_sorted (env_print.c:39)
==46901==    by 0x10B52E: print_env (env_print.c:78)
==46901==    by 0x10ABAA: ft_export (export.c:76)
==46901==    by 0x10C7F3: exec_builtin (execute1.c:38)
==46901==    by 0x10C706: execute_nofork (execute1.c:21)
==46901==    by 0x10D06C: exec (execute.c:56)
==46901== 
{
   <insert_a_suppression_name_here>
   Memcheck:Leak
   match-leak-kinds: indirect
   fun:malloc
   fun:ft_strdup
   fun:create_env_node
   fun:add_env_var
   fun:init_env
   fun:clone_env
   fun:print_env_sorted
   fun:print_env
   fun:ft_export
   fun:exec_builtin
   fun:execute_nofork
   fun:exec
}
==46901== 2,032 bytes in 1 blocks are still reachable in loss record 44 of 73
==46901==    at 0x4848899: malloc (in /usr/libexec/valgrind/vgpreload_memcheck-amd64-linux.so)
==46901==    by 0x48B0BAC: xmalloc (in /usr/lib/x86_64-linux-gnu/libreadline.so.8.1)
==46901==    by 0x48AC419: _rl_init_terminal_io (in /usr/lib/x86_64-linux-gnu/libreadline.so.8.1)
==46901==    by 0x4898A0F: rl_initialize (in /usr/lib/x86_64-linux-gnu/libreadline.so.8.1)
==46901==    by 0x4898CD4: readline (in /usr/lib/x86_64-linux-gnu/libreadline.so.8.1)
==46901==    by 0x1098F4: minishell (minishell.c:94)
==46901==    by 0x109B15: main (minishell.c:146)
==46901== 
{
   <insert_a_suppression_name_here>
   Memcheck:Leak
   match-leak-kinds: reachable
   fun:malloc
   fun:xmalloc
   fun:_rl_init_terminal_io
   fun:rl_initialize
   fun:readline
   fun:minishell
   fun:main
}
==46901== 2,240 bytes in 140 blocks are still reachable in loss record 45 of 73
==46901==    at 0x4848899: malloc (in /usr/libexec/valgrind/vgpreload_memcheck-amd64-linux.so)
==46901==    by 0x48B0BAC: xmalloc (in /usr/lib/x86_64-linux-gnu/libreadline.so.8.1)
==46901==    by 0x488E822: rl_add_funmap_entry (in /usr/lib/x86_64-linux-gnu/libreadline.so.8.1)
==46901==    by 0x488E8C8: rl_initialize_funmap (in /usr/lib/x86_64-linux-gnu/libreadline.so.8.1)
==46901==    by 0x4898A2C: rl_initialize (in /usr/lib/x86_64-linux-gnu/libreadline.so.8.1)
==46901==    by 0x4898CD4: readline (in /usr/lib/x86_64-linux-gnu/libreadline.so.8.1)
==46901==    by 0x1098F4: minishell (minishell.c:94)
==46901==    by 0x109B15: main (minishell.c:146)
==46901== 
{
   <insert_a_suppression_name_here>
   Memcheck:Leak
   match-leak-kinds: reachable
   fun:malloc
   fun:xmalloc
   fun:rl_add_funmap_entry
   fun:rl_initialize_funmap
   fun:rl_initialize
   fun:readline
   fun:minishell
   fun:main
}
==46901== 3,904 bytes in 1 blocks are still reachable in loss record 46 of 73
==46901==    at 0x484DCD3: realloc (in /usr/libexec/valgrind/vgpreload_memcheck-amd64-linux.so)
==46901==    by 0x4B046CC: _nc_doalloc (in /usr/lib/x86_64-linux-gnu/libtinfo.so.6.3)
==46901==    by 0x4B0F1B5: _nc_read_termtype (in /usr/lib/x86_64-linux-gnu/libtinfo.so.6.3)
==46901==    by 0x4B0F52A: ??? (in /usr/lib/x86_64-linux-gnu/libtinfo.so.6.3)
==46901==    by 0x4B11C40: ??? (in /usr/lib/x86_64-linux-gnu/libtinfo.so.6.3)
==46901==    by 0x4B0F6BB: _nc_read_entry2 (in /usr/lib/x86_64-linux-gnu/libtinfo.so.6.3)
==46901==    by 0x4B0F711: ??? (in /usr/lib/x86_64-linux-gnu/libtinfo.so.6.3)
==46901==    by 0x4B0F866: _nc_setupterm (in /usr/lib/x86_64-linux-gnu/libtinfo.so.6.3)
==46901==    by 0x4B104C9: tgetent_sp (in /usr/lib/x86_64-linux-gnu/libtinfo.so.6.3)
==46901==    by 0x48AC1CD: _rl_init_terminal_io (in /usr/lib/x86_64-linux-gnu/libreadline.so.8.1)
==46901==    by 0x4898A0F: rl_initialize (in /usr/lib/x86_64-linux-gnu/libreadline.so.8.1)
==46901==    by 0x4898CD4: readline (in /usr/lib/x86_64-linux-gnu/libreadline.so.8.1)
==46901== 
{
   <insert_a_suppression_name_here>
   Memcheck:Leak
   match-leak-kinds: reachable
   fun:realloc
   fun:_nc_doalloc
   fun:_nc_read_termtype
   obj:/usr/lib/x86_64-linux-gnu/libtinfo.so.6.3
   obj:/usr/lib/x86_64-linux-gnu/libtinfo.so.6.3
   fun:_nc_read_entry2
   obj:/usr/lib/x86_64-linux-gnu/libtinfo.so.6.3
   fun:_nc_setupterm
   fun:tgetent_sp
   fun:_rl_init_terminal_io
   fun:rl_initialize
   fun:readline
}
==46901== 3,904 bytes in 1 blocks are still reachable in loss record 47 of 73
==46901==    at 0x4848899: malloc (in /usr/libexec/valgrind/vgpreload_memcheck-amd64-linux.so)
==46901==    by 0x4B03FFF: ??? (in /usr/lib/x86_64-linux-gnu/libtinfo.so.6.3)
==46901==    by 0x4B0F87D: _nc_setupterm (in /usr/lib/x86_64-linux-gnu/libtinfo.so.6.3)
==46901==    by 0x4B104C9: tgetent_sp (in /usr/lib/x86_64-linux-gnu/libtinfo.so.6.3)
==46901==    by 0x48AC1CD: _rl_init_terminal_io (in /usr/lib/x86_64-linux-gnu/libreadline.so.8.1)
==46901==    by 0x4898A0F: rl_initialize (in /usr/lib/x86_64-linux-gnu/libreadline.so.8.1)
==46901==    by 0x4898CD4: readline (in /usr/lib/x86_64-linux-gnu/libreadline.so.8.1)
==46901==    by 0x1098F4: minishell (minishell.c:94)
==46901==    by 0x109B15: main (minishell.c:146)
==46901== 
{
   <insert_a_suppression_name_here>
   Memcheck:Leak
   match-leak-kinds: reachable
   fun:malloc
   obj:/usr/lib/x86_64-linux-gnu/libtinfo.so.6.3
   fun:_nc_setupterm
   fun:tgetent_sp
   fun:_rl_init_terminal_io
   fun:rl_initialize
   fun:readline
   fun:minishell
   fun:main
}
==46901== 4,016 bytes in 1 blocks are still reachable in loss record 48 of 73
==46901==    at 0x4848899: malloc (in /usr/libexec/valgrind/vgpreload_memcheck-amd64-linux.so)
==46901==    by 0x48B0BAC: xmalloc (in /usr/lib/x86_64-linux-gnu/libreadline.so.8.1)
==46901==    by 0x48A9FD6: add_history (in /usr/lib/x86_64-linux-gnu/libreadline.so.8.1)
==46901==    by 0x10E85E: ft_add_cmd_to_history (history.c:19)
==46901==    by 0x109928: minishell (minishell.c:97)
==46901==    by 0x109B15: main (minishell.c:146)
==46901== 
{
   <insert_a_suppression_name_here>
   Memcheck:Leak
   match-leak-kinds: reachable
   fun:malloc
   fun:xmalloc
   fun:add_history
   fun:ft_add_cmd_to_history
   fun:minishell
   fun:main
}
==46901== 4,080 bytes in 1 blocks are still reachable in loss record 49 of 73
==46901==    at 0x4848899: malloc (in /usr/libexec/valgrind/vgpreload_memcheck-amd64-linux.so)
==46901==    by 0x48B0BAC: xmalloc (in /usr/lib/x86_64-linux-gnu/libreadline.so.8.1)
==46901==    by 0x48AC3F9: _rl_init_terminal_io (in /usr/lib/x86_64-linux-gnu/libreadline.so.8.1)
==46901==    by 0x4898A0F: rl_initialize (in /usr/lib/x86_64-linux-gnu/libreadline.so.8.1)
==46901==    by 0x4898CD4: readline (in /usr/lib/x86_64-linux-gnu/libreadline.so.8.1)
==46901==    by 0x1098F4: minishell (minishell.c:94)
==46901==    by 0x109B15: main (minishell.c:146)
==46901== 
{
   <insert_a_suppression_name_here>
   Memcheck:Leak
   match-leak-kinds: reachable
   fun:malloc
   fun:xmalloc
   fun:_rl_init_terminal_io
   fun:rl_initialize
   fun:readline
   fun:minishell
   fun:main
}
==46901== 4,112 bytes in 1 blocks are still reachable in loss record 50 of 73
==46901==    at 0x4848899: malloc (in /usr/libexec/valgrind/vgpreload_memcheck-amd64-linux.so)
==46901==    by 0x48B0BAC: xmalloc (in /usr/lib/x86_64-linux-gnu/libreadline.so.8.1)
==46901==    by 0x488D251: rl_make_bare_keymap (in /usr/lib/x86_64-linux-gnu/libreadline.so.8.1)
==46901==    by 0x488DB6A: rl_generic_bind (in /usr/lib/x86_64-linux-gnu/libreadline.so.8.1)
==46901==    by 0x489875D: rl_bind_keyseq_if_unbound_in_map (in /usr/lib/x86_64-linux-gnu/libreadline.so.8.1)
==46901==    by 0x48ABDD5: ??? (in /usr/lib/x86_64-linux-gnu/libreadline.so.8.1)
==46901==    by 0x48AC31F: _rl_init_terminal_io (in /usr/lib/x86_64-linux-gnu/libreadline.so.8.1)
==46901==    by 0x4898A0F: rl_initialize (in /usr/lib/x86_64-linux-gnu/libreadline.so.8.1)
==46901==    by 0x4898CD4: readline (in /usr/lib/x86_64-linux-gnu/libreadline.so.8.1)
==46901==    by 0x1098F4: minishell (minishell.c:94)
==46901==    by 0x109B15: main (minishell.c:146)
==46901== 
{
   <insert_a_suppression_name_here>
   Memcheck:Leak
   match-leak-kinds: reachable
   fun:malloc
   fun:xmalloc
   fun:rl_make_bare_keymap
   fun:rl_generic_bind
   fun:rl_bind_keyseq_if_unbound_in_map
   obj:/usr/lib/x86_64-linux-gnu/libreadline.so.8.1
   fun:_rl_init_terminal_io
   fun:rl_initialize
   fun:readline
   fun:minishell
   fun:main
}
==46901== 4,112 bytes in 1 blocks are still reachable in loss record 51 of 73
==46901==    at 0x4848899: malloc (in /usr/libexec/valgrind/vgpreload_memcheck-amd64-linux.so)
==46901==    by 0x48B0BAC: xmalloc (in /usr/lib/x86_64-linux-gnu/libreadline.so.8.1)
==46901==    by 0x488D251: rl_make_bare_keymap (in /usr/lib/x86_64-linux-gnu/libreadline.so.8.1)
==46901==    by 0x488DB6A: rl_generic_bind (in /usr/lib/x86_64-linux-gnu/libreadline.so.8.1)
==46901==    by 0x489875D: rl_bind_keyseq_if_unbound_in_map (in /usr/lib/x86_64-linux-gnu/libreadline.so.8.1)
==46901==    by 0x48ABE5A: ??? (in /usr/lib/x86_64-linux-gnu/libreadline.so.8.1)
==46901==    by 0x48AC31F: _rl_init_terminal_io (in /usr/lib/x86_64-linux-gnu/libreadline.so.8.1)
==46901==    by 0x4898A0F: rl_initialize (in /usr/lib/x86_64-linux-gnu/libreadline.so.8.1)
==46901==    by 0x4898CD4: readline (in /usr/lib/x86_64-linux-gnu/libreadline.so.8.1)
==46901==    by 0x1098F4: minishell (minishell.c:94)
==46901==    by 0x109B15: main (minishell.c:146)
==46901== 
{
   <insert_a_suppression_name_here>
   Memcheck:Leak
   match-leak-kinds: reachable
   fun:malloc
   fun:xmalloc
   fun:rl_make_bare_keymap
   fun:rl_generic_bind
   fun:rl_bind_keyseq_if_unbound_in_map
   obj:/usr/lib/x86_64-linux-gnu/libreadline.so.8.1
   fun:_rl_init_terminal_io
   fun:rl_initialize
   fun:readline
   fun:minishell
   fun:main
}
==46901== 4,112 bytes in 1 blocks are still reachable in loss record 52 of 73
==46901==    at 0x4848899: malloc (in /usr/libexec/valgrind/vgpreload_memcheck-amd64-linux.so)
==46901==    by 0x48B0BAC: xmalloc (in /usr/lib/x86_64-linux-gnu/libreadline.so.8.1)
==46901==    by 0x488D251: rl_make_bare_keymap (in /usr/lib/x86_64-linux-gnu/libreadline.so.8.1)
==46901==    by 0x488DB6A: rl_generic_bind (in /usr/lib/x86_64-linux-gnu/libreadline.so.8.1)
==46901==    by 0x489875D: rl_bind_keyseq_if_unbound_in_map (in /usr/lib/x86_64-linux-gnu/libreadline.so.8.1)
==46901==    by 0x48ABE5A: ??? (in /usr/lib/x86_64-linux-gnu/libreadline.so.8.1)
==46901==    by 0x48AC32B: _rl_init_terminal_io (in /usr/lib/x86_64-linux-gnu/libreadline.so.8.1)
==46901==    by 0x4898A0F: rl_initialize (in /usr/lib/x86_64-linux-gnu/libreadline.so.8.1)
==46901==    by 0x4898CD4: readline (in /usr/lib/x86_64-linux-gnu/libreadline.so.8.1)
==46901==    by 0x1098F4: minishell (minishell.c:94)
==46901==    by 0x109B15: main (minishell.c:146)
==46901== 
{
   <insert_a_suppression_name_here>
   Memcheck:Leak
   match-leak-kinds: reachable
   fun:malloc
   fun:xmalloc
   fun:rl_make_bare_keymap
   fun:rl_generic_bind
   fun:rl_bind_keyseq_if_unbound_in_map
   obj:/usr/lib/x86_64-linux-gnu/libreadline.so.8.1
   fun:_rl_init_terminal_io
   fun:rl_initialize
   fun:readline
   fun:minishell
   fun:main
}
==46901== 4,112 bytes in 1 blocks are still reachable in loss record 53 of 73
==46901==    at 0x4848899: malloc (in /usr/libexec/valgrind/vgpreload_memcheck-amd64-linux.so)
==46901==    by 0x48B0BAC: xmalloc (in /usr/lib/x86_64-linux-gnu/libreadline.so.8.1)
==46901==    by 0x488D251: rl_make_bare_keymap (in /usr/lib/x86_64-linux-gnu/libreadline.so.8.1)
==46901==    by 0x488DB6A: rl_generic_bind (in /usr/lib/x86_64-linux-gnu/libreadline.so.8.1)
==46901==    by 0x489875D: rl_bind_keyseq_if_unbound_in_map (in /usr/lib/x86_64-linux-gnu/libreadline.so.8.1)
==46901==    by 0x48ABE5A: ??? (in /usr/lib/x86_64-linux-gnu/libreadline.so.8.1)
==46901==    by 0x48AC337: _rl_init_terminal_io (in /usr/lib/x86_64-linux-gnu/libreadline.so.8.1)
==46901==    by 0x4898A0F: rl_initialize (in /usr/lib/x86_64-linux-gnu/libreadline.so.8.1)
==46901==    by 0x4898CD4: readline (in /usr/lib/x86_64-linux-gnu/libreadline.so.8.1)
==46901==    by 0x1098F4: minishell (minishell.c:94)
==46901==    by 0x109B15: main (minishell.c:146)
==46901== 
{
   <insert_a_suppression_name_here>
   Memcheck:Leak
   match-leak-kinds: reachable
   fun:malloc
   fun:xmalloc
   fun:rl_make_bare_keymap
   fun:rl_generic_bind
   fun:rl_bind_keyseq_if_unbound_in_map
   obj:/usr/lib/x86_64-linux-gnu/libreadline.so.8.1
   fun:_rl_init_terminal_io
   fun:rl_initialize
   fun:readline
   fun:minishell
   fun:main
}
==46901== 4,112 bytes in 1 blocks are still reachable in loss record 54 of 73
==46901==    at 0x4848899: malloc (in /usr/libexec/valgrind/vgpreload_memcheck-amd64-linux.so)
==46901==    by 0x48B0BAC: xmalloc (in /usr/lib/x86_64-linux-gnu/libreadline.so.8.1)
==46901==    by 0x488D251: rl_make_bare_keymap (in /usr/lib/x86_64-linux-gnu/libreadline.so.8.1)
==46901==    by 0x488DB6A: rl_generic_bind (in /usr/lib/x86_64-linux-gnu/libreadline.so.8.1)
==46901==    by 0x489875D: rl_bind_keyseq_if_unbound_in_map (in /usr/lib/x86_64-linux-gnu/libreadline.so.8.1)
==46901==    by 0x489894C: ??? (in /usr/lib/x86_64-linux-gnu/libreadline.so.8.1)
==46901==    by 0x4898A84: rl_initialize (in /usr/lib/x86_64-linux-gnu/libreadline.so.8.1)
==46901==    by 0x4898CD4: readline (in /usr/lib/x86_64-linux-gnu/libreadline.so.8.1)
==46901==    by 0x1098F4: minishell (minishell.c:94)
==46901==    by 0x109B15: main (minishell.c:146)
==46901== 
{
   <insert_a_suppression_name_here>
   Memcheck:Leak
   match-leak-kinds: reachable
   fun:malloc
   fun:xmalloc
   fun:rl_make_bare_keymap
   fun:rl_generic_bind
   fun:rl_bind_keyseq_if_unbound_in_map
   obj:/usr/lib/x86_64-linux-gnu/libreadline.so.8.1
   fun:rl_initialize
   fun:readline
   fun:minishell
   fun:main
}
==46901== 4,112 bytes in 1 blocks are still reachable in loss record 55 of 73
==46901==    at 0x4848899: malloc (in /usr/libexec/valgrind/vgpreload_memcheck-amd64-linux.so)
==46901==    by 0x48B0BAC: xmalloc (in /usr/lib/x86_64-linux-gnu/libreadline.so.8.1)
==46901==    by 0x488D251: rl_make_bare_keymap (in /usr/lib/x86_64-linux-gnu/libreadline.so.8.1)
==46901==    by 0x488DB6A: rl_generic_bind (in /usr/lib/x86_64-linux-gnu/libreadline.so.8.1)
==46901==    by 0x489875D: rl_bind_keyseq_if_unbound_in_map (in /usr/lib/x86_64-linux-gnu/libreadline.so.8.1)
==46901==    by 0x489894C: ??? (in /usr/lib/x86_64-linux-gnu/libreadline.so.8.1)
==46901==    by 0x4898A93: rl_initialize (in /usr/lib/x86_64-linux-gnu/libreadline.so.8.1)
==46901==    by 0x4898CD4: readline (in /usr/lib/x86_64-linux-gnu/libreadline.so.8.1)
==46901==    by 0x1098F4: minishell (minishell.c:94)
==46901==    by 0x109B15: main (minishell.c:146)
==46901== 
{
   <insert_a_suppression_name_here>
   Memcheck:Leak
   match-leak-kinds: reachable
   fun:malloc
   fun:xmalloc
   fun:rl_make_bare_keymap
   fun:rl_generic_bind
   fun:rl_bind_keyseq_if_unbound_in_map
   obj:/usr/lib/x86_64-linux-gnu/libreadline.so.8.1
   fun:rl_initialize
   fun:readline
   fun:minishell
   fun:main
}
==46901== 4,112 bytes in 1 blocks are still reachable in loss record 56 of 73
==46901==    at 0x4848899: malloc (in /usr/libexec/valgrind/vgpreload_memcheck-amd64-linux.so)
==46901==    by 0x48B0BAC: xmalloc (in /usr/lib/x86_64-linux-gnu/libreadline.so.8.1)
==46901==    by 0x488D251: rl_make_bare_keymap (in /usr/lib/x86_64-linux-gnu/libreadline.so.8.1)
==46901==    by 0x488DB6A: rl_generic_bind (in /usr/lib/x86_64-linux-gnu/libreadline.so.8.1)
==46901==    by 0x489875D: rl_bind_keyseq_if_unbound_in_map (in /usr/lib/x86_64-linux-gnu/libreadline.so.8.1)
==46901==    by 0x489894C: ??? (in /usr/lib/x86_64-linux-gnu/libreadline.so.8.1)
==46901==    by 0x4898AB8: rl_initialize (in /usr/lib/x86_64-linux-gnu/libreadline.so.8.1)
==46901==    by 0x4898CD4: readline (in /usr/lib/x86_64-linux-gnu/libreadline.so.8.1)
==46901==    by 0x1098F4: minishell (minishell.c:94)
==46901==    by 0x109B15: main (minishell.c:146)
==46901== 
{
   <insert_a_suppression_name_here>
   Memcheck:Leak
   match-leak-kinds: reachable
   fun:malloc
   fun:xmalloc
   fun:rl_make_bare_keymap
   fun:rl_generic_bind
   fun:rl_bind_keyseq_if_unbound_in_map
   obj:/usr/lib/x86_64-linux-gnu/libreadline.so.8.1
   fun:rl_initialize
   fun:readline
   fun:minishell
   fun:main
}
==46901== 4,480 bytes in 140 blocks are indirectly lost in loss record 57 of 73
==46901==    at 0x4848899: malloc (in /usr/libexec/valgrind/vgpreload_memcheck-amd64-linux.so)
==46901==    by 0x10B141: create_env_node (env_init.c:19)
==46901==    by 0x10B201: add_env_var (env_init.c:44)
==46901==    by 0x10B349: init_env (env_init.c:79)
==46901==    by 0x10B6BE: clone_env (env_sort.c:75)
==46901==    by 0x10B3CA: print_env_sorted (env_print.c:39)
==46901==    by 0x10B52E: print_env (env_print.c:78)
==46901==    by 0x10ABAA: ft_export (export.c:76)
==46901==    by 0x10C7F3: exec_builtin (execute1.c:38)
==46901==    by 0x10C706: execute_nofork (execute1.c:21)
==46901==    by 0x10D06C: exec (execute.c:56)
==46901==    by 0x109890: handle_commands (minishell.c:80)
==46901== 
{
   <insert_a_suppression_name_here>
   Memcheck:Leak
   match-leak-kinds: indirect
   fun:malloc
   fun:create_env_node
   fun:add_env_var
   fun:init_env
   fun:clone_env
   fun:print_env_sorted
   fun:print_env
   fun:ft_export
   fun:exec_builtin
   fun:execute_nofork
   fun:exec
   fun:handle_commands
}
==46901== 6,098 bytes in 142 blocks are indirectly lost in loss record 58 of 73
==46901==    at 0x4848899: malloc (in /usr/libexec/valgrind/vgpreload_memcheck-amd64-linux.so)
==46901==    by 0x1119E9: ft_strdup (ft_strdup.c:21)
==46901==    by 0x10B18C: create_env_node (env_init.c:27)
==46901==    by 0x10B201: add_env_var (env_init.c:44)
==46901==    by 0x10B349: init_env (env_init.c:79)
==46901==    by 0x10B6BE: clone_env (env_sort.c:75)
==46901==    by 0x10B3CA: print_env_sorted (env_print.c:39)
==46901==    by 0x10B52E: print_env (env_print.c:78)
==46901==    by 0x10ABAA: ft_export (export.c:76)
==46901==    by 0x10C7F3: exec_builtin (execute1.c:38)
==46901==    by 0x10C706: execute_nofork (execute1.c:21)
==46901==    by 0x10D06C: exec (execute.c:56)
==46901== 
{
   <insert_a_suppression_name_here>
   Memcheck:Leak
   match-leak-kinds: indirect
   fun:malloc
   fun:ft_strdup
   fun:create_env_node
   fun:add_env_var
   fun:init_env
   fun:clone_env
   fun:print_env_sorted
   fun:print_env
   fun:ft_export
   fun:exec_builtin
   fun:execute_nofork
   fun:exec
}
==46901== 7,952 bytes in 1 blocks are still reachable in loss record 59 of 73
==46901==    at 0x484DA83: calloc (in /usr/libexec/valgrind/vgpreload_memcheck-amd64-linux.so)
==46901==    by 0x4B02C97: ??? (in /usr/lib/x86_64-linux-gnu/libtinfo.so.6.3)
==46901==    by 0x4B043AF: _nc_find_type_entry (in /usr/lib/x86_64-linux-gnu/libtinfo.so.6.3)
==46901==    by 0x4B06E4C: tgetstr_sp (in /usr/lib/x86_64-linux-gnu/libtinfo.so.6.3)
==46901==    by 0x48AC21A: _rl_init_terminal_io (in /usr/lib/x86_64-linux-gnu/libreadline.so.8.1)
==46901==    by 0x4898A0F: rl_initialize (in /usr/lib/x86_64-linux-gnu/libreadline.so.8.1)
==46901==    by 0x4898CD4: readline (in /usr/lib/x86_64-linux-gnu/libreadline.so.8.1)
==46901==    by 0x1098F4: minishell (minishell.c:94)
==46901==    by 0x109B15: main (minishell.c:146)
==46901== 
{
   <insert_a_suppression_name_here>
   Memcheck:Leak
   match-leak-kinds: reachable
   fun:calloc
   obj:/usr/lib/x86_64-linux-gnu/libtinfo.so.6.3
   fun:_nc_find_type_entry
   fun:tgetstr_sp
   fun:_rl_init_terminal_io
   fun:rl_initialize
   fun:readline
   fun:minishell
   fun:main
}
==46901== 8,224 bytes in 2 blocks are still reachable in loss record 60 of 73
==46901==    at 0x4848899: malloc (in /usr/libexec/valgrind/vgpreload_memcheck-amd64-linux.so)
==46901==    by 0x48B0BAC: xmalloc (in /usr/lib/x86_64-linux-gnu/libreadline.so.8.1)
==46901==    by 0x488D251: rl_make_bare_keymap (in /usr/lib/x86_64-linux-gnu/libreadline.so.8.1)
==46901==    by 0x488DB6A: rl_generic_bind (in /usr/lib/x86_64-linux-gnu/libreadline.so.8.1)
==46901==    by 0x489875D: rl_bind_keyseq_if_unbound_in_map (in /usr/lib/x86_64-linux-gnu/libreadline.so.8.1)
==46901==    by 0x48ABE47: ??? (in /usr/lib/x86_64-linux-gnu/libreadline.so.8.1)
==46901==    by 0x48AC31F: _rl_init_terminal_io (in /usr/lib/x86_64-linux-gnu/libreadline.so.8.1)
==46901==    by 0x4898A0F: rl_initialize (in /usr/lib/x86_64-linux-gnu/libreadline.so.8.1)
==46901==    by 0x4898CD4: readline (in /usr/lib/x86_64-linux-gnu/libreadline.so.8.1)
==46901==    by 0x1098F4: minishell (minishell.c:94)
==46901==    by 0x109B15: main (minishell.c:146)
==46901== 
{
   <insert_a_suppression_name_here>
   Memcheck:Leak
   match-leak-kinds: reachable
   fun:malloc
   fun:xmalloc
   fun:rl_make_bare_keymap
   fun:rl_generic_bind
   fun:rl_bind_keyseq_if_unbound_in_map
   obj:/usr/lib/x86_64-linux-gnu/libreadline.so.8.1
   fun:_rl_init_terminal_io
   fun:rl_initialize
   fun:readline
   fun:minishell
   fun:main
}
==46901== 8,224 bytes in 2 blocks are still reachable in loss record 61 of 73
==46901==    at 0x4848899: malloc (in /usr/libexec/valgrind/vgpreload_memcheck-amd64-linux.so)
==46901==    by 0x48B0BAC: xmalloc (in /usr/lib/x86_64-linux-gnu/libreadline.so.8.1)
==46901==    by 0x488D251: rl_make_bare_keymap (in /usr/lib/x86_64-linux-gnu/libreadline.so.8.1)
==46901==    by 0x488DB6A: rl_generic_bind (in /usr/lib/x86_64-linux-gnu/libreadline.so.8.1)
==46901==    by 0x489875D: rl_bind_keyseq_if_unbound_in_map (in /usr/lib/x86_64-linux-gnu/libreadline.so.8.1)
==46901==    by 0x48ABDD5: ??? (in /usr/lib/x86_64-linux-gnu/libreadline.so.8.1)
==46901==    by 0x48AC32B: _rl_init_terminal_io (in /usr/lib/x86_64-linux-gnu/libreadline.so.8.1)
==46901==    by 0x4898A0F: rl_initialize (in /usr/lib/x86_64-linux-gnu/libreadline.so.8.1)
==46901==    by 0x4898CD4: readline (in /usr/lib/x86_64-linux-gnu/libreadline.so.8.1)
==46901==    by 0x1098F4: minishell (minishell.c:94)
==46901==    by 0x109B15: main (minishell.c:146)
==46901== 
{
   <insert_a_suppression_name_here>
   Memcheck:Leak
   match-leak-kinds: reachable
   fun:malloc
   fun:xmalloc
   fun:rl_make_bare_keymap
   fun:rl_generic_bind
   fun:rl_bind_keyseq_if_unbound_in_map
   obj:/usr/lib/x86_64-linux-gnu/libreadline.so.8.1
   fun:_rl_init_terminal_io
   fun:rl_initialize
   fun:readline
   fun:minishell
   fun:main
}
==46901== 8,224 bytes in 2 blocks are still reachable in loss record 62 of 73
==46901==    at 0x4848899: malloc (in /usr/libexec/valgrind/vgpreload_memcheck-amd64-linux.so)
==46901==    by 0x48B0BAC: xmalloc (in /usr/lib/x86_64-linux-gnu/libreadline.so.8.1)
==46901==    by 0x488D251: rl_make_bare_keymap (in /usr/lib/x86_64-linux-gnu/libreadline.so.8.1)
==46901==    by 0x488DB6A: rl_generic_bind (in /usr/lib/x86_64-linux-gnu/libreadline.so.8.1)
==46901==    by 0x489875D: rl_bind_keyseq_if_unbound_in_map (in /usr/lib/x86_64-linux-gnu/libreadline.so.8.1)
==46901==    by 0x48ABE47: ??? (in /usr/lib/x86_64-linux-gnu/libreadline.so.8.1)
==46901==    by 0x48AC32B: _rl_init_terminal_io (in /usr/lib/x86_64-linux-gnu/libreadline.so.8.1)
==46901==    by 0x4898A0F: rl_initialize (in /usr/lib/x86_64-linux-gnu/libreadline.so.8.1)
==46901==    by 0x4898CD4: readline (in /usr/lib/x86_64-linux-gnu/libreadline.so.8.1)
==46901==    by 0x1098F4: minishell (minishell.c:94)
==46901==    by 0x109B15: main (minishell.c:146)
==46901== 
{
   <insert_a_suppression_name_here>
   Memcheck:Leak
   match-leak-kinds: reachable
   fun:malloc
   fun:xmalloc
   fun:rl_make_bare_keymap
   fun:rl_generic_bind
   fun:rl_bind_keyseq_if_unbound_in_map
   obj:/usr/lib/x86_64-linux-gnu/libreadline.so.8.1
   fun:_rl_init_terminal_io
   fun:rl_initialize
   fun:readline
   fun:minishell
   fun:main
}
==46901== 8,224 bytes in 2 blocks are still reachable in loss record 63 of 73
==46901==    at 0x4848899: malloc (in /usr/libexec/valgrind/vgpreload_memcheck-amd64-linux.so)
==46901==    by 0x48B0BAC: xmalloc (in /usr/lib/x86_64-linux-gnu/libreadline.so.8.1)
==46901==    by 0x488D251: rl_make_bare_keymap (in /usr/lib/x86_64-linux-gnu/libreadline.so.8.1)
==46901==    by 0x488DB6A: rl_generic_bind (in /usr/lib/x86_64-linux-gnu/libreadline.so.8.1)
==46901==    by 0x489875D: rl_bind_keyseq_if_unbound_in_map (in /usr/lib/x86_64-linux-gnu/libreadline.so.8.1)
==46901==    by 0x48ABDD5: ??? (in /usr/lib/x86_64-linux-gnu/libreadline.so.8.1)
==46901==    by 0x48AC337: _rl_init_terminal_io (in /usr/lib/x86_64-linux-gnu/libreadline.so.8.1)
==46901==    by 0x4898A0F: rl_initialize (in /usr/lib/x86_64-linux-gnu/libreadline.so.8.1)
==46901==    by 0x4898CD4: readline (in /usr/lib/x86_64-linux-gnu/libreadline.so.8.1)
==46901==    by 0x1098F4: minishell (minishell.c:94)
==46901==    by 0x109B15: main (minishell.c:146)
==46901== 
{
   <insert_a_suppression_name_here>
   Memcheck:Leak
   match-leak-kinds: reachable
   fun:malloc
   fun:xmalloc
   fun:rl_make_bare_keymap
   fun:rl_generic_bind
   fun:rl_bind_keyseq_if_unbound_in_map
   obj:/usr/lib/x86_64-linux-gnu/libreadline.so.8.1
   fun:_rl_init_terminal_io
   fun:rl_initialize
   fun:readline
   fun:minishell
   fun:main
}
==46901== 8,224 bytes in 2 blocks are still reachable in loss record 64 of 73
==46901==    at 0x4848899: malloc (in /usr/libexec/valgrind/vgpreload_memcheck-amd64-linux.so)
==46901==    by 0x48B0BAC: xmalloc (in /usr/lib/x86_64-linux-gnu/libreadline.so.8.1)
==46901==    by 0x488D251: rl_make_bare_keymap (in /usr/lib/x86_64-linux-gnu/libreadline.so.8.1)
==46901==    by 0x488DB6A: rl_generic_bind (in /usr/lib/x86_64-linux-gnu/libreadline.so.8.1)
==46901==    by 0x489875D: rl_bind_keyseq_if_unbound_in_map (in /usr/lib/x86_64-linux-gnu/libreadline.so.8.1)
==46901==    by 0x48ABE47: ??? (in /usr/lib/x86_64-linux-gnu/libreadline.so.8.1)
==46901==    by 0x48AC337: _rl_init_terminal_io (in /usr/lib/x86_64-linux-gnu/libreadline.so.8.1)
==46901==    by 0x4898A0F: rl_initialize (in /usr/lib/x86_64-linux-gnu/libreadline.so.8.1)
==46901==    by 0x4898CD4: readline (in /usr/lib/x86_64-linux-gnu/libreadline.so.8.1)
==46901==    by 0x1098F4: minishell (minishell.c:94)
==46901==    by 0x109B15: main (minishell.c:146)
==46901== 
{
   <insert_a_suppression_name_here>
   Memcheck:Leak
   match-leak-kinds: reachable
   fun:malloc
   fun:xmalloc
   fun:rl_make_bare_keymap
   fun:rl_generic_bind
   fun:rl_bind_keyseq_if_unbound_in_map
   obj:/usr/lib/x86_64-linux-gnu/libreadline.so.8.1
   fun:_rl_init_terminal_io
   fun:rl_initialize
   fun:readline
   fun:minishell
   fun:main
}
==46901== 8,224 bytes in 2 blocks are still reachable in loss record 65 of 73
==46901==    at 0x4848899: malloc (in /usr/libexec/valgrind/vgpreload_memcheck-amd64-linux.so)
==46901==    by 0x48B0BAC: xmalloc (in /usr/lib/x86_64-linux-gnu/libreadline.so.8.1)
==46901==    by 0x488D251: rl_make_bare_keymap (in /usr/lib/x86_64-linux-gnu/libreadline.so.8.1)
==46901==    by 0x488DB6A: rl_generic_bind (in /usr/lib/x86_64-linux-gnu/libreadline.so.8.1)
==46901==    by 0x489875D: rl_bind_keyseq_if_unbound_in_map (in /usr/lib/x86_64-linux-gnu/libreadline.so.8.1)
==46901==    by 0x489893D: ??? (in /usr/lib/x86_64-linux-gnu/libreadline.so.8.1)
==46901==    by 0x4898A84: rl_initialize (in /usr/lib/x86_64-linux-gnu/libreadline.so.8.1)
==46901==    by 0x4898CD4: readline (in /usr/lib/x86_64-linux-gnu/libreadline.so.8.1)
==46901==    by 0x1098F4: minishell (minishell.c:94)
==46901==    by 0x109B15: main (minishell.c:146)
==46901== 
{
   <insert_a_suppression_name_here>
   Memcheck:Leak
   match-leak-kinds: reachable
   fun:malloc
   fun:xmalloc
   fun:rl_make_bare_keymap
   fun:rl_generic_bind
   fun:rl_bind_keyseq_if_unbound_in_map
   obj:/usr/lib/x86_64-linux-gnu/libreadline.so.8.1
   fun:rl_initialize
   fun:readline
   fun:minishell
   fun:main
}
==46901== 8,224 bytes in 2 blocks are still reachable in loss record 66 of 73
==46901==    at 0x4848899: malloc (in /usr/libexec/valgrind/vgpreload_memcheck-amd64-linux.so)
==46901==    by 0x48B0BAC: xmalloc (in /usr/lib/x86_64-linux-gnu/libreadline.so.8.1)
==46901==    by 0x488D251: rl_make_bare_keymap (in /usr/lib/x86_64-linux-gnu/libreadline.so.8.1)
==46901==    by 0x488DB6A: rl_generic_bind (in /usr/lib/x86_64-linux-gnu/libreadline.so.8.1)
==46901==    by 0x489875D: rl_bind_keyseq_if_unbound_in_map (in /usr/lib/x86_64-linux-gnu/libreadline.so.8.1)
==46901==    by 0x489893D: ??? (in /usr/lib/x86_64-linux-gnu/libreadline.so.8.1)
==46901==    by 0x4898A93: rl_initialize (in /usr/lib/x86_64-linux-gnu/libreadline.so.8.1)
==46901==    by 0x4898CD4: readline (in /usr/lib/x86_64-linux-gnu/libreadline.so.8.1)
==46901==    by 0x1098F4: minishell (minishell.c:94)
==46901==    by 0x109B15: main (minishell.c:146)
==46901== 
{
   <insert_a_suppression_name_here>
   Memcheck:Leak
   match-leak-kinds: reachable
   fun:malloc
   fun:xmalloc
   fun:rl_make_bare_keymap
   fun:rl_generic_bind
   fun:rl_bind_keyseq_if_unbound_in_map
   obj:/usr/lib/x86_64-linux-gnu/libreadline.so.8.1
   fun:rl_initialize
   fun:readline
   fun:minishell
   fun:main
}
==46901== 8,224 bytes in 2 blocks are still reachable in loss record 67 of 73
==46901==    at 0x4848899: malloc (in /usr/libexec/valgrind/vgpreload_memcheck-amd64-linux.so)
==46901==    by 0x48B0BAC: xmalloc (in /usr/lib/x86_64-linux-gnu/libreadline.so.8.1)
==46901==    by 0x488D251: rl_make_bare_keymap (in /usr/lib/x86_64-linux-gnu/libreadline.so.8.1)
==46901==    by 0x488DB6A: rl_generic_bind (in /usr/lib/x86_64-linux-gnu/libreadline.so.8.1)
==46901==    by 0x489875D: rl_bind_keyseq_if_unbound_in_map (in /usr/lib/x86_64-linux-gnu/libreadline.so.8.1)
==46901==    by 0x489893D: ??? (in /usr/lib/x86_64-linux-gnu/libreadline.so.8.1)
==46901==    by 0x4898AB8: rl_initialize (in /usr/lib/x86_64-linux-gnu/libreadline.so.8.1)
==46901==    by 0x4898CD4: readline (in /usr/lib/x86_64-linux-gnu/libreadline.so.8.1)
==46901==    by 0x1098F4: minishell (minishell.c:94)
==46901==    by 0x109B15: main (minishell.c:146)
==46901== 
{
   <insert_a_suppression_name_here>
   Memcheck:Leak
   match-leak-kinds: reachable
   fun:malloc
   fun:xmalloc
   fun:rl_make_bare_keymap
   fun:rl_generic_bind
   fun:rl_bind_keyseq_if_unbound_in_map
   obj:/usr/lib/x86_64-linux-gnu/libreadline.so.8.1
   fun:rl_initialize
   fun:readline
   fun:minishell
   fun:main
}
==46901== 8,224 bytes in 2 blocks are still reachable in loss record 68 of 73
==46901==    at 0x4848899: malloc (in /usr/libexec/valgrind/vgpreload_memcheck-amd64-linux.so)
==46901==    by 0x48B0BAC: xmalloc (in /usr/lib/x86_64-linux-gnu/libreadline.so.8.1)
==46901==    by 0x488D251: rl_make_bare_keymap (in /usr/lib/x86_64-linux-gnu/libreadline.so.8.1)
==46901==    by 0x488DB6A: rl_generic_bind (in /usr/lib/x86_64-linux-gnu/libreadline.so.8.1)
==46901==    by 0x489875D: rl_bind_keyseq_if_unbound_in_map (in /usr/lib/x86_64-linux-gnu/libreadline.so.8.1)
==46901==    by 0x4898AD2: rl_initialize (in /usr/lib/x86_64-linux-gnu/libreadline.so.8.1)
==46901==    by 0x4898CD4: readline (in /usr/lib/x86_64-linux-gnu/libreadline.so.8.1)
==46901==    by 0x1098F4: minishell (minishell.c:94)
==46901==    by 0x109B15: main (minishell.c:146)
==46901== 
{
   <insert_a_suppression_name_here>
   Memcheck:Leak
   match-leak-kinds: reachable
   fun:malloc
   fun:xmalloc
   fun:rl_make_bare_keymap
   fun:rl_generic_bind
   fun:rl_bind_keyseq_if_unbound_in_map
   fun:rl_initialize
   fun:readline
   fun:minishell
   fun:main
}
==46901== 8,224 bytes in 2 blocks are still reachable in loss record 69 of 73
==46901==    at 0x4848899: malloc (in /usr/libexec/valgrind/vgpreload_memcheck-amd64-linux.so)
==46901==    by 0x48B0BAC: xmalloc (in /usr/lib/x86_64-linux-gnu/libreadline.so.8.1)
==46901==    by 0x488D251: rl_make_bare_keymap (in /usr/lib/x86_64-linux-gnu/libreadline.so.8.1)
==46901==    by 0x488DB6A: rl_generic_bind (in /usr/lib/x86_64-linux-gnu/libreadline.so.8.1)
==46901==    by 0x489875D: rl_bind_keyseq_if_unbound_in_map (in /usr/lib/x86_64-linux-gnu/libreadline.so.8.1)
==46901==    by 0x4898AE1: rl_initialize (in /usr/lib/x86_64-linux-gnu/libreadline.so.8.1)
==46901==    by 0x4898CD4: readline (in /usr/lib/x86_64-linux-gnu/libreadline.so.8.1)
==46901==    by 0x1098F4: minishell (minishell.c:94)
==46901==    by 0x109B15: main (minishell.c:146)
==46901== 
{
   <insert_a_suppression_name_here>
   Memcheck:Leak
   match-leak-kinds: reachable
   fun:malloc
   fun:xmalloc
   fun:rl_make_bare_keymap
   fun:rl_generic_bind
   fun:rl_bind_keyseq_if_unbound_in_map
   fun:rl_initialize
   fun:readline
   fun:minishell
   fun:main
}
==46901== 12,336 bytes in 3 blocks are still reachable in loss record 70 of 73
==46901==    at 0x4848899: malloc (in /usr/libexec/valgrind/vgpreload_memcheck-amd64-linux.so)
==46901==    by 0x48B0BAC: xmalloc (in /usr/lib/x86_64-linux-gnu/libreadline.so.8.1)
==46901==    by 0x488D251: rl_make_bare_keymap (in /usr/lib/x86_64-linux-gnu/libreadline.so.8.1)
==46901==    by 0x488DB6A: rl_generic_bind (in /usr/lib/x86_64-linux-gnu/libreadline.so.8.1)
==46901==    by 0x489875D: rl_bind_keyseq_if_unbound_in_map (in /usr/lib/x86_64-linux-gnu/libreadline.so.8.1)
==46901==    by 0x4898914: ??? (in /usr/lib/x86_64-linux-gnu/libreadline.so.8.1)
==46901==    by 0x4898A93: rl_initialize (in /usr/lib/x86_64-linux-gnu/libreadline.so.8.1)
==46901==    by 0x4898CD4: readline (in /usr/lib/x86_64-linux-gnu/libreadline.so.8.1)
==46901==    by 0x1098F4: minishell (minishell.c:94)
==46901==    by 0x109B15: main (minishell.c:146)
==46901== 
{
   <insert_a_suppression_name_here>
   Memcheck:Leak
   match-leak-kinds: reachable
   fun:malloc
   fun:xmalloc
   fun:rl_make_bare_keymap
   fun:rl_generic_bind
   fun:rl_bind_keyseq_if_unbound_in_map
   obj:/usr/lib/x86_64-linux-gnu/libreadline.so.8.1
   fun:rl_initialize
   fun:readline
   fun:minishell
   fun:main
}
==46901== 12,336 bytes in 3 blocks are still reachable in loss record 71 of 73
==46901==    at 0x4848899: malloc (in /usr/libexec/valgrind/vgpreload_memcheck-amd64-linux.so)
==46901==    by 0x48B0BAC: xmalloc (in /usr/lib/x86_64-linux-gnu/libreadline.so.8.1)
==46901==    by 0x488D251: rl_make_bare_keymap (in /usr/lib/x86_64-linux-gnu/libreadline.so.8.1)
==46901==    by 0x488DB6A: rl_generic_bind (in /usr/lib/x86_64-linux-gnu/libreadline.so.8.1)
==46901==    by 0x489875D: rl_bind_keyseq_if_unbound_in_map (in /usr/lib/x86_64-linux-gnu/libreadline.so.8.1)
==46901==    by 0x4898914: ??? (in /usr/lib/x86_64-linux-gnu/libreadline.so.8.1)
==46901==    by 0x4898AB8: rl_initialize (in /usr/lib/x86_64-linux-gnu/libreadline.so.8.1)
==46901==    by 0x4898CD4: readline (in /usr/lib/x86_64-linux-gnu/libreadline.so.8.1)
==46901==    by 0x1098F4: minishell (minishell.c:94)
==46901==    by 0x109B15: main (minishell.c:146)
==46901== 
{
   <insert_a_suppression_name_here>
   Memcheck:Leak
   match-leak-kinds: reachable
   fun:malloc
   fun:xmalloc
   fun:rl_make_bare_keymap
   fun:rl_generic_bind
   fun:rl_bind_keyseq_if_unbound_in_map
   obj:/usr/lib/x86_64-linux-gnu/libreadline.so.8.1
   fun:rl_initialize
   fun:readline
   fun:minishell
   fun:main
}
==46901== 12,604 (64 direct, 12,540 indirect) bytes in 2 blocks are definitely lost in loss record 72 of 73
==46901==    at 0x4848899: malloc (in /usr/libexec/valgrind/vgpreload_memcheck-amd64-linux.so)
==46901==    by 0x10B141: create_env_node (env_init.c:19)
==46901==    by 0x10B201: add_env_var (env_init.c:44)
==46901==    by 0x10B349: init_env (env_init.c:79)
==46901==    by 0x10B6BE: clone_env (env_sort.c:75)
==46901==    by 0x10B3CA: print_env_sorted (env_print.c:39)
==46901==    by 0x10B52E: print_env (env_print.c:78)
==46901==    by 0x10ABAA: ft_export (export.c:76)
==46901==    by 0x10C7F3: exec_builtin (execute1.c:38)
==46901==    by 0x10C706: execute_nofork (execute1.c:21)
==46901==    by 0x10D06C: exec (execute.c:56)
==46901==    by 0x109890: handle_commands (minishell.c:80)
==46901== 
{
   <insert_a_suppression_name_here>
   Memcheck:Leak
   match-leak-kinds: definite
   fun:malloc
   fun:create_env_node
   fun:add_env_var
   fun:init_env
   fun:clone_env
   fun:print_env_sorted
   fun:print_env
   fun:ft_export
   fun:exec_builtin
   fun:execute_nofork
   fun:exec
   fun:handle_commands
}
==46901== 28,784 bytes in 7 blocks are still reachable in loss record 73 of 73
==46901==    at 0x4848899: malloc (in /usr/libexec/valgrind/vgpreload_memcheck-amd64-linux.so)
==46901==    by 0x48B0BAC: xmalloc (in /usr/lib/x86_64-linux-gnu/libreadline.so.8.1)
==46901==    by 0x488D251: rl_make_bare_keymap (in /usr/lib/x86_64-linux-gnu/libreadline.so.8.1)
==46901==    by 0x488DB6A: rl_generic_bind (in /usr/lib/x86_64-linux-gnu/libreadline.so.8.1)
==46901==    by 0x489E99E: rl_parse_and_bind (in /usr/lib/x86_64-linux-gnu/libreadline.so.8.1)
==46901==    by 0x489EB6C: ??? (in /usr/lib/x86_64-linux-gnu/libreadline.so.8.1)
==46901==    by 0x4898A38: rl_initialize (in /usr/lib/x86_64-linux-gnu/libreadline.so.8.1)
==46901==    by 0x4898CD4: readline (in /usr/lib/x86_64-linux-gnu/libreadline.so.8.1)
==46901==    by 0x1098F4: minishell (minishell.c:94)
==46901==    by 0x109B15: main (minishell.c:146)
==46901== 
{
   <insert_a_suppression_name_here>
   Memcheck:Leak
   match-leak-kinds: reachable
   fun:malloc
   fun:xmalloc
   fun:rl_make_bare_keymap
   fun:rl_generic_bind
   fun:rl_parse_and_bind
   obj:/usr/lib/x86_64-linux-gnu/libreadline.so.8.1
   fun:rl_initialize
   fun:readline
   fun:minishell
   fun:main
}
==46901== LEAK SUMMARY:
==46901==    definitely lost: 103 bytes in 5 blocks
==46901==    indirectly lost: 12,540 bytes in 424 blocks
==46901==      possibly lost: 0 bytes in 0 blocks
==46901==    still reachable: 208,655 bytes in 255 blocks
==46901==         suppressed: 0 bytes in 0 blocks
==46901== 
==46901== For lists of detected and suppressed errors, rerun with: -s
==46901== ERROR SUMMARY: 107 errors from 8 contexts (suppressed: 0 from 0)
