==25082== Memcheck, a memory error detector
==25082== Copyright (C) 2002-2017, and GNU GPL'd, by Julian Seward et al.
==25082== Using Valgrind-3.18.1 and LibVEX; rerun with -h for copyright info
==25082== Command: ./minishell
==25082== Parent PID: 20151
==25082== 
==25082== 
==25082== HEAP SUMMARY:
==25082==     in use at exit: 215,377 bytes in 502 blocks
==25082==   total heap usage: 978 allocs, 476 frees, 250,813 bytes allocated
==25082== 
==25082== 8 bytes in 1 blocks are still reachable in loss record 1 of 85
==25082==    at 0x4848899: malloc (in /usr/libexec/valgrind/vgpreload_memcheck-amd64-linux.so)
==25082==    by 0x497358E: strdup (strdup.c:42)
==25082==    by 0x4B11D17: _nc_trim_sgr0 (in /usr/lib/x86_64-linux-gnu/libtinfo.so.6.3)
==25082==    by 0x4B106A8: tgetent_sp (in /usr/lib/x86_64-linux-gnu/libtinfo.so.6.3)
==25082==    by 0x48AC1CD: _rl_init_terminal_io (in /usr/lib/x86_64-linux-gnu/libreadline.so.8.1)
==25082==    by 0x4898A0F: rl_initialize (in /usr/lib/x86_64-linux-gnu/libreadline.so.8.1)
==25082==    by 0x4898CD4: readline (in /usr/lib/x86_64-linux-gnu/libreadline.so.8.1)
==25082==    by 0x1098CA: execute (minishell.c:267)
==25082==    by 0x109A2A: main (minishell.c:386)
==25082== 
{
   <insert_a_suppression_name_here>
   Memcheck:Leak
   match-leak-kinds: reachable
   fun:malloc
   fun:strdup
   fun:_nc_trim_sgr0
   fun:tgetent_sp
   fun:_rl_init_terminal_io
   fun:rl_initialize
   fun:readline
   fun:execute
   fun:main
}
==25082== 8 bytes in 1 blocks are still reachable in loss record 2 of 85
==25082==    at 0x484DCD3: realloc (in /usr/libexec/valgrind/vgpreload_memcheck-amd64-linux.so)
==25082==    by 0x48B1491: xrealloc (in /usr/lib/x86_64-linux-gnu/libreadline.so.8.1)
==25082==    by 0x489D626: ??? (in /usr/lib/x86_64-linux-gnu/libreadline.so.8.1)
==25082==    by 0x489DE0D: rl_expand_prompt (in /usr/lib/x86_64-linux-gnu/libreadline.so.8.1)
==25082==    by 0x488D1BF: rl_set_prompt (in /usr/lib/x86_64-linux-gnu/libreadline.so.8.1)
==25082==    by 0x4898CCF: readline (in /usr/lib/x86_64-linux-gnu/libreadline.so.8.1)
==25082==    by 0x1098CA: execute (minishell.c:267)
==25082==    by 0x109A2A: main (minishell.c:386)
==25082== 
{
   <insert_a_suppression_name_here>
   Memcheck:Leak
   match-leak-kinds: reachable
   fun:realloc
   fun:xrealloc
   obj:/usr/lib/x86_64-linux-gnu/libreadline.so.8.1
   fun:rl_expand_prompt
   fun:rl_set_prompt
   fun:readline
   fun:execute
   fun:main
}
==25082== 8 bytes in 8 blocks are definitely lost in loss record 3 of 85
==25082==    at 0x4848899: malloc (in /usr/libexec/valgrind/vgpreload_memcheck-amd64-linux.so)
==25082==    by 0x10F705: ft_calloc (ft_calloc.c:28)
==25082==    by 0x10CF7B: handle_exp (expander.c:102)
==25082==    by 0x10D0F1: expand_lexeme (expander.c:132)
==25082==    by 0x10DF86: ft_expand_lexeme_list (lexemes.c:57)
==25082==    by 0x10977F: handle_commands (minishell.c:68)
==25082==    by 0x109965: execute (minishell.c:278)
==25082==    by 0x109A2A: main (minishell.c:386)
==25082== 
{
   <insert_a_suppression_name_here>
   Memcheck:Leak
   match-leak-kinds: definite
   fun:malloc
   fun:ft_calloc
   fun:handle_exp
   fun:expand_lexeme
   fun:ft_expand_lexeme_list
   fun:handle_commands
   fun:execute
   fun:main
}
==25082== 8 bytes in 8 blocks are definitely lost in loss record 4 of 85
==25082==    at 0x4848899: malloc (in /usr/libexec/valgrind/vgpreload_memcheck-amd64-linux.so)
==25082==    by 0x10F705: ft_calloc (ft_calloc.c:28)
==25082==    by 0x10CF8E: handle_exp (expander.c:103)
==25082==    by 0x10D0F1: expand_lexeme (expander.c:132)
==25082==    by 0x10DF86: ft_expand_lexeme_list (lexemes.c:57)
==25082==    by 0x10977F: handle_commands (minishell.c:68)
==25082==    by 0x109965: execute (minishell.c:278)
==25082==    by 0x109A2A: main (minishell.c:386)
==25082== 
{
   <insert_a_suppression_name_here>
   Memcheck:Leak
   match-leak-kinds: definite
   fun:malloc
   fun:ft_calloc
   fun:handle_exp
   fun:expand_lexeme
   fun:ft_expand_lexeme_list
   fun:handle_commands
   fun:execute
   fun:main
}
==25082== 9 bytes in 1 blocks are still reachable in loss record 5 of 85
==25082==    at 0x4848899: malloc (in /usr/libexec/valgrind/vgpreload_memcheck-amd64-linux.so)
==25082==    by 0x497358E: strdup (strdup.c:42)
==25082==    by 0x4B03377: ??? (in /usr/lib/x86_64-linux-gnu/libtinfo.so.6.3)
==25082==    by 0x4B05BF8: _nc_first_db (in /usr/lib/x86_64-linux-gnu/libtinfo.so.6.3)
==25082==    by 0x4B0F696: _nc_read_entry2 (in /usr/lib/x86_64-linux-gnu/libtinfo.so.6.3)
==25082==    by 0x4B0F711: ??? (in /usr/lib/x86_64-linux-gnu/libtinfo.so.6.3)
==25082==    by 0x4B0F866: _nc_setupterm (in /usr/lib/x86_64-linux-gnu/libtinfo.so.6.3)
==25082==    by 0x4B104C9: tgetent_sp (in /usr/lib/x86_64-linux-gnu/libtinfo.so.6.3)
==25082==    by 0x48AC1CD: _rl_init_terminal_io (in /usr/lib/x86_64-linux-gnu/libreadline.so.8.1)
==25082==    by 0x4898A0F: rl_initialize (in /usr/lib/x86_64-linux-gnu/libreadline.so.8.1)
==25082==    by 0x4898CD4: readline (in /usr/lib/x86_64-linux-gnu/libreadline.so.8.1)
==25082==    by 0x1098CA: execute (minishell.c:267)
==25082== 
{
   <insert_a_suppression_name_here>
   Memcheck:Leak
   match-leak-kinds: reachable
   fun:malloc
   fun:strdup
   obj:/usr/lib/x86_64-linux-gnu/libtinfo.so.6.3
   fun:_nc_first_db
   fun:_nc_read_entry2
   obj:/usr/lib/x86_64-linux-gnu/libtinfo.so.6.3
   fun:_nc_setupterm
   fun:tgetent_sp
   fun:_rl_init_terminal_io
   fun:rl_initialize
   fun:readline
   fun:execute
}
==25082== 13 bytes in 1 blocks are still reachable in loss record 6 of 85
==25082==    at 0x4848899: malloc (in /usr/libexec/valgrind/vgpreload_memcheck-amd64-linux.so)
==25082==    by 0x48B0BAC: xmalloc (in /usr/lib/x86_64-linux-gnu/libreadline.so.8.1)
==25082==    by 0x489EBF5: ??? (in /usr/lib/x86_64-linux-gnu/libreadline.so.8.1)
==25082==    by 0x4898A38: rl_initialize (in /usr/lib/x86_64-linux-gnu/libreadline.so.8.1)
==25082==    by 0x4898CD4: readline (in /usr/lib/x86_64-linux-gnu/libreadline.so.8.1)
==25082==    by 0x1098CA: execute (minishell.c:267)
==25082==    by 0x109A2A: main (minishell.c:386)
==25082== 
{
   <insert_a_suppression_name_here>
   Memcheck:Leak
   match-leak-kinds: reachable
   fun:malloc
   fun:xmalloc
   obj:/usr/lib/x86_64-linux-gnu/libreadline.so.8.1
   fun:rl_initialize
   fun:readline
   fun:execute
   fun:main
}
==25082== 14 bytes in 1 blocks are still reachable in loss record 7 of 85
==25082==    at 0x484DCD3: realloc (in /usr/libexec/valgrind/vgpreload_memcheck-amd64-linux.so)
==25082==    by 0x4B046CC: _nc_doalloc (in /usr/lib/x86_64-linux-gnu/libtinfo.so.6.3)
==25082==    by 0x4B0B272: _nc_tiparm (in /usr/lib/x86_64-linux-gnu/libtinfo.so.6.3)
==25082==    by 0x4B11C7D: ??? (in /usr/lib/x86_64-linux-gnu/libtinfo.so.6.3)
==25082==    by 0x4B11D09: _nc_trim_sgr0 (in /usr/lib/x86_64-linux-gnu/libtinfo.so.6.3)
==25082==    by 0x4B106A8: tgetent_sp (in /usr/lib/x86_64-linux-gnu/libtinfo.so.6.3)
==25082==    by 0x48AC1CD: _rl_init_terminal_io (in /usr/lib/x86_64-linux-gnu/libreadline.so.8.1)
==25082==    by 0x4898A0F: rl_initialize (in /usr/lib/x86_64-linux-gnu/libreadline.so.8.1)
==25082==    by 0x4898CD4: readline (in /usr/lib/x86_64-linux-gnu/libreadline.so.8.1)
==25082==    by 0x1098CA: execute (minishell.c:267)
==25082==    by 0x109A2A: main (minishell.c:386)
==25082== 
{
   <insert_a_suppression_name_here>
   Memcheck:Leak
   match-leak-kinds: reachable
   fun:realloc
   fun:_nc_doalloc
   fun:_nc_tiparm
   obj:/usr/lib/x86_64-linux-gnu/libtinfo.so.6.3
   fun:_nc_trim_sgr0
   fun:tgetent_sp
   fun:_rl_init_terminal_io
   fun:rl_initialize
   fun:readline
   fun:execute
   fun:main
}
==25082== 15 bytes in 1 blocks are still reachable in loss record 8 of 85
==25082==    at 0x4848899: malloc (in /usr/libexec/valgrind/vgpreload_memcheck-amd64-linux.so)
==25082==    by 0x497358E: strdup (strdup.c:42)
==25082==    by 0x4B0F8AE: _nc_setupterm (in /usr/lib/x86_64-linux-gnu/libtinfo.so.6.3)
==25082==    by 0x4B104C9: tgetent_sp (in /usr/lib/x86_64-linux-gnu/libtinfo.so.6.3)
==25082==    by 0x48AC1CD: _rl_init_terminal_io (in /usr/lib/x86_64-linux-gnu/libreadline.so.8.1)
==25082==    by 0x4898A0F: rl_initialize (in /usr/lib/x86_64-linux-gnu/libreadline.so.8.1)
==25082==    by 0x4898CD4: readline (in /usr/lib/x86_64-linux-gnu/libreadline.so.8.1)
==25082==    by 0x1098CA: execute (minishell.c:267)
==25082==    by 0x109A2A: main (minishell.c:386)
==25082== 
{
   <insert_a_suppression_name_here>
   Memcheck:Leak
   match-leak-kinds: reachable
   fun:malloc
   fun:strdup
   fun:_nc_setupterm
   fun:tgetent_sp
   fun:_rl_init_terminal_io
   fun:rl_initialize
   fun:readline
   fun:execute
   fun:main
}
==25082== 16 bytes in 1 blocks are still reachable in loss record 9 of 85
==25082==    at 0x4848899: malloc (in /usr/libexec/valgrind/vgpreload_memcheck-amd64-linux.so)
==25082==    by 0x4898B26: rl_initialize (in /usr/lib/x86_64-linux-gnu/libreadline.so.8.1)
==25082==    by 0x4898CD4: readline (in /usr/lib/x86_64-linux-gnu/libreadline.so.8.1)
==25082==    by 0x1098CA: execute (minishell.c:267)
==25082==    by 0x109A2A: main (minishell.c:386)
==25082== 
{
   <insert_a_suppression_name_here>
   Memcheck:Leak
   match-leak-kinds: reachable
   fun:malloc
   fun:rl_initialize
   fun:readline
   fun:execute
   fun:main
}
==25082== 16 bytes in 1 blocks are indirectly lost in loss record 10 of 85
==25082==    at 0x4848899: malloc (in /usr/libexec/valgrind/vgpreload_memcheck-amd64-linux.so)
==25082==    by 0x10E83C: ft_add_redir (parse_cmd.c:131)
==25082==    by 0x10E810: handle_lexemes (parse_cmd.c:123)
==25082==    by 0x10E4BF: ft_parse_lexemes (parse_cmd.c:70)
==25082==    by 0x1097A1: handle_commands (minishell.c:71)
==25082==    by 0x109965: execute (minishell.c:278)
==25082==    by 0x109A2A: main (minishell.c:386)
==25082== 
{
   <insert_a_suppression_name_here>
   Memcheck:Leak
   match-leak-kinds: indirect
   fun:malloc
   fun:ft_add_redir
   fun:handle_lexemes
   fun:ft_parse_lexemes
   fun:handle_commands
   fun:execute
   fun:main
}
==25082== 16 bytes in 1 blocks are indirectly lost in loss record 11 of 85
==25082==    at 0x4848899: malloc (in /usr/libexec/valgrind/vgpreload_memcheck-amd64-linux.so)
==25082==    by 0x10FA7A: ft_lstnew (ft_lstnew.c:19)
==25082==    by 0x10E86E: ft_add_redir (parse_cmd.c:135)
==25082==    by 0x10E810: handle_lexemes (parse_cmd.c:123)
==25082==    by 0x10E4BF: ft_parse_lexemes (parse_cmd.c:70)
==25082==    by 0x1097A1: handle_commands (minishell.c:71)
==25082==    by 0x109965: execute (minishell.c:278)
==25082==    by 0x109A2A: main (minishell.c:386)
==25082== 
{
   <insert_a_suppression_name_here>
   Memcheck:Leak
   match-leak-kinds: indirect
   fun:malloc
   fun:ft_lstnew
   fun:ft_add_redir
   fun:handle_lexemes
   fun:ft_parse_lexemes
   fun:handle_commands
   fun:execute
   fun:main
}
==25082== 16 bytes in 1 blocks are indirectly lost in loss record 12 of 85
==25082==    at 0x4848899: malloc (in /usr/libexec/valgrind/vgpreload_memcheck-amd64-linux.so)
==25082==    by 0x10FA7A: ft_lstnew (ft_lstnew.c:19)
==25082==    by 0x1097DE: handle_commands (minishell.c:77)
==25082==    by 0x109965: execute (minishell.c:278)
==25082==    by 0x109A2A: main (minishell.c:386)
==25082== 
{
   <insert_a_suppression_name_here>
   Memcheck:Leak
   match-leak-kinds: indirect
   fun:malloc
   fun:ft_lstnew
   fun:handle_commands
   fun:execute
   fun:main
}
==25082== 20 bytes in 1 blocks are still reachable in loss record 13 of 85
==25082==    at 0x4848899: malloc (in /usr/libexec/valgrind/vgpreload_memcheck-amd64-linux.so)
==25082==    by 0x48B0BAC: xmalloc (in /usr/lib/x86_64-linux-gnu/libreadline.so.8.1)
==25082==    by 0x489BD8B: ??? (in /usr/lib/x86_64-linux-gnu/libreadline.so.8.1)
==25082==    by 0x489E6C9: rl_parse_and_bind (in /usr/lib/x86_64-linux-gnu/libreadline.so.8.1)
==25082==    by 0x489EB6C: ??? (in /usr/lib/x86_64-linux-gnu/libreadline.so.8.1)
==25082==    by 0x4898A38: rl_initialize (in /usr/lib/x86_64-linux-gnu/libreadline.so.8.1)
==25082==    by 0x4898CD4: readline (in /usr/lib/x86_64-linux-gnu/libreadline.so.8.1)
==25082==    by 0x1098CA: execute (minishell.c:267)
==25082==    by 0x109A2A: main (minishell.c:386)
==25082== 
{
   <insert_a_suppression_name_here>
   Memcheck:Leak
   match-leak-kinds: reachable
   fun:malloc
   fun:xmalloc
   obj:/usr/lib/x86_64-linux-gnu/libreadline.so.8.1
   fun:rl_parse_and_bind
   obj:/usr/lib/x86_64-linux-gnu/libreadline.so.8.1
   fun:rl_initialize
   fun:readline
   fun:execute
   fun:main
}
==25082== 21 bytes in 1 blocks are still reachable in loss record 14 of 85
==25082==    at 0x4848899: malloc (in /usr/libexec/valgrind/vgpreload_memcheck-amd64-linux.so)
==25082==    by 0x4B05624: _nc_home_terminfo (in /usr/lib/x86_64-linux-gnu/libtinfo.so.6.3)
==25082==    by 0x4B05BE2: _nc_first_db (in /usr/lib/x86_64-linux-gnu/libtinfo.so.6.3)
==25082==    by 0x4B0F696: _nc_read_entry2 (in /usr/lib/x86_64-linux-gnu/libtinfo.so.6.3)
==25082==    by 0x4B0F711: ??? (in /usr/lib/x86_64-linux-gnu/libtinfo.so.6.3)
==25082==    by 0x4B0F866: _nc_setupterm (in /usr/lib/x86_64-linux-gnu/libtinfo.so.6.3)
==25082==    by 0x4B104C9: tgetent_sp (in /usr/lib/x86_64-linux-gnu/libtinfo.so.6.3)
==25082==    by 0x48AC1CD: _rl_init_terminal_io (in /usr/lib/x86_64-linux-gnu/libreadline.so.8.1)
==25082==    by 0x4898A0F: rl_initialize (in /usr/lib/x86_64-linux-gnu/libreadline.so.8.1)
==25082==    by 0x4898CD4: readline (in /usr/lib/x86_64-linux-gnu/libreadline.so.8.1)
==25082==    by 0x1098CA: execute (minishell.c:267)
==25082==    by 0x109A2A: main (minishell.c:386)
==25082== 
{
   <insert_a_suppression_name_here>
   Memcheck:Leak
   match-leak-kinds: reachable
   fun:malloc
   fun:_nc_home_terminfo
   fun:_nc_first_db
   fun:_nc_read_entry2
   obj:/usr/lib/x86_64-linux-gnu/libtinfo.so.6.3
   fun:_nc_setupterm
   fun:tgetent_sp
   fun:_rl_init_terminal_io
   fun:rl_initialize
   fun:readline
   fun:execute
   fun:main
}
==25082== 23 bytes in 1 blocks are still reachable in loss record 15 of 85
==25082==    at 0x4848899: malloc (in /usr/libexec/valgrind/vgpreload_memcheck-amd64-linux.so)
==25082==    by 0x48B0BAC: xmalloc (in /usr/lib/x86_64-linux-gnu/libreadline.so.8.1)
==25082==    by 0x488D1E3: rl_set_prompt (in /usr/lib/x86_64-linux-gnu/libreadline.so.8.1)
==25082==    by 0x4898CCF: readline (in /usr/lib/x86_64-linux-gnu/libreadline.so.8.1)
==25082==    by 0x1098CA: execute (minishell.c:267)
==25082==    by 0x109A2A: main (minishell.c:386)
==25082== 
{
   <insert_a_suppression_name_here>
   Memcheck:Leak
   match-leak-kinds: reachable
   fun:malloc
   fun:xmalloc
   fun:rl_set_prompt
   fun:readline
   fun:execute
   fun:main
}
==25082== 23 bytes in 1 blocks are still reachable in loss record 16 of 85
==25082==    at 0x4848899: malloc (in /usr/libexec/valgrind/vgpreload_memcheck-amd64-linux.so)
==25082==    by 0x48B0BAC: xmalloc (in /usr/lib/x86_64-linux-gnu/libreadline.so.8.1)
==25082==    by 0x489D5F2: ??? (in /usr/lib/x86_64-linux-gnu/libreadline.so.8.1)
==25082==    by 0x489DE0D: rl_expand_prompt (in /usr/lib/x86_64-linux-gnu/libreadline.so.8.1)
==25082==    by 0x488D1BF: rl_set_prompt (in /usr/lib/x86_64-linux-gnu/libreadline.so.8.1)
==25082==    by 0x4898CCF: readline (in /usr/lib/x86_64-linux-gnu/libreadline.so.8.1)
==25082==    by 0x1098CA: execute (minishell.c:267)
==25082==    by 0x109A2A: main (minishell.c:386)
==25082== 
{
   <insert_a_suppression_name_here>
   Memcheck:Leak
   match-leak-kinds: reachable
   fun:malloc
   fun:xmalloc
   obj:/usr/lib/x86_64-linux-gnu/libreadline.so.8.1
   fun:rl_expand_prompt
   fun:rl_set_prompt
   fun:readline
   fun:execute
   fun:main
}
==25082== 24 bytes in 1 blocks are still reachable in loss record 17 of 85
==25082==    at 0x4848899: malloc (in /usr/libexec/valgrind/vgpreload_memcheck-amd64-linux.so)
==25082==    by 0x49EAF34: tsearch (tsearch.c:337)
==25082==    by 0x4B07D6E: ??? (in /usr/lib/x86_64-linux-gnu/libtinfo.so.6.3)
==25082==    by 0x4B0B098: _nc_tiparm (in /usr/lib/x86_64-linux-gnu/libtinfo.so.6.3)
==25082==    by 0x4B11C7D: ??? (in /usr/lib/x86_64-linux-gnu/libtinfo.so.6.3)
==25082==    by 0x4B11D09: _nc_trim_sgr0 (in /usr/lib/x86_64-linux-gnu/libtinfo.so.6.3)
==25082==    by 0x4B106A8: tgetent_sp (in /usr/lib/x86_64-linux-gnu/libtinfo.so.6.3)
==25082==    by 0x48AC1CD: _rl_init_terminal_io (in /usr/lib/x86_64-linux-gnu/libreadline.so.8.1)
==25082==    by 0x4898A0F: rl_initialize (in /usr/lib/x86_64-linux-gnu/libreadline.so.8.1)
==25082==    by 0x4898CD4: readline (in /usr/lib/x86_64-linux-gnu/libreadline.so.8.1)
==25082==    by 0x1098CA: execute (minishell.c:267)
==25082==    by 0x109A2A: main (minishell.c:386)
==25082== 
{
   <insert_a_suppression_name_here>
   Memcheck:Leak
   match-leak-kinds: reachable
   fun:malloc
   fun:tsearch
   obj:/usr/lib/x86_64-linux-gnu/libtinfo.so.6.3
   fun:_nc_tiparm
   obj:/usr/lib/x86_64-linux-gnu/libtinfo.so.6.3
   fun:_nc_trim_sgr0
   fun:tgetent_sp
   fun:_rl_init_terminal_io
   fun:rl_initialize
   fun:readline
   fun:execute
   fun:main
}
==25082== 24 bytes in 2 blocks are still reachable in loss record 18 of 85
==25082==    at 0x4848899: malloc (in /usr/libexec/valgrind/vgpreload_memcheck-amd64-linux.so)
==25082==    by 0x48B0BAC: xmalloc (in /usr/lib/x86_64-linux-gnu/libreadline.so.8.1)
==25082==    by 0x48A9F28: add_history (in /usr/lib/x86_64-linux-gnu/libreadline.so.8.1)
==25082==    by 0x10DE22: ft_add_cmd_to_history (history.c:19)
==25082==    by 0x1098FC: execute (minishell.c:270)
==25082==    by 0x109A2A: main (minishell.c:386)
==25082== 
{
   <insert_a_suppression_name_here>
   Memcheck:Leak
   match-leak-kinds: reachable
   fun:malloc
   fun:xmalloc
   fun:add_history
   fun:ft_add_cmd_to_history
   fun:execute
   fun:main
}
==25082== 28 bytes in 7 blocks are indirectly lost in loss record 19 of 85
==25082==    at 0x4848899: malloc (in /usr/libexec/valgrind/vgpreload_memcheck-amd64-linux.so)
==25082==    by 0x110B37: ft_strdup (ft_strdup.c:21)
==25082==    by 0x10D11E: expand_lexeme (expander.c:135)
==25082==    by 0x10DF86: ft_expand_lexeme_list (lexemes.c:57)
==25082==    by 0x10977F: handle_commands (minishell.c:68)
==25082==    by 0x109965: execute (minishell.c:278)
==25082==    by 0x109A2A: main (minishell.c:386)
==25082== 
{
   <insert_a_suppression_name_here>
   Memcheck:Leak
   match-leak-kinds: indirect
   fun:malloc
   fun:ft_strdup
   fun:expand_lexeme
   fun:ft_expand_lexeme_list
   fun:handle_commands
   fun:execute
   fun:main
}
==25082== 30 bytes in 1 blocks are definitely lost in loss record 20 of 85
==25082==    at 0x484DCD3: realloc (in /usr/libexec/valgrind/vgpreload_memcheck-amd64-linux.so)
==25082==    by 0x49E07BC: getcwd (getcwd.c:86)
==25082==    by 0x109F32: go (cd.c:110)
==25082==    by 0x10A0FE: ft_cd (cd.c:161)
==25082==    by 0x10BEB0: exec_builtin (execute1.c:35)
==25082==    by 0x10BE2C: execute_nofork (execute1.c:21)
==25082==    by 0x10C6E3: exec (execute.c:57)
==25082==    by 0x109853: handle_commands (minishell.c:83)
==25082==    by 0x109965: execute (minishell.c:278)
==25082==    by 0x109A2A: main (minishell.c:386)
==25082== 
{
   <insert_a_suppression_name_here>
   Memcheck:Leak
   match-leak-kinds: definite
   fun:realloc
   fun:getcwd
   fun:go
   fun:ft_cd
   fun:exec_builtin
   fun:execute_nofork
   fun:exec
   fun:handle_commands
   fun:execute
   fun:main
}
==25082== 32 bytes in 3 blocks are indirectly lost in loss record 21 of 85
==25082==    at 0x4848899: malloc (in /usr/libexec/valgrind/vgpreload_memcheck-amd64-linux.so)
==25082==    by 0x11117F: ft_substr (ft_substr.c:31)
==25082==    by 0x1110E9: ft_strtrim (ft_strtrim.c:49)
==25082==    by 0x10F234: ft_strtrim_replace (utils2.c:22)
==25082==    by 0x109601: check_commands (minishell.c:41)
==25082==    by 0x109949: execute (minishell.c:277)
==25082==    by 0x109A2A: main (minishell.c:386)
==25082== 
{
   <insert_a_suppression_name_here>
   Memcheck:Leak
   match-leak-kinds: indirect
   fun:malloc
   fun:ft_substr
   fun:ft_strtrim
   fun:ft_strtrim_replace
   fun:check_commands
   fun:execute
   fun:main
}
==25082== 32 bytes in 8 blocks are indirectly lost in loss record 22 of 85
==25082==    at 0x4848899: malloc (in /usr/libexec/valgrind/vgpreload_memcheck-amd64-linux.so)
==25082==    by 0x11117F: ft_substr (ft_substr.c:31)
==25082==    by 0x1110E9: ft_strtrim (ft_strtrim.c:49)
==25082==    by 0x10E1BF: create_node (tokenize.c:65)
==25082==    by 0x10E107: ft_tokenize (tokenize.c:50)
==25082==    by 0x109738: handle_commands (minishell.c:65)
==25082==    by 0x109965: execute (minishell.c:278)
==25082==    by 0x109A2A: main (minishell.c:386)
==25082== 
{
   <insert_a_suppression_name_here>
   Memcheck:Leak
   match-leak-kinds: indirect
   fun:malloc
   fun:ft_substr
   fun:ft_strtrim
   fun:create_node
   fun:ft_tokenize
   fun:handle_commands
   fun:execute
   fun:main
}
==25082== 34 bytes in 2 blocks are still reachable in loss record 23 of 85
==25082==    at 0x4848899: malloc (in /usr/libexec/valgrind/vgpreload_memcheck-amd64-linux.so)
==25082==    by 0x48B0BAC: xmalloc (in /usr/lib/x86_64-linux-gnu/libreadline.so.8.1)
==25082==    by 0x48A7B39: alloc_history_entry (in /usr/lib/x86_64-linux-gnu/libreadline.so.8.1)
==25082==    by 0x48A9F65: add_history (in /usr/lib/x86_64-linux-gnu/libreadline.so.8.1)
==25082==    by 0x10DE22: ft_add_cmd_to_history (history.c:19)
==25082==    by 0x1098FC: execute (minishell.c:270)
==25082==    by 0x109A2A: main (minishell.c:386)
==25082== 
{
   <insert_a_suppression_name_here>
   Memcheck:Leak
   match-leak-kinds: reachable
   fun:malloc
   fun:xmalloc
   fun:alloc_history_entry
   fun:add_history
   fun:ft_add_cmd_to_history
   fun:execute
   fun:main
}
==25082== 46 bytes in 1 blocks are still reachable in loss record 24 of 85
==25082==    at 0x484DCD3: realloc (in /usr/libexec/valgrind/vgpreload_memcheck-amd64-linux.so)
==25082==    by 0x4B046CC: _nc_doalloc (in /usr/lib/x86_64-linux-gnu/libtinfo.so.6.3)
==25082==    by 0x4B0F16F: _nc_read_termtype (in /usr/lib/x86_64-linux-gnu/libtinfo.so.6.3)
==25082==    by 0x4B0F52A: ??? (in /usr/lib/x86_64-linux-gnu/libtinfo.so.6.3)
==25082==    by 0x4B11C40: ??? (in /usr/lib/x86_64-linux-gnu/libtinfo.so.6.3)
==25082==    by 0x4B0F6BB: _nc_read_entry2 (in /usr/lib/x86_64-linux-gnu/libtinfo.so.6.3)
==25082==    by 0x4B0F711: ??? (in /usr/lib/x86_64-linux-gnu/libtinfo.so.6.3)
==25082==    by 0x4B0F866: _nc_setupterm (in /usr/lib/x86_64-linux-gnu/libtinfo.so.6.3)
==25082==    by 0x4B104C9: tgetent_sp (in /usr/lib/x86_64-linux-gnu/libtinfo.so.6.3)
==25082==    by 0x48AC1CD: _rl_init_terminal_io (in /usr/lib/x86_64-linux-gnu/libreadline.so.8.1)
==25082==    by 0x4898A0F: rl_initialize (in /usr/lib/x86_64-linux-gnu/libreadline.so.8.1)
==25082==    by 0x4898CD4: readline (in /usr/lib/x86_64-linux-gnu/libreadline.so.8.1)
==25082== 
{
   <insert_a_suppression_name_here>
   Memcheck:Leak
   match-leak-kinds: reachable
   fun:realloc
   fun:_nc_doalloc
   fun:_nc_read_termtype
   obj:/usr/lib/x86_64-linux-gnu/libtinfo.so.6.3
   obj:/usr/lib/x86_64-linux-gnu/libtinfo.so.6.3
   fun:_nc_read_entry2
   obj:/usr/lib/x86_64-linux-gnu/libtinfo.so.6.3
   fun:_nc_setupterm
   fun:tgetent_sp
   fun:_rl_init_terminal_io
   fun:rl_initialize
   fun:readline
}
==25082== 46 bytes in 1 blocks are still reachable in loss record 25 of 85
==25082==    at 0x4848899: malloc (in /usr/libexec/valgrind/vgpreload_memcheck-amd64-linux.so)
==25082==    by 0x4B03FDE: ??? (in /usr/lib/x86_64-linux-gnu/libtinfo.so.6.3)
==25082==    by 0x4B0F87D: _nc_setupterm (in /usr/lib/x86_64-linux-gnu/libtinfo.so.6.3)
==25082==    by 0x4B104C9: tgetent_sp (in /usr/lib/x86_64-linux-gnu/libtinfo.so.6.3)
==25082==    by 0x48AC1CD: _rl_init_terminal_io (in /usr/lib/x86_64-linux-gnu/libreadline.so.8.1)
==25082==    by 0x4898A0F: rl_initialize (in /usr/lib/x86_64-linux-gnu/libreadline.so.8.1)
==25082==    by 0x4898CD4: readline (in /usr/lib/x86_64-linux-gnu/libreadline.so.8.1)
==25082==    by 0x1098CA: execute (minishell.c:267)
==25082==    by 0x109A2A: main (minishell.c:386)
==25082== 
{
   <insert_a_suppression_name_here>
   Memcheck:Leak
   match-leak-kinds: reachable
   fun:malloc
   obj:/usr/lib/x86_64-linux-gnu/libtinfo.so.6.3
   fun:_nc_setupterm
   fun:tgetent_sp
   fun:_rl_init_terminal_io
   fun:rl_initialize
   fun:readline
   fun:execute
   fun:main
}
==25082== 48 bytes in 1 blocks are still reachable in loss record 26 of 85
==25082==    at 0x484DA83: calloc (in /usr/libexec/valgrind/vgpreload_memcheck-amd64-linux.so)
==25082==    by 0x4B05833: _nc_first_db (in /usr/lib/x86_64-linux-gnu/libtinfo.so.6.3)
==25082==    by 0x4B0F696: _nc_read_entry2 (in /usr/lib/x86_64-linux-gnu/libtinfo.so.6.3)
==25082==    by 0x4B0F711: ??? (in /usr/lib/x86_64-linux-gnu/libtinfo.so.6.3)
==25082==    by 0x4B0F866: _nc_setupterm (in /usr/lib/x86_64-linux-gnu/libtinfo.so.6.3)
==25082==    by 0x4B104C9: tgetent_sp (in /usr/lib/x86_64-linux-gnu/libtinfo.so.6.3)
==25082==    by 0x48AC1CD: _rl_init_terminal_io (in /usr/lib/x86_64-linux-gnu/libreadline.so.8.1)
==25082==    by 0x4898A0F: rl_initialize (in /usr/lib/x86_64-linux-gnu/libreadline.so.8.1)
==25082==    by 0x4898CD4: readline (in /usr/lib/x86_64-linux-gnu/libreadline.so.8.1)
==25082==    by 0x1098CA: execute (minishell.c:267)
==25082==    by 0x109A2A: main (minishell.c:386)
==25082== 
{
   <insert_a_suppression_name_here>
   Memcheck:Leak
   match-leak-kinds: reachable
   fun:calloc
   fun:_nc_first_db
   fun:_nc_read_entry2
   obj:/usr/lib/x86_64-linux-gnu/libtinfo.so.6.3
   fun:_nc_setupterm
   fun:tgetent_sp
   fun:_rl_init_terminal_io
   fun:rl_initialize
   fun:readline
   fun:execute
   fun:main
}
==25082== 48 bytes in 2 blocks are still reachable in loss record 27 of 85
==25082==    at 0x4848899: malloc (in /usr/libexec/valgrind/vgpreload_memcheck-amd64-linux.so)
==25082==    by 0x48B0BAC: xmalloc (in /usr/lib/x86_64-linux-gnu/libreadline.so.8.1)
==25082==    by 0x48A7B1D: alloc_history_entry (in /usr/lib/x86_64-linux-gnu/libreadline.so.8.1)
==25082==    by 0x48A9F65: add_history (in /usr/lib/x86_64-linux-gnu/libreadline.so.8.1)
==25082==    by 0x10DE22: ft_add_cmd_to_history (history.c:19)
==25082==    by 0x1098FC: execute (minishell.c:270)
==25082==    by 0x109A2A: main (minishell.c:386)
==25082== 
{
   <insert_a_suppression_name_here>
   Memcheck:Leak
   match-leak-kinds: reachable
   fun:malloc
   fun:xmalloc
   fun:alloc_history_entry
   fun:add_history
   fun:ft_add_cmd_to_history
   fun:execute
   fun:main
}
==25082== 72 bytes in 3 blocks are indirectly lost in loss record 28 of 85
==25082==    at 0x4848899: malloc (in /usr/libexec/valgrind/vgpreload_memcheck-amd64-linux.so)
==25082==    by 0x10E3A3: get_args (parse_cmd.c:32)
==25082==    by 0x10E502: ft_parse_lexemes (parse_cmd.c:78)
==25082==    by 0x1097A1: handle_commands (minishell.c:71)
==25082==    by 0x109965: execute (minishell.c:278)
==25082==    by 0x109A2A: main (minishell.c:386)
==25082== 
{
   <insert_a_suppression_name_here>
   Memcheck:Leak
   match-leak-kinds: indirect
   fun:malloc
   fun:get_args
   fun:ft_parse_lexemes
   fun:handle_commands
   fun:execute
   fun:main
}
==25082== 72 (40 direct, 32 indirect) bytes in 2 blocks are definitely lost in loss record 29 of 85
==25082==    at 0x4848899: malloc (in /usr/libexec/valgrind/vgpreload_memcheck-amd64-linux.so)
==25082==    by 0x11098C: ft_split (ft_split.c:124)
==25082==    by 0x10991D: execute (minishell.c:273)
==25082==    by 0x109A2A: main (minishell.c:386)
==25082== 
{
   <insert_a_suppression_name_here>
   Memcheck:Leak
   match-leak-kinds: definite
   fun:malloc
   fun:ft_split
   fun:execute
   fun:main
}
==25082== 78 bytes in 1 blocks are still reachable in loss record 30 of 85
==25082==    at 0x4848899: malloc (in /usr/libexec/valgrind/vgpreload_memcheck-amd64-linux.so)
==25082==    by 0x4B0404B: ??? (in /usr/lib/x86_64-linux-gnu/libtinfo.so.6.3)
==25082==    by 0x4B0F87D: _nc_setupterm (in /usr/lib/x86_64-linux-gnu/libtinfo.so.6.3)
==25082==    by 0x4B104C9: tgetent_sp (in /usr/lib/x86_64-linux-gnu/libtinfo.so.6.3)
==25082==    by 0x48AC1CD: _rl_init_terminal_io (in /usr/lib/x86_64-linux-gnu/libreadline.so.8.1)
==25082==    by 0x4898A0F: rl_initialize (in /usr/lib/x86_64-linux-gnu/libreadline.so.8.1)
==25082==    by 0x4898CD4: readline (in /usr/lib/x86_64-linux-gnu/libreadline.so.8.1)
==25082==    by 0x1098CA: execute (minishell.c:267)
==25082==    by 0x109A2A: main (minishell.c:386)
==25082== 
{
   <insert_a_suppression_name_here>
   Memcheck:Leak
   match-leak-kinds: reachable
   fun:malloc
   obj:/usr/lib/x86_64-linux-gnu/libtinfo.so.6.3
   fun:_nc_setupterm
   fun:tgetent_sp
   fun:_rl_init_terminal_io
   fun:rl_initialize
   fun:readline
   fun:execute
   fun:main
}
==25082== 80 bytes in 5 blocks are indirectly lost in loss record 31 of 85
==25082==    at 0x4848899: malloc (in /usr/libexec/valgrind/vgpreload_memcheck-amd64-linux.so)
==25082==    by 0x10FA7A: ft_lstnew (ft_lstnew.c:19)
==25082==    by 0x10DF3A: init_lexeme (lexemes.c:47)
==25082==    by 0x10E1F1: create_node (tokenize.c:69)
==25082==    by 0x10E107: ft_tokenize (tokenize.c:50)
==25082==    by 0x109738: handle_commands (minishell.c:65)
==25082==    by 0x109965: execute (minishell.c:278)
==25082==    by 0x109A2A: main (minishell.c:386)
==25082== 
{
   <insert_a_suppression_name_here>
   Memcheck:Leak
   match-leak-kinds: indirect
   fun:malloc
   fun:ft_lstnew
   fun:init_lexeme
   fun:create_node
   fun:ft_tokenize
   fun:handle_commands
   fun:execute
   fun:main
}
==25082== 90 bytes in 1 blocks are still reachable in loss record 32 of 85
==25082==    at 0x4848899: malloc (in /usr/libexec/valgrind/vgpreload_memcheck-amd64-linux.so)
==25082==    by 0x4B0579A: _nc_first_db (in /usr/lib/x86_64-linux-gnu/libtinfo.so.6.3)
==25082==    by 0x4B0F696: _nc_read_entry2 (in /usr/lib/x86_64-linux-gnu/libtinfo.so.6.3)
==25082==    by 0x4B0F711: ??? (in /usr/lib/x86_64-linux-gnu/libtinfo.so.6.3)
==25082==    by 0x4B0F866: _nc_setupterm (in /usr/lib/x86_64-linux-gnu/libtinfo.so.6.3)
==25082==    by 0x4B104C9: tgetent_sp (in /usr/lib/x86_64-linux-gnu/libtinfo.so.6.3)
==25082==    by 0x48AC1CD: _rl_init_terminal_io (in /usr/lib/x86_64-linux-gnu/libreadline.so.8.1)
==25082==    by 0x4898A0F: rl_initialize (in /usr/lib/x86_64-linux-gnu/libreadline.so.8.1)
==25082==    by 0x4898CD4: readline (in /usr/lib/x86_64-linux-gnu/libreadline.so.8.1)
==25082==    by 0x1098CA: execute (minishell.c:267)
==25082==    by 0x109A2A: main (minishell.c:386)
==25082== 
{
   <insert_a_suppression_name_here>
   Memcheck:Leak
   match-leak-kinds: reachable
   fun:malloc
   fun:_nc_first_db
   fun:_nc_read_entry2
   obj:/usr/lib/x86_64-linux-gnu/libtinfo.so.6.3
   fun:_nc_setupterm
   fun:tgetent_sp
   fun:_rl_init_terminal_io
   fun:rl_initialize
   fun:readline
   fun:execute
   fun:main
}
==25082== 93 bytes in 1 blocks are still reachable in loss record 33 of 85
==25082==    at 0x4848899: malloc (in /usr/libexec/valgrind/vgpreload_memcheck-amd64-linux.so)
==25082==    by 0x497358E: strdup (strdup.c:42)
==25082==    by 0x4B07D54: ??? (in /usr/lib/x86_64-linux-gnu/libtinfo.so.6.3)
==25082==    by 0x4B0B098: _nc_tiparm (in /usr/lib/x86_64-linux-gnu/libtinfo.so.6.3)
==25082==    by 0x4B11C7D: ??? (in /usr/lib/x86_64-linux-gnu/libtinfo.so.6.3)
==25082==    by 0x4B11D09: _nc_trim_sgr0 (in /usr/lib/x86_64-linux-gnu/libtinfo.so.6.3)
==25082==    by 0x4B106A8: tgetent_sp (in /usr/lib/x86_64-linux-gnu/libtinfo.so.6.3)
==25082==    by 0x48AC1CD: _rl_init_terminal_io (in /usr/lib/x86_64-linux-gnu/libreadline.so.8.1)
==25082==    by 0x4898A0F: rl_initialize (in /usr/lib/x86_64-linux-gnu/libreadline.so.8.1)
==25082==    by 0x4898CD4: readline (in /usr/lib/x86_64-linux-gnu/libreadline.so.8.1)
==25082==    by 0x1098CA: execute (minishell.c:267)
==25082==    by 0x109A2A: main (minishell.c:386)
==25082== 
{
   <insert_a_suppression_name_here>
   Memcheck:Leak
   match-leak-kinds: reachable
   fun:malloc
   fun:strdup
   obj:/usr/lib/x86_64-linux-gnu/libtinfo.so.6.3
   fun:_nc_tiparm
   obj:/usr/lib/x86_64-linux-gnu/libtinfo.so.6.3
   fun:_nc_trim_sgr0
   fun:tgetent_sp
   fun:_rl_init_terminal_io
   fun:rl_initialize
   fun:readline
   fun:execute
   fun:main
}
==25082== 94 bytes in 1 blocks are still reachable in loss record 34 of 85
==25082==    at 0x4848899: malloc (in /usr/libexec/valgrind/vgpreload_memcheck-amd64-linux.so)
==25082==    by 0x4B0795B: _nc_tparm_analyze (in /usr/lib/x86_64-linux-gnu/libtinfo.so.6.3)
==25082==    by 0x4B07C62: ??? (in /usr/lib/x86_64-linux-gnu/libtinfo.so.6.3)
==25082==    by 0x4B0B098: _nc_tiparm (in /usr/lib/x86_64-linux-gnu/libtinfo.so.6.3)
==25082==    by 0x4B11C7D: ??? (in /usr/lib/x86_64-linux-gnu/libtinfo.so.6.3)
==25082==    by 0x4B11D09: _nc_trim_sgr0 (in /usr/lib/x86_64-linux-gnu/libtinfo.so.6.3)
==25082==    by 0x4B106A8: tgetent_sp (in /usr/lib/x86_64-linux-gnu/libtinfo.so.6.3)
==25082==    by 0x48AC1CD: _rl_init_terminal_io (in /usr/lib/x86_64-linux-gnu/libreadline.so.8.1)
==25082==    by 0x4898A0F: rl_initialize (in /usr/lib/x86_64-linux-gnu/libreadline.so.8.1)
==25082==    by 0x4898CD4: readline (in /usr/lib/x86_64-linux-gnu/libreadline.so.8.1)
==25082==    by 0x1098CA: execute (minishell.c:267)
==25082==    by 0x109A2A: main (minishell.c:386)
==25082== 
{
   <insert_a_suppression_name_here>
   Memcheck:Leak
   match-leak-kinds: reachable
   fun:malloc
   fun:_nc_tparm_analyze
   obj:/usr/lib/x86_64-linux-gnu/libtinfo.so.6.3
   fun:_nc_tiparm
   obj:/usr/lib/x86_64-linux-gnu/libtinfo.so.6.3
   fun:_nc_trim_sgr0
   fun:tgetent_sp
   fun:_rl_init_terminal_io
   fun:rl_initialize
   fun:readline
   fun:execute
   fun:main
}
==25082== 144 bytes in 3 blocks are indirectly lost in loss record 35 of 85
==25082==    at 0x4848899: malloc (in /usr/libexec/valgrind/vgpreload_memcheck-amd64-linux.so)
==25082==    by 0x10E44C: ft_parse_lexemes (parse_cmd.c:58)
==25082==    by 0x1097A1: handle_commands (minishell.c:71)
==25082==    by 0x109965: execute (minishell.c:278)
==25082==    by 0x109A2A: main (minishell.c:386)
==25082== 
{
   <insert_a_suppression_name_here>
   Memcheck:Leak
   match-leak-kinds: indirect
   fun:malloc
   fun:ft_parse_lexemes
   fun:handle_commands
   fun:execute
   fun:main
}
==25082== 156 bytes in 1 blocks are still reachable in loss record 36 of 85
==25082==    at 0x484DCD3: realloc (in /usr/libexec/valgrind/vgpreload_memcheck-amd64-linux.so)
==25082==    by 0x4B046CC: _nc_doalloc (in /usr/lib/x86_64-linux-gnu/libtinfo.so.6.3)
==25082==    by 0x4B0F197: _nc_read_termtype (in /usr/lib/x86_64-linux-gnu/libtinfo.so.6.3)
==25082==    by 0x4B0F52A: ??? (in /usr/lib/x86_64-linux-gnu/libtinfo.so.6.3)
==25082==    by 0x4B11C40: ??? (in /usr/lib/x86_64-linux-gnu/libtinfo.so.6.3)
==25082==    by 0x4B0F6BB: _nc_read_entry2 (in /usr/lib/x86_64-linux-gnu/libtinfo.so.6.3)
==25082==    by 0x4B0F711: ??? (in /usr/lib/x86_64-linux-gnu/libtinfo.so.6.3)
==25082==    by 0x4B0F866: _nc_setupterm (in /usr/lib/x86_64-linux-gnu/libtinfo.so.6.3)
==25082==    by 0x4B104C9: tgetent_sp (in /usr/lib/x86_64-linux-gnu/libtinfo.so.6.3)
==25082==    by 0x48AC1CD: _rl_init_terminal_io (in /usr/lib/x86_64-linux-gnu/libreadline.so.8.1)
==25082==    by 0x4898A0F: rl_initialize (in /usr/lib/x86_64-linux-gnu/libreadline.so.8.1)
==25082==    by 0x4898CD4: readline (in /usr/lib/x86_64-linux-gnu/libreadline.so.8.1)
==25082== 
{
   <insert_a_suppression_name_here>
   Memcheck:Leak
   match-leak-kinds: reachable
   fun:realloc
   fun:_nc_doalloc
   fun:_nc_read_termtype
   obj:/usr/lib/x86_64-linux-gnu/libtinfo.so.6.3
   obj:/usr/lib/x86_64-linux-gnu/libtinfo.so.6.3
   fun:_nc_read_entry2
   obj:/usr/lib/x86_64-linux-gnu/libtinfo.so.6.3
   fun:_nc_setupterm
   fun:tgetent_sp
   fun:_rl_init_terminal_io
   fun:rl_initialize
   fun:readline
}
==25082== 168 bytes in 1 blocks are still reachable in loss record 37 of 85
==25082==    at 0x484DA83: calloc (in /usr/libexec/valgrind/vgpreload_memcheck-amd64-linux.so)
==25082==    by 0x4B07CCD: ??? (in /usr/lib/x86_64-linux-gnu/libtinfo.so.6.3)
==25082==    by 0x4B0B098: _nc_tiparm (in /usr/lib/x86_64-linux-gnu/libtinfo.so.6.3)
==25082==    by 0x4B11C7D: ??? (in /usr/lib/x86_64-linux-gnu/libtinfo.so.6.3)
==25082==    by 0x4B11D09: _nc_trim_sgr0 (in /usr/lib/x86_64-linux-gnu/libtinfo.so.6.3)
==25082==    by 0x4B106A8: tgetent_sp (in /usr/lib/x86_64-linux-gnu/libtinfo.so.6.3)
==25082==    by 0x48AC1CD: _rl_init_terminal_io (in /usr/lib/x86_64-linux-gnu/libreadline.so.8.1)
==25082==    by 0x4898A0F: rl_initialize (in /usr/lib/x86_64-linux-gnu/libreadline.so.8.1)
==25082==    by 0x4898CD4: readline (in /usr/lib/x86_64-linux-gnu/libreadline.so.8.1)
==25082==    by 0x1098CA: execute (minishell.c:267)
==25082==    by 0x109A2A: main (minishell.c:386)
==25082== 
{
   <insert_a_suppression_name_here>
   Memcheck:Leak
   match-leak-kinds: reachable
   fun:calloc
   obj:/usr/lib/x86_64-linux-gnu/libtinfo.so.6.3
   fun:_nc_tiparm
   obj:/usr/lib/x86_64-linux-gnu/libtinfo.so.6.3
   fun:_nc_trim_sgr0
   fun:tgetent_sp
   fun:_rl_init_terminal_io
   fun:rl_initialize
   fun:readline
   fun:execute
   fun:main
}
==25082== 256 bytes in 1 blocks are still reachable in loss record 38 of 85
==25082==    at 0x4848899: malloc (in /usr/libexec/valgrind/vgpreload_memcheck-amd64-linux.so)
==25082==    by 0x48B0BAC: xmalloc (in /usr/lib/x86_64-linux-gnu/libreadline.so.8.1)
==25082==    by 0x4898C86: rl_initialize (in /usr/lib/x86_64-linux-gnu/libreadline.so.8.1)
==25082==    by 0x4898CD4: readline (in /usr/lib/x86_64-linux-gnu/libreadline.so.8.1)
==25082==    by 0x1098CA: execute (minishell.c:267)
==25082==    by 0x109A2A: main (minishell.c:386)
==25082== 
{
   <insert_a_suppression_name_here>
   Memcheck:Leak
   match-leak-kinds: reachable
   fun:malloc
   fun:xmalloc
   fun:rl_initialize
   fun:readline
   fun:execute
   fun:main
}
==25082== 256 bytes in 8 blocks are indirectly lost in loss record 39 of 85
==25082==    at 0x4848899: malloc (in /usr/libexec/valgrind/vgpreload_memcheck-amd64-linux.so)
==25082==    by 0x10DECB: init_lexeme (lexemes.c:37)
==25082==    by 0x10E1F1: create_node (tokenize.c:69)
==25082==    by 0x10E107: ft_tokenize (tokenize.c:50)
==25082==    by 0x109738: handle_commands (minishell.c:65)
==25082==    by 0x109965: execute (minishell.c:278)
==25082==    by 0x109A2A: main (minishell.c:386)
==25082== 
{
   <insert_a_suppression_name_here>
   Memcheck:Leak
   match-leak-kinds: indirect
   fun:malloc
   fun:init_lexeme
   fun:create_node
   fun:ft_tokenize
   fun:handle_commands
   fun:execute
   fun:main
}
==25082== 305 (32 direct, 273 indirect) bytes in 2 blocks are definitely lost in loss record 40 of 85
==25082==    at 0x4848899: malloc (in /usr/libexec/valgrind/vgpreload_memcheck-amd64-linux.so)
==25082==    by 0x10FA7A: ft_lstnew (ft_lstnew.c:19)
==25082==    by 0x1097CC: handle_commands (minishell.c:75)
==25082==    by 0x109965: execute (minishell.c:278)
==25082==    by 0x109A2A: main (minishell.c:386)
==25082== 
{
   <insert_a_suppression_name_here>
   Memcheck:Leak
   match-leak-kinds: definite
   fun:malloc
   fun:ft_lstnew
   fun:handle_commands
   fun:execute
   fun:main
}
==25082== 435 (48 direct, 387 indirect) bytes in 3 blocks are definitely lost in loss record 41 of 85
==25082==    at 0x4848899: malloc (in /usr/libexec/valgrind/vgpreload_memcheck-amd64-linux.so)
==25082==    by 0x10FA7A: ft_lstnew (ft_lstnew.c:19)
==25082==    by 0x10DF25: init_lexeme (lexemes.c:45)
==25082==    by 0x10E1F1: create_node (tokenize.c:69)
==25082==    by 0x10E107: ft_tokenize (tokenize.c:50)
==25082==    by 0x109738: handle_commands (minishell.c:65)
==25082==    by 0x109965: execute (minishell.c:278)
==25082==    by 0x109A2A: main (minishell.c:386)
==25082== 
{
   <insert_a_suppression_name_here>
   Memcheck:Leak
   match-leak-kinds: definite
   fun:malloc
   fun:ft_lstnew
   fun:init_lexeme
   fun:create_node
   fun:ft_tokenize
   fun:handle_commands
   fun:execute
   fun:main
}
==25082== 608 bytes in 1 blocks are still reachable in loss record 42 of 85
==25082==    at 0x484DA83: calloc (in /usr/libexec/valgrind/vgpreload_memcheck-amd64-linux.so)
==25082==    by 0x4B0F37E: _nc_read_termtype (in /usr/lib/x86_64-linux-gnu/libtinfo.so.6.3)
==25082==    by 0x4B0F52A: ??? (in /usr/lib/x86_64-linux-gnu/libtinfo.so.6.3)
==25082==    by 0x4B11C40: ??? (in /usr/lib/x86_64-linux-gnu/libtinfo.so.6.3)
==25082==    by 0x4B0F6BB: _nc_read_entry2 (in /usr/lib/x86_64-linux-gnu/libtinfo.so.6.3)
==25082==    by 0x4B0F711: ??? (in /usr/lib/x86_64-linux-gnu/libtinfo.so.6.3)
==25082==    by 0x4B0F866: _nc_setupterm (in /usr/lib/x86_64-linux-gnu/libtinfo.so.6.3)
==25082==    by 0x4B104C9: tgetent_sp (in /usr/lib/x86_64-linux-gnu/libtinfo.so.6.3)
==25082==    by 0x48AC1CD: _rl_init_terminal_io (in /usr/lib/x86_64-linux-gnu/libreadline.so.8.1)
==25082==    by 0x4898A0F: rl_initialize (in /usr/lib/x86_64-linux-gnu/libreadline.so.8.1)
==25082==    by 0x4898CD4: readline (in /usr/lib/x86_64-linux-gnu/libreadline.so.8.1)
==25082==    by 0x1098CA: execute (minishell.c:267)
==25082== 
{
   <insert_a_suppression_name_here>
   Memcheck:Leak
   match-leak-kinds: reachable
   fun:calloc
   fun:_nc_read_termtype
   obj:/usr/lib/x86_64-linux-gnu/libtinfo.so.6.3
   obj:/usr/lib/x86_64-linux-gnu/libtinfo.so.6.3
   fun:_nc_read_entry2
   obj:/usr/lib/x86_64-linux-gnu/libtinfo.so.6.3
   fun:_nc_setupterm
   fun:tgetent_sp
   fun:_rl_init_terminal_io
   fun:rl_initialize
   fun:readline
   fun:execute
}
==25082== 608 bytes in 1 blocks are still reachable in loss record 43 of 85
==25082==    at 0x4848899: malloc (in /usr/libexec/valgrind/vgpreload_memcheck-amd64-linux.so)
==25082==    by 0x4B04119: ??? (in /usr/lib/x86_64-linux-gnu/libtinfo.so.6.3)
==25082==    by 0x4B0F87D: _nc_setupterm (in /usr/lib/x86_64-linux-gnu/libtinfo.so.6.3)
==25082==    by 0x4B104C9: tgetent_sp (in /usr/lib/x86_64-linux-gnu/libtinfo.so.6.3)
==25082==    by 0x48AC1CD: _rl_init_terminal_io (in /usr/lib/x86_64-linux-gnu/libreadline.so.8.1)
==25082==    by 0x4898A0F: rl_initialize (in /usr/lib/x86_64-linux-gnu/libreadline.so.8.1)
==25082==    by 0x4898CD4: readline (in /usr/lib/x86_64-linux-gnu/libreadline.so.8.1)
==25082==    by 0x1098CA: execute (minishell.c:267)
==25082==    by 0x109A2A: main (minishell.c:386)
==25082== 
{
   <insert_a_suppression_name_here>
   Memcheck:Leak
   match-leak-kinds: reachable
   fun:malloc
   obj:/usr/lib/x86_64-linux-gnu/libtinfo.so.6.3
   fun:_nc_setupterm
   fun:tgetent_sp
   fun:_rl_init_terminal_io
   fun:rl_initialize
   fun:readline
   fun:execute
   fun:main
}
==25082== 760 bytes in 1 blocks are still reachable in loss record 44 of 85
==25082==    at 0x484DA83: calloc (in /usr/libexec/valgrind/vgpreload_memcheck-amd64-linux.so)
==25082==    by 0x4B0F819: _nc_setupterm (in /usr/lib/x86_64-linux-gnu/libtinfo.so.6.3)
==25082==    by 0x4B104C9: tgetent_sp (in /usr/lib/x86_64-linux-gnu/libtinfo.so.6.3)
==25082==    by 0x48AC1CD: _rl_init_terminal_io (in /usr/lib/x86_64-linux-gnu/libreadline.so.8.1)
==25082==    by 0x4898A0F: rl_initialize (in /usr/lib/x86_64-linux-gnu/libreadline.so.8.1)
==25082==    by 0x4898CD4: readline (in /usr/lib/x86_64-linux-gnu/libreadline.so.8.1)
==25082==    by 0x1098CA: execute (minishell.c:267)
==25082==    by 0x109A2A: main (minishell.c:386)
==25082== 
{
   <insert_a_suppression_name_here>
   Memcheck:Leak
   match-leak-kinds: reachable
   fun:calloc
   fun:_nc_setupterm
   fun:tgetent_sp
   fun:_rl_init_terminal_io
   fun:rl_initialize
   fun:readline
   fun:execute
   fun:main
}
==25082== 940 bytes in 1 blocks are still reachable in loss record 45 of 85
==25082==    at 0x4848899: malloc (in /usr/libexec/valgrind/vgpreload_memcheck-amd64-linux.so)
==25082==    by 0x4B0F287: _nc_read_termtype (in /usr/lib/x86_64-linux-gnu/libtinfo.so.6.3)
==25082==    by 0x4B0F52A: ??? (in /usr/lib/x86_64-linux-gnu/libtinfo.so.6.3)
==25082==    by 0x4B11C40: ??? (in /usr/lib/x86_64-linux-gnu/libtinfo.so.6.3)
==25082==    by 0x4B0F6BB: _nc_read_entry2 (in /usr/lib/x86_64-linux-gnu/libtinfo.so.6.3)
==25082==    by 0x4B0F711: ??? (in /usr/lib/x86_64-linux-gnu/libtinfo.so.6.3)
==25082==    by 0x4B0F866: _nc_setupterm (in /usr/lib/x86_64-linux-gnu/libtinfo.so.6.3)
==25082==    by 0x4B104C9: tgetent_sp (in /usr/lib/x86_64-linux-gnu/libtinfo.so.6.3)
==25082==    by 0x48AC1CD: _rl_init_terminal_io (in /usr/lib/x86_64-linux-gnu/libreadline.so.8.1)
==25082==    by 0x4898A0F: rl_initialize (in /usr/lib/x86_64-linux-gnu/libreadline.so.8.1)
==25082==    by 0x4898CD4: readline (in /usr/lib/x86_64-linux-gnu/libreadline.so.8.1)
==25082==    by 0x1098CA: execute (minishell.c:267)
==25082== 
{
   <insert_a_suppression_name_here>
   Memcheck:Leak
   match-leak-kinds: reachable
   fun:malloc
   fun:_nc_read_termtype
   obj:/usr/lib/x86_64-linux-gnu/libtinfo.so.6.3
   obj:/usr/lib/x86_64-linux-gnu/libtinfo.so.6.3
   fun:_nc_read_entry2
   obj:/usr/lib/x86_64-linux-gnu/libtinfo.so.6.3
   fun:_nc_setupterm
   fun:tgetent_sp
   fun:_rl_init_terminal_io
   fun:rl_initialize
   fun:readline
   fun:execute
}
==25082== 974 bytes in 70 blocks are indirectly lost in loss record 46 of 85
==25082==    at 0x4848899: malloc (in /usr/libexec/valgrind/vgpreload_memcheck-amd64-linux.so)
==25082==    by 0x110B37: ft_strdup (ft_strdup.c:21)
==25082==    by 0x10AB73: create_env_node (env_init.c:22)
==25082==    by 0x10AD20: init_env (env_init.c:76)
==25082==    by 0x1099F9: main (minishell.c:382)
==25082== 
{
   <insert_a_suppression_name_here>
   Memcheck:Leak
   match-leak-kinds: indirect
   fun:malloc
   fun:ft_strdup
   fun:create_env_node
   fun:init_env
   fun:main
}
==25082== 1,024 bytes in 1 blocks are still reachable in loss record 47 of 85
==25082==    at 0x4848899: malloc (in /usr/libexec/valgrind/vgpreload_memcheck-amd64-linux.so)
==25082==    by 0x48B14A7: xrealloc (in /usr/lib/x86_64-linux-gnu/libreadline.so.8.1)
==25082==    by 0x489AC7B: ??? (in /usr/lib/x86_64-linux-gnu/libreadline.so.8.1)
==25082==    by 0x489AD67: ??? (in /usr/lib/x86_64-linux-gnu/libreadline.so.8.1)
==25082==    by 0x48A3C7E: rl_redisplay (in /usr/lib/x86_64-linux-gnu/libreadline.so.8.1)
==25082==    by 0x488E458: readline_internal_setup (in /usr/lib/x86_64-linux-gnu/libreadline.so.8.1)
==25082==    by 0x4898CF8: readline (in /usr/lib/x86_64-linux-gnu/libreadline.so.8.1)
==25082==    by 0x1098CA: execute (minishell.c:267)
==25082==    by 0x109A2A: main (minishell.c:386)
==25082== 
{
   <insert_a_suppression_name_here>
   Memcheck:Leak
   match-leak-kinds: reachable
   fun:malloc
   fun:xrealloc
   obj:/usr/lib/x86_64-linux-gnu/libreadline.so.8.1
   obj:/usr/lib/x86_64-linux-gnu/libreadline.so.8.1
   fun:rl_redisplay
   fun:readline_internal_setup
   fun:readline
   fun:execute
   fun:main
}
==25082== 1,024 bytes in 1 blocks are still reachable in loss record 48 of 85
==25082==    at 0x4848899: malloc (in /usr/libexec/valgrind/vgpreload_memcheck-amd64-linux.so)
==25082==    by 0x48B14A7: xrealloc (in /usr/lib/x86_64-linux-gnu/libreadline.so.8.1)
==25082==    by 0x489AC8B: ??? (in /usr/lib/x86_64-linux-gnu/libreadline.so.8.1)
==25082==    by 0x489AD67: ??? (in /usr/lib/x86_64-linux-gnu/libreadline.so.8.1)
==25082==    by 0x48A3C7E: rl_redisplay (in /usr/lib/x86_64-linux-gnu/libreadline.so.8.1)
==25082==    by 0x488E458: readline_internal_setup (in /usr/lib/x86_64-linux-gnu/libreadline.so.8.1)
==25082==    by 0x4898CF8: readline (in /usr/lib/x86_64-linux-gnu/libreadline.so.8.1)
==25082==    by 0x1098CA: execute (minishell.c:267)
==25082==    by 0x109A2A: main (minishell.c:386)
==25082== 
{
   <insert_a_suppression_name_here>
   Memcheck:Leak
   match-leak-kinds: reachable
   fun:malloc
   fun:xrealloc
   obj:/usr/lib/x86_64-linux-gnu/libreadline.so.8.1
   obj:/usr/lib/x86_64-linux-gnu/libreadline.so.8.1
   fun:rl_redisplay
   fun:readline_internal_setup
   fun:readline
   fun:execute
   fun:main
}
==25082== 1,024 bytes in 1 blocks are still reachable in loss record 49 of 85
==25082==    at 0x4848899: malloc (in /usr/libexec/valgrind/vgpreload_memcheck-amd64-linux.so)
==25082==    by 0x48B14A7: xrealloc (in /usr/lib/x86_64-linux-gnu/libreadline.so.8.1)
==25082==    by 0x489ACA2: ??? (in /usr/lib/x86_64-linux-gnu/libreadline.so.8.1)
==25082==    by 0x489AD67: ??? (in /usr/lib/x86_64-linux-gnu/libreadline.so.8.1)
==25082==    by 0x48A3C7E: rl_redisplay (in /usr/lib/x86_64-linux-gnu/libreadline.so.8.1)
==25082==    by 0x488E458: readline_internal_setup (in /usr/lib/x86_64-linux-gnu/libreadline.so.8.1)
==25082==    by 0x4898CF8: readline (in /usr/lib/x86_64-linux-gnu/libreadline.so.8.1)
==25082==    by 0x1098CA: execute (minishell.c:267)
==25082==    by 0x109A2A: main (minishell.c:386)
==25082== 
{
   <insert_a_suppression_name_here>
   Memcheck:Leak
   match-leak-kinds: reachable
   fun:malloc
   fun:xrealloc
   obj:/usr/lib/x86_64-linux-gnu/libreadline.so.8.1
   obj:/usr/lib/x86_64-linux-gnu/libreadline.so.8.1
   fun:rl_redisplay
   fun:readline_internal_setup
   fun:readline
   fun:execute
   fun:main
}
==25082== 1,024 bytes in 1 blocks are still reachable in loss record 50 of 85
==25082==    at 0x4848899: malloc (in /usr/libexec/valgrind/vgpreload_memcheck-amd64-linux.so)
==25082==    by 0x48B14A7: xrealloc (in /usr/lib/x86_64-linux-gnu/libreadline.so.8.1)
==25082==    by 0x489ACBB: ??? (in /usr/lib/x86_64-linux-gnu/libreadline.so.8.1)
==25082==    by 0x489AD67: ??? (in /usr/lib/x86_64-linux-gnu/libreadline.so.8.1)
==25082==    by 0x48A3C7E: rl_redisplay (in /usr/lib/x86_64-linux-gnu/libreadline.so.8.1)
==25082==    by 0x488E458: readline_internal_setup (in /usr/lib/x86_64-linux-gnu/libreadline.so.8.1)
==25082==    by 0x4898CF8: readline (in /usr/lib/x86_64-linux-gnu/libreadline.so.8.1)
==25082==    by 0x1098CA: execute (minishell.c:267)
==25082==    by 0x109A2A: main (minishell.c:386)
==25082== 
{
   <insert_a_suppression_name_here>
   Memcheck:Leak
   match-leak-kinds: reachable
   fun:malloc
   fun:xrealloc
   obj:/usr/lib/x86_64-linux-gnu/libreadline.so.8.1
   obj:/usr/lib/x86_64-linux-gnu/libreadline.so.8.1
   fun:rl_redisplay
   fun:readline_internal_setup
   fun:readline
   fun:execute
   fun:main
}
==25082== 1,024 bytes in 1 blocks are still reachable in loss record 51 of 85
==25082==    at 0x4848899: malloc (in /usr/libexec/valgrind/vgpreload_memcheck-amd64-linux.so)
==25082==    by 0x48B0BAC: xmalloc (in /usr/lib/x86_64-linux-gnu/libreadline.so.8.1)
==25082==    by 0x489ADC5: ??? (in /usr/lib/x86_64-linux-gnu/libreadline.so.8.1)
==25082==    by 0x48A3C7E: rl_redisplay (in /usr/lib/x86_64-linux-gnu/libreadline.so.8.1)
==25082==    by 0x488E458: readline_internal_setup (in /usr/lib/x86_64-linux-gnu/libreadline.so.8.1)
==25082==    by 0x4898CF8: readline (in /usr/lib/x86_64-linux-gnu/libreadline.so.8.1)
==25082==    by 0x1098CA: execute (minishell.c:267)
==25082==    by 0x109A2A: main (minishell.c:386)
==25082== 
{
   <insert_a_suppression_name_here>
   Memcheck:Leak
   match-leak-kinds: reachable
   fun:malloc
   fun:xmalloc
   obj:/usr/lib/x86_64-linux-gnu/libreadline.so.8.1
   fun:rl_redisplay
   fun:readline_internal_setup
   fun:readline
   fun:execute
   fun:main
}
==25082== 1,024 bytes in 1 blocks are still reachable in loss record 52 of 85
==25082==    at 0x4848899: malloc (in /usr/libexec/valgrind/vgpreload_memcheck-amd64-linux.so)
==25082==    by 0x48B0BAC: xmalloc (in /usr/lib/x86_64-linux-gnu/libreadline.so.8.1)
==25082==    by 0x489ADDA: ??? (in /usr/lib/x86_64-linux-gnu/libreadline.so.8.1)
==25082==    by 0x48A3C7E: rl_redisplay (in /usr/lib/x86_64-linux-gnu/libreadline.so.8.1)
==25082==    by 0x488E458: readline_internal_setup (in /usr/lib/x86_64-linux-gnu/libreadline.so.8.1)
==25082==    by 0x4898CF8: readline (in /usr/lib/x86_64-linux-gnu/libreadline.so.8.1)
==25082==    by 0x1098CA: execute (minishell.c:267)
==25082==    by 0x109A2A: main (minishell.c:386)
==25082== 
{
   <insert_a_suppression_name_here>
   Memcheck:Leak
   match-leak-kinds: reachable
   fun:malloc
   fun:xmalloc
   obj:/usr/lib/x86_64-linux-gnu/libreadline.so.8.1
   fun:rl_redisplay
   fun:readline_internal_setup
   fun:readline
   fun:execute
   fun:main
}
==25082== 1,024 bytes in 1 blocks are still reachable in loss record 53 of 85
==25082==    at 0x4848899: malloc (in /usr/libexec/valgrind/vgpreload_memcheck-amd64-linux.so)
==25082==    by 0x48B0BAC: xmalloc (in /usr/lib/x86_64-linux-gnu/libreadline.so.8.1)
==25082==    by 0x489ADE8: ??? (in /usr/lib/x86_64-linux-gnu/libreadline.so.8.1)
==25082==    by 0x48A3C7E: rl_redisplay (in /usr/lib/x86_64-linux-gnu/libreadline.so.8.1)
==25082==    by 0x488E458: readline_internal_setup (in /usr/lib/x86_64-linux-gnu/libreadline.so.8.1)
==25082==    by 0x4898CF8: readline (in /usr/lib/x86_64-linux-gnu/libreadline.so.8.1)
==25082==    by 0x1098CA: execute (minishell.c:267)
==25082==    by 0x109A2A: main (minishell.c:386)
==25082== 
{
   <insert_a_suppression_name_here>
   Memcheck:Leak
   match-leak-kinds: reachable
   fun:malloc
   fun:xmalloc
   obj:/usr/lib/x86_64-linux-gnu/libreadline.so.8.1
   fun:rl_redisplay
   fun:readline_internal_setup
   fun:readline
   fun:execute
   fun:main
}
==25082== 1,024 bytes in 1 blocks are still reachable in loss record 54 of 85
==25082==    at 0x4848899: malloc (in /usr/libexec/valgrind/vgpreload_memcheck-amd64-linux.so)
==25082==    by 0x48B0BAC: xmalloc (in /usr/lib/x86_64-linux-gnu/libreadline.so.8.1)
==25082==    by 0x489ADF6: ??? (in /usr/lib/x86_64-linux-gnu/libreadline.so.8.1)
==25082==    by 0x48A3C7E: rl_redisplay (in /usr/lib/x86_64-linux-gnu/libreadline.so.8.1)
==25082==    by 0x488E458: readline_internal_setup (in /usr/lib/x86_64-linux-gnu/libreadline.so.8.1)
==25082==    by 0x4898CF8: readline (in /usr/lib/x86_64-linux-gnu/libreadline.so.8.1)
==25082==    by 0x1098CA: execute (minishell.c:267)
==25082==    by 0x109A2A: main (minishell.c:386)
==25082== 
{
   <insert_a_suppression_name_here>
   Memcheck:Leak
   match-leak-kinds: reachable
   fun:malloc
   fun:xmalloc
   obj:/usr/lib/x86_64-linux-gnu/libreadline.so.8.1
   fun:rl_redisplay
   fun:readline_internal_setup
   fun:readline
   fun:execute
   fun:main
}
==25082== 1,536 bytes in 1 blocks are still reachable in loss record 55 of 85
==25082==    at 0x484DCD3: realloc (in /usr/libexec/valgrind/vgpreload_memcheck-amd64-linux.so)
==25082==    by 0x48B1491: xrealloc (in /usr/lib/x86_64-linux-gnu/libreadline.so.8.1)
==25082==    by 0x488E877: rl_add_funmap_entry (in /usr/lib/x86_64-linux-gnu/libreadline.so.8.1)
==25082==    by 0x488E8C8: rl_initialize_funmap (in /usr/lib/x86_64-linux-gnu/libreadline.so.8.1)
==25082==    by 0x4898A2C: rl_initialize (in /usr/lib/x86_64-linux-gnu/libreadline.so.8.1)
==25082==    by 0x4898CD4: readline (in /usr/lib/x86_64-linux-gnu/libreadline.so.8.1)
==25082==    by 0x1098CA: execute (minishell.c:267)
==25082==    by 0x109A2A: main (minishell.c:386)
==25082== 
{
   <insert_a_suppression_name_here>
   Memcheck:Leak
   match-leak-kinds: reachable
   fun:realloc
   fun:xrealloc
   fun:rl_add_funmap_entry
   fun:rl_initialize_funmap
   fun:rl_initialize
   fun:readline
   fun:execute
   fun:main
}
==25082== 1,664 bytes in 1 blocks are still reachable in loss record 56 of 85
==25082==    at 0x4848899: malloc (in /usr/libexec/valgrind/vgpreload_memcheck-amd64-linux.so)
==25082==    by 0x4B0EACD: _nc_read_termtype (in /usr/lib/x86_64-linux-gnu/libtinfo.so.6.3)
==25082==    by 0x4B0F52A: ??? (in /usr/lib/x86_64-linux-gnu/libtinfo.so.6.3)
==25082==    by 0x4B11C40: ??? (in /usr/lib/x86_64-linux-gnu/libtinfo.so.6.3)
==25082==    by 0x4B0F6BB: _nc_read_entry2 (in /usr/lib/x86_64-linux-gnu/libtinfo.so.6.3)
==25082==    by 0x4B0F711: ??? (in /usr/lib/x86_64-linux-gnu/libtinfo.so.6.3)
==25082==    by 0x4B0F866: _nc_setupterm (in /usr/lib/x86_64-linux-gnu/libtinfo.so.6.3)
==25082==    by 0x4B104C9: tgetent_sp (in /usr/lib/x86_64-linux-gnu/libtinfo.so.6.3)
==25082==    by 0x48AC1CD: _rl_init_terminal_io (in /usr/lib/x86_64-linux-gnu/libreadline.so.8.1)
==25082==    by 0x4898A0F: rl_initialize (in /usr/lib/x86_64-linux-gnu/libreadline.so.8.1)
==25082==    by 0x4898CD4: readline (in /usr/lib/x86_64-linux-gnu/libreadline.so.8.1)
==25082==    by 0x1098CA: execute (minishell.c:267)
==25082== 
{
   <insert_a_suppression_name_here>
   Memcheck:Leak
   match-leak-kinds: reachable
   fun:malloc
   fun:_nc_read_termtype
   obj:/usr/lib/x86_64-linux-gnu/libtinfo.so.6.3
   obj:/usr/lib/x86_64-linux-gnu/libtinfo.so.6.3
   fun:_nc_read_entry2
   obj:/usr/lib/x86_64-linux-gnu/libtinfo.so.6.3
   fun:_nc_setupterm
   fun:tgetent_sp
   fun:_rl_init_terminal_io
   fun:rl_initialize
   fun:readline
   fun:execute
}
==25082== 2,032 bytes in 1 blocks are still reachable in loss record 57 of 85
==25082==    at 0x4848899: malloc (in /usr/libexec/valgrind/vgpreload_memcheck-amd64-linux.so)
==25082==    by 0x48B0BAC: xmalloc (in /usr/lib/x86_64-linux-gnu/libreadline.so.8.1)
==25082==    by 0x48AC419: _rl_init_terminal_io (in /usr/lib/x86_64-linux-gnu/libreadline.so.8.1)
==25082==    by 0x4898A0F: rl_initialize (in /usr/lib/x86_64-linux-gnu/libreadline.so.8.1)
==25082==    by 0x4898CD4: readline (in /usr/lib/x86_64-linux-gnu/libreadline.so.8.1)
==25082==    by 0x1098CA: execute (minishell.c:267)
==25082==    by 0x109A2A: main (minishell.c:386)
==25082== 
{
   <insert_a_suppression_name_here>
   Memcheck:Leak
   match-leak-kinds: reachable
   fun:malloc
   fun:xmalloc
   fun:_rl_init_terminal_io
   fun:rl_initialize
   fun:readline
   fun:execute
   fun:main
}
==25082== 2,240 bytes in 140 blocks are still reachable in loss record 58 of 85
==25082==    at 0x4848899: malloc (in /usr/libexec/valgrind/vgpreload_memcheck-amd64-linux.so)
==25082==    by 0x48B0BAC: xmalloc (in /usr/lib/x86_64-linux-gnu/libreadline.so.8.1)
==25082==    by 0x488E822: rl_add_funmap_entry (in /usr/lib/x86_64-linux-gnu/libreadline.so.8.1)
==25082==    by 0x488E8C8: rl_initialize_funmap (in /usr/lib/x86_64-linux-gnu/libreadline.so.8.1)
==25082==    by 0x4898A2C: rl_initialize (in /usr/lib/x86_64-linux-gnu/libreadline.so.8.1)
==25082==    by 0x4898CD4: readline (in /usr/lib/x86_64-linux-gnu/libreadline.so.8.1)
==25082==    by 0x1098CA: execute (minishell.c:267)
==25082==    by 0x109A2A: main (minishell.c:386)
==25082== 
{
   <insert_a_suppression_name_here>
   Memcheck:Leak
   match-leak-kinds: reachable
   fun:malloc
   fun:xmalloc
   fun:rl_add_funmap_entry
   fun:rl_initialize_funmap
   fun:rl_initialize
   fun:readline
   fun:execute
   fun:main
}
==25082== 3,014 bytes in 70 blocks are indirectly lost in loss record 59 of 85
==25082==    at 0x4848899: malloc (in /usr/libexec/valgrind/vgpreload_memcheck-amd64-linux.so)
==25082==    by 0x110B37: ft_strdup (ft_strdup.c:21)
==25082==    by 0x10ABA0: create_env_node (env_init.c:27)
==25082==    by 0x10AD20: init_env (env_init.c:76)
==25082==    by 0x1099F9: main (minishell.c:382)
==25082== 
{
   <insert_a_suppression_name_here>
   Memcheck:Leak
   match-leak-kinds: indirect
   fun:malloc
   fun:ft_strdup
   fun:create_env_node
   fun:init_env
   fun:main
}
==25082== 3,904 bytes in 1 blocks are still reachable in loss record 60 of 85
==25082==    at 0x484DCD3: realloc (in /usr/libexec/valgrind/vgpreload_memcheck-amd64-linux.so)
==25082==    by 0x4B046CC: _nc_doalloc (in /usr/lib/x86_64-linux-gnu/libtinfo.so.6.3)
==25082==    by 0x4B0F1B5: _nc_read_termtype (in /usr/lib/x86_64-linux-gnu/libtinfo.so.6.3)
==25082==    by 0x4B0F52A: ??? (in /usr/lib/x86_64-linux-gnu/libtinfo.so.6.3)
==25082==    by 0x4B11C40: ??? (in /usr/lib/x86_64-linux-gnu/libtinfo.so.6.3)
==25082==    by 0x4B0F6BB: _nc_read_entry2 (in /usr/lib/x86_64-linux-gnu/libtinfo.so.6.3)
==25082==    by 0x4B0F711: ??? (in /usr/lib/x86_64-linux-gnu/libtinfo.so.6.3)
==25082==    by 0x4B0F866: _nc_setupterm (in /usr/lib/x86_64-linux-gnu/libtinfo.so.6.3)
==25082==    by 0x4B104C9: tgetent_sp (in /usr/lib/x86_64-linux-gnu/libtinfo.so.6.3)
==25082==    by 0x48AC1CD: _rl_init_terminal_io (in /usr/lib/x86_64-linux-gnu/libreadline.so.8.1)
==25082==    by 0x4898A0F: rl_initialize (in /usr/lib/x86_64-linux-gnu/libreadline.so.8.1)
==25082==    by 0x4898CD4: readline (in /usr/lib/x86_64-linux-gnu/libreadline.so.8.1)
==25082== 
{
   <insert_a_suppression_name_here>
   Memcheck:Leak
   match-leak-kinds: reachable
   fun:realloc
   fun:_nc_doalloc
   fun:_nc_read_termtype
   obj:/usr/lib/x86_64-linux-gnu/libtinfo.so.6.3
   obj:/usr/lib/x86_64-linux-gnu/libtinfo.so.6.3
   fun:_nc_read_entry2
   obj:/usr/lib/x86_64-linux-gnu/libtinfo.so.6.3
   fun:_nc_setupterm
   fun:tgetent_sp
   fun:_rl_init_terminal_io
   fun:rl_initialize
   fun:readline
}
==25082== 3,904 bytes in 1 blocks are still reachable in loss record 61 of 85
==25082==    at 0x4848899: malloc (in /usr/libexec/valgrind/vgpreload_memcheck-amd64-linux.so)
==25082==    by 0x4B03FFF: ??? (in /usr/lib/x86_64-linux-gnu/libtinfo.so.6.3)
==25082==    by 0x4B0F87D: _nc_setupterm (in /usr/lib/x86_64-linux-gnu/libtinfo.so.6.3)
==25082==    by 0x4B104C9: tgetent_sp (in /usr/lib/x86_64-linux-gnu/libtinfo.so.6.3)
==25082==    by 0x48AC1CD: _rl_init_terminal_io (in /usr/lib/x86_64-linux-gnu/libreadline.so.8.1)
==25082==    by 0x4898A0F: rl_initialize (in /usr/lib/x86_64-linux-gnu/libreadline.so.8.1)
==25082==    by 0x4898CD4: readline (in /usr/lib/x86_64-linux-gnu/libreadline.so.8.1)
==25082==    by 0x1098CA: execute (minishell.c:267)
==25082==    by 0x109A2A: main (minishell.c:386)
==25082== 
{
   <insert_a_suppression_name_here>
   Memcheck:Leak
   match-leak-kinds: reachable
   fun:malloc
   obj:/usr/lib/x86_64-linux-gnu/libtinfo.so.6.3
   fun:_nc_setupterm
   fun:tgetent_sp
   fun:_rl_init_terminal_io
   fun:rl_initialize
   fun:readline
   fun:execute
   fun:main
}
==25082== 4,016 bytes in 1 blocks are still reachable in loss record 62 of 85
==25082==    at 0x4848899: malloc (in /usr/libexec/valgrind/vgpreload_memcheck-amd64-linux.so)
==25082==    by 0x48B0BAC: xmalloc (in /usr/lib/x86_64-linux-gnu/libreadline.so.8.1)
==25082==    by 0x48A9FD6: add_history (in /usr/lib/x86_64-linux-gnu/libreadline.so.8.1)
==25082==    by 0x10DE22: ft_add_cmd_to_history (history.c:19)
==25082==    by 0x1098FC: execute (minishell.c:270)
==25082==    by 0x109A2A: main (minishell.c:386)
==25082== 
{
   <insert_a_suppression_name_here>
   Memcheck:Leak
   match-leak-kinds: reachable
   fun:malloc
   fun:xmalloc
   fun:add_history
   fun:ft_add_cmd_to_history
   fun:execute
   fun:main
}
==25082== 4,080 bytes in 1 blocks are still reachable in loss record 63 of 85
==25082==    at 0x4848899: malloc (in /usr/libexec/valgrind/vgpreload_memcheck-amd64-linux.so)
==25082==    by 0x48B0BAC: xmalloc (in /usr/lib/x86_64-linux-gnu/libreadline.so.8.1)
==25082==    by 0x48AC3F9: _rl_init_terminal_io (in /usr/lib/x86_64-linux-gnu/libreadline.so.8.1)
==25082==    by 0x4898A0F: rl_initialize (in /usr/lib/x86_64-linux-gnu/libreadline.so.8.1)
==25082==    by 0x4898CD4: readline (in /usr/lib/x86_64-linux-gnu/libreadline.so.8.1)
==25082==    by 0x1098CA: execute (minishell.c:267)
==25082==    by 0x109A2A: main (minishell.c:386)
==25082== 
{
   <insert_a_suppression_name_here>
   Memcheck:Leak
   match-leak-kinds: reachable
   fun:malloc
   fun:xmalloc
   fun:_rl_init_terminal_io
   fun:rl_initialize
   fun:readline
   fun:execute
   fun:main
}
==25082== 4,112 bytes in 1 blocks are still reachable in loss record 64 of 85
==25082==    at 0x4848899: malloc (in /usr/libexec/valgrind/vgpreload_memcheck-amd64-linux.so)
==25082==    by 0x48B0BAC: xmalloc (in /usr/lib/x86_64-linux-gnu/libreadline.so.8.1)
==25082==    by 0x488D251: rl_make_bare_keymap (in /usr/lib/x86_64-linux-gnu/libreadline.so.8.1)
==25082==    by 0x488DB6A: rl_generic_bind (in /usr/lib/x86_64-linux-gnu/libreadline.so.8.1)
==25082==    by 0x489875D: rl_bind_keyseq_if_unbound_in_map (in /usr/lib/x86_64-linux-gnu/libreadline.so.8.1)
==25082==    by 0x48ABDD5: ??? (in /usr/lib/x86_64-linux-gnu/libreadline.so.8.1)
==25082==    by 0x48AC31F: _rl_init_terminal_io (in /usr/lib/x86_64-linux-gnu/libreadline.so.8.1)
==25082==    by 0x4898A0F: rl_initialize (in /usr/lib/x86_64-linux-gnu/libreadline.so.8.1)
==25082==    by 0x4898CD4: readline (in /usr/lib/x86_64-linux-gnu/libreadline.so.8.1)
==25082==    by 0x1098CA: execute (minishell.c:267)
==25082==    by 0x109A2A: main (minishell.c:386)
==25082== 
{
   <insert_a_suppression_name_here>
   Memcheck:Leak
   match-leak-kinds: reachable
   fun:malloc
   fun:xmalloc
   fun:rl_make_bare_keymap
   fun:rl_generic_bind
   fun:rl_bind_keyseq_if_unbound_in_map
   obj:/usr/lib/x86_64-linux-gnu/libreadline.so.8.1
   fun:_rl_init_terminal_io
   fun:rl_initialize
   fun:readline
   fun:execute
   fun:main
}
==25082== 4,112 bytes in 1 blocks are still reachable in loss record 65 of 85
==25082==    at 0x4848899: malloc (in /usr/libexec/valgrind/vgpreload_memcheck-amd64-linux.so)
==25082==    by 0x48B0BAC: xmalloc (in /usr/lib/x86_64-linux-gnu/libreadline.so.8.1)
==25082==    by 0x488D251: rl_make_bare_keymap (in /usr/lib/x86_64-linux-gnu/libreadline.so.8.1)
==25082==    by 0x488DB6A: rl_generic_bind (in /usr/lib/x86_64-linux-gnu/libreadline.so.8.1)
==25082==    by 0x489875D: rl_bind_keyseq_if_unbound_in_map (in /usr/lib/x86_64-linux-gnu/libreadline.so.8.1)
==25082==    by 0x48ABE5A: ??? (in /usr/lib/x86_64-linux-gnu/libreadline.so.8.1)
==25082==    by 0x48AC31F: _rl_init_terminal_io (in /usr/lib/x86_64-linux-gnu/libreadline.so.8.1)
==25082==    by 0x4898A0F: rl_initialize (in /usr/lib/x86_64-linux-gnu/libreadline.so.8.1)
==25082==    by 0x4898CD4: readline (in /usr/lib/x86_64-linux-gnu/libreadline.so.8.1)
==25082==    by 0x1098CA: execute (minishell.c:267)
==25082==    by 0x109A2A: main (minishell.c:386)
==25082== 
{
   <insert_a_suppression_name_here>
   Memcheck:Leak
   match-leak-kinds: reachable
   fun:malloc
   fun:xmalloc
   fun:rl_make_bare_keymap
   fun:rl_generic_bind
   fun:rl_bind_keyseq_if_unbound_in_map
   obj:/usr/lib/x86_64-linux-gnu/libreadline.so.8.1
   fun:_rl_init_terminal_io
   fun:rl_initialize
   fun:readline
   fun:execute
   fun:main
}
==25082== 4,112 bytes in 1 blocks are still reachable in loss record 66 of 85
==25082==    at 0x4848899: malloc (in /usr/libexec/valgrind/vgpreload_memcheck-amd64-linux.so)
==25082==    by 0x48B0BAC: xmalloc (in /usr/lib/x86_64-linux-gnu/libreadline.so.8.1)
==25082==    by 0x488D251: rl_make_bare_keymap (in /usr/lib/x86_64-linux-gnu/libreadline.so.8.1)
==25082==    by 0x488DB6A: rl_generic_bind (in /usr/lib/x86_64-linux-gnu/libreadline.so.8.1)
==25082==    by 0x489875D: rl_bind_keyseq_if_unbound_in_map (in /usr/lib/x86_64-linux-gnu/libreadline.so.8.1)
==25082==    by 0x48ABE5A: ??? (in /usr/lib/x86_64-linux-gnu/libreadline.so.8.1)
==25082==    by 0x48AC32B: _rl_init_terminal_io (in /usr/lib/x86_64-linux-gnu/libreadline.so.8.1)
==25082==    by 0x4898A0F: rl_initialize (in /usr/lib/x86_64-linux-gnu/libreadline.so.8.1)
==25082==    by 0x4898CD4: readline (in /usr/lib/x86_64-linux-gnu/libreadline.so.8.1)
==25082==    by 0x1098CA: execute (minishell.c:267)
==25082==    by 0x109A2A: main (minishell.c:386)
==25082== 
{
   <insert_a_suppression_name_here>
   Memcheck:Leak
   match-leak-kinds: reachable
   fun:malloc
   fun:xmalloc
   fun:rl_make_bare_keymap
   fun:rl_generic_bind
   fun:rl_bind_keyseq_if_unbound_in_map
   obj:/usr/lib/x86_64-linux-gnu/libreadline.so.8.1
   fun:_rl_init_terminal_io
   fun:rl_initialize
   fun:readline
   fun:execute
   fun:main
}
==25082== 4,112 bytes in 1 blocks are still reachable in loss record 67 of 85
==25082==    at 0x4848899: malloc (in /usr/libexec/valgrind/vgpreload_memcheck-amd64-linux.so)
==25082==    by 0x48B0BAC: xmalloc (in /usr/lib/x86_64-linux-gnu/libreadline.so.8.1)
==25082==    by 0x488D251: rl_make_bare_keymap (in /usr/lib/x86_64-linux-gnu/libreadline.so.8.1)
==25082==    by 0x488DB6A: rl_generic_bind (in /usr/lib/x86_64-linux-gnu/libreadline.so.8.1)
==25082==    by 0x489875D: rl_bind_keyseq_if_unbound_in_map (in /usr/lib/x86_64-linux-gnu/libreadline.so.8.1)
==25082==    by 0x48ABE5A: ??? (in /usr/lib/x86_64-linux-gnu/libreadline.so.8.1)
==25082==    by 0x48AC337: _rl_init_terminal_io (in /usr/lib/x86_64-linux-gnu/libreadline.so.8.1)
==25082==    by 0x4898A0F: rl_initialize (in /usr/lib/x86_64-linux-gnu/libreadline.so.8.1)
==25082==    by 0x4898CD4: readline (in /usr/lib/x86_64-linux-gnu/libreadline.so.8.1)
==25082==    by 0x1098CA: execute (minishell.c:267)
==25082==    by 0x109A2A: main (minishell.c:386)
==25082== 
{
   <insert_a_suppression_name_here>
   Memcheck:Leak
   match-leak-kinds: reachable
   fun:malloc
   fun:xmalloc
   fun:rl_make_bare_keymap
   fun:rl_generic_bind
   fun:rl_bind_keyseq_if_unbound_in_map
   obj:/usr/lib/x86_64-linux-gnu/libreadline.so.8.1
   fun:_rl_init_terminal_io
   fun:rl_initialize
   fun:readline
   fun:execute
   fun:main
}
==25082== 4,112 bytes in 1 blocks are still reachable in loss record 68 of 85
==25082==    at 0x4848899: malloc (in /usr/libexec/valgrind/vgpreload_memcheck-amd64-linux.so)
==25082==    by 0x48B0BAC: xmalloc (in /usr/lib/x86_64-linux-gnu/libreadline.so.8.1)
==25082==    by 0x488D251: rl_make_bare_keymap (in /usr/lib/x86_64-linux-gnu/libreadline.so.8.1)
==25082==    by 0x488DB6A: rl_generic_bind (in /usr/lib/x86_64-linux-gnu/libreadline.so.8.1)
==25082==    by 0x489875D: rl_bind_keyseq_if_unbound_in_map (in /usr/lib/x86_64-linux-gnu/libreadline.so.8.1)
==25082==    by 0x489894C: ??? (in /usr/lib/x86_64-linux-gnu/libreadline.so.8.1)
==25082==    by 0x4898A84: rl_initialize (in /usr/lib/x86_64-linux-gnu/libreadline.so.8.1)
==25082==    by 0x4898CD4: readline (in /usr/lib/x86_64-linux-gnu/libreadline.so.8.1)
==25082==    by 0x1098CA: execute (minishell.c:267)
==25082==    by 0x109A2A: main (minishell.c:386)
==25082== 
{
   <insert_a_suppression_name_here>
   Memcheck:Leak
   match-leak-kinds: reachable
   fun:malloc
   fun:xmalloc
   fun:rl_make_bare_keymap
   fun:rl_generic_bind
   fun:rl_bind_keyseq_if_unbound_in_map
   obj:/usr/lib/x86_64-linux-gnu/libreadline.so.8.1
   fun:rl_initialize
   fun:readline
   fun:execute
   fun:main
}
==25082== 4,112 bytes in 1 blocks are still reachable in loss record 69 of 85
==25082==    at 0x4848899: malloc (in /usr/libexec/valgrind/vgpreload_memcheck-amd64-linux.so)
==25082==    by 0x48B0BAC: xmalloc (in /usr/lib/x86_64-linux-gnu/libreadline.so.8.1)
==25082==    by 0x488D251: rl_make_bare_keymap (in /usr/lib/x86_64-linux-gnu/libreadline.so.8.1)
==25082==    by 0x488DB6A: rl_generic_bind (in /usr/lib/x86_64-linux-gnu/libreadline.so.8.1)
==25082==    by 0x489875D: rl_bind_keyseq_if_unbound_in_map (in /usr/lib/x86_64-linux-gnu/libreadline.so.8.1)
==25082==    by 0x489894C: ??? (in /usr/lib/x86_64-linux-gnu/libreadline.so.8.1)
==25082==    by 0x4898A93: rl_initialize (in /usr/lib/x86_64-linux-gnu/libreadline.so.8.1)
==25082==    by 0x4898CD4: readline (in /usr/lib/x86_64-linux-gnu/libreadline.so.8.1)
==25082==    by 0x1098CA: execute (minishell.c:267)
==25082==    by 0x109A2A: main (minishell.c:386)
==25082== 
{
   <insert_a_suppression_name_here>
   Memcheck:Leak
   match-leak-kinds: reachable
   fun:malloc
   fun:xmalloc
   fun:rl_make_bare_keymap
   fun:rl_generic_bind
   fun:rl_bind_keyseq_if_unbound_in_map
   obj:/usr/lib/x86_64-linux-gnu/libreadline.so.8.1
   fun:rl_initialize
   fun:readline
   fun:execute
   fun:main
}
==25082== 4,112 bytes in 1 blocks are still reachable in loss record 70 of 85
==25082==    at 0x4848899: malloc (in /usr/libexec/valgrind/vgpreload_memcheck-amd64-linux.so)
==25082==    by 0x48B0BAC: xmalloc (in /usr/lib/x86_64-linux-gnu/libreadline.so.8.1)
==25082==    by 0x488D251: rl_make_bare_keymap (in /usr/lib/x86_64-linux-gnu/libreadline.so.8.1)
==25082==    by 0x488DB6A: rl_generic_bind (in /usr/lib/x86_64-linux-gnu/libreadline.so.8.1)
==25082==    by 0x489875D: rl_bind_keyseq_if_unbound_in_map (in /usr/lib/x86_64-linux-gnu/libreadline.so.8.1)
==25082==    by 0x489894C: ??? (in /usr/lib/x86_64-linux-gnu/libreadline.so.8.1)
==25082==    by 0x4898AB8: rl_initialize (in /usr/lib/x86_64-linux-gnu/libreadline.so.8.1)
==25082==    by 0x4898CD4: readline (in /usr/lib/x86_64-linux-gnu/libreadline.so.8.1)
==25082==    by 0x1098CA: execute (minishell.c:267)
==25082==    by 0x109A2A: main (minishell.c:386)
==25082== 
{
   <insert_a_suppression_name_here>
   Memcheck:Leak
   match-leak-kinds: reachable
   fun:malloc
   fun:xmalloc
   fun:rl_make_bare_keymap
   fun:rl_generic_bind
   fun:rl_bind_keyseq_if_unbound_in_map
   obj:/usr/lib/x86_64-linux-gnu/libreadline.so.8.1
   fun:rl_initialize
   fun:readline
   fun:execute
   fun:main
}
==25082== 6,228 (2,240 direct, 3,988 indirect) bytes in 70 blocks are definitely lost in loss record 71 of 85
==25082==    at 0x4848899: malloc (in /usr/libexec/valgrind/vgpreload_memcheck-amd64-linux.so)
==25082==    by 0x10AB55: create_env_node (env_init.c:19)
==25082==    by 0x10AD20: init_env (env_init.c:76)
==25082==    by 0x1099F9: main (minishell.c:382)
==25082== 
{
   <insert_a_suppression_name_here>
   Memcheck:Leak
   match-leak-kinds: definite
   fun:malloc
   fun:create_env_node
   fun:init_env
   fun:main
}
==25082== 7,952 bytes in 1 blocks are still reachable in loss record 72 of 85
==25082==    at 0x484DA83: calloc (in /usr/libexec/valgrind/vgpreload_memcheck-amd64-linux.so)
==25082==    by 0x4B02C97: ??? (in /usr/lib/x86_64-linux-gnu/libtinfo.so.6.3)
==25082==    by 0x4B043AF: _nc_find_type_entry (in /usr/lib/x86_64-linux-gnu/libtinfo.so.6.3)
==25082==    by 0x4B06E4C: tgetstr_sp (in /usr/lib/x86_64-linux-gnu/libtinfo.so.6.3)
==25082==    by 0x48AC21A: _rl_init_terminal_io (in /usr/lib/x86_64-linux-gnu/libreadline.so.8.1)
==25082==    by 0x4898A0F: rl_initialize (in /usr/lib/x86_64-linux-gnu/libreadline.so.8.1)
==25082==    by 0x4898CD4: readline (in /usr/lib/x86_64-linux-gnu/libreadline.so.8.1)
==25082==    by 0x1098CA: execute (minishell.c:267)
==25082==    by 0x109A2A: main (minishell.c:386)
==25082== 
{
   <insert_a_suppression_name_here>
   Memcheck:Leak
   match-leak-kinds: reachable
   fun:calloc
   obj:/usr/lib/x86_64-linux-gnu/libtinfo.so.6.3
   fun:_nc_find_type_entry
   fun:tgetstr_sp
   fun:_rl_init_terminal_io
   fun:rl_initialize
   fun:readline
   fun:execute
   fun:main
}
==25082== 8,224 bytes in 2 blocks are still reachable in loss record 73 of 85
==25082==    at 0x4848899: malloc (in /usr/libexec/valgrind/vgpreload_memcheck-amd64-linux.so)
==25082==    by 0x48B0BAC: xmalloc (in /usr/lib/x86_64-linux-gnu/libreadline.so.8.1)
==25082==    by 0x488D251: rl_make_bare_keymap (in /usr/lib/x86_64-linux-gnu/libreadline.so.8.1)
==25082==    by 0x488DB6A: rl_generic_bind (in /usr/lib/x86_64-linux-gnu/libreadline.so.8.1)
==25082==    by 0x489875D: rl_bind_keyseq_if_unbound_in_map (in /usr/lib/x86_64-linux-gnu/libreadline.so.8.1)
==25082==    by 0x48ABE47: ??? (in /usr/lib/x86_64-linux-gnu/libreadline.so.8.1)
==25082==    by 0x48AC31F: _rl_init_terminal_io (in /usr/lib/x86_64-linux-gnu/libreadline.so.8.1)
==25082==    by 0x4898A0F: rl_initialize (in /usr/lib/x86_64-linux-gnu/libreadline.so.8.1)
==25082==    by 0x4898CD4: readline (in /usr/lib/x86_64-linux-gnu/libreadline.so.8.1)
==25082==    by 0x1098CA: execute (minishell.c:267)
==25082==    by 0x109A2A: main (minishell.c:386)
==25082== 
{
   <insert_a_suppression_name_here>
   Memcheck:Leak
   match-leak-kinds: reachable
   fun:malloc
   fun:xmalloc
   fun:rl_make_bare_keymap
   fun:rl_generic_bind
   fun:rl_bind_keyseq_if_unbound_in_map
   obj:/usr/lib/x86_64-linux-gnu/libreadline.so.8.1
   fun:_rl_init_terminal_io
   fun:rl_initialize
   fun:readline
   fun:execute
   fun:main
}
==25082== 8,224 bytes in 2 blocks are still reachable in loss record 74 of 85
==25082==    at 0x4848899: malloc (in /usr/libexec/valgrind/vgpreload_memcheck-amd64-linux.so)
==25082==    by 0x48B0BAC: xmalloc (in /usr/lib/x86_64-linux-gnu/libreadline.so.8.1)
==25082==    by 0x488D251: rl_make_bare_keymap (in /usr/lib/x86_64-linux-gnu/libreadline.so.8.1)
==25082==    by 0x488DB6A: rl_generic_bind (in /usr/lib/x86_64-linux-gnu/libreadline.so.8.1)
==25082==    by 0x489875D: rl_bind_keyseq_if_unbound_in_map (in /usr/lib/x86_64-linux-gnu/libreadline.so.8.1)
==25082==    by 0x48ABDD5: ??? (in /usr/lib/x86_64-linux-gnu/libreadline.so.8.1)
==25082==    by 0x48AC32B: _rl_init_terminal_io (in /usr/lib/x86_64-linux-gnu/libreadline.so.8.1)
==25082==    by 0x4898A0F: rl_initialize (in /usr/lib/x86_64-linux-gnu/libreadline.so.8.1)
==25082==    by 0x4898CD4: readline (in /usr/lib/x86_64-linux-gnu/libreadline.so.8.1)
==25082==    by 0x1098CA: execute (minishell.c:267)
==25082==    by 0x109A2A: main (minishell.c:386)
==25082== 
{
   <insert_a_suppression_name_here>
   Memcheck:Leak
   match-leak-kinds: reachable
   fun:malloc
   fun:xmalloc
   fun:rl_make_bare_keymap
   fun:rl_generic_bind
   fun:rl_bind_keyseq_if_unbound_in_map
   obj:/usr/lib/x86_64-linux-gnu/libreadline.so.8.1
   fun:_rl_init_terminal_io
   fun:rl_initialize
   fun:readline
   fun:execute
   fun:main
}
==25082== 8,224 bytes in 2 blocks are still reachable in loss record 75 of 85
==25082==    at 0x4848899: malloc (in /usr/libexec/valgrind/vgpreload_memcheck-amd64-linux.so)
==25082==    by 0x48B0BAC: xmalloc (in /usr/lib/x86_64-linux-gnu/libreadline.so.8.1)
==25082==    by 0x488D251: rl_make_bare_keymap (in /usr/lib/x86_64-linux-gnu/libreadline.so.8.1)
==25082==    by 0x488DB6A: rl_generic_bind (in /usr/lib/x86_64-linux-gnu/libreadline.so.8.1)
==25082==    by 0x489875D: rl_bind_keyseq_if_unbound_in_map (in /usr/lib/x86_64-linux-gnu/libreadline.so.8.1)
==25082==    by 0x48ABE47: ??? (in /usr/lib/x86_64-linux-gnu/libreadline.so.8.1)
==25082==    by 0x48AC32B: _rl_init_terminal_io (in /usr/lib/x86_64-linux-gnu/libreadline.so.8.1)
==25082==    by 0x4898A0F: rl_initialize (in /usr/lib/x86_64-linux-gnu/libreadline.so.8.1)
==25082==    by 0x4898CD4: readline (in /usr/lib/x86_64-linux-gnu/libreadline.so.8.1)
==25082==    by 0x1098CA: execute (minishell.c:267)
==25082==    by 0x109A2A: main (minishell.c:386)
==25082== 
{
   <insert_a_suppression_name_here>
   Memcheck:Leak
   match-leak-kinds: reachable
   fun:malloc
   fun:xmalloc
   fun:rl_make_bare_keymap
   fun:rl_generic_bind
   fun:rl_bind_keyseq_if_unbound_in_map
   obj:/usr/lib/x86_64-linux-gnu/libreadline.so.8.1
   fun:_rl_init_terminal_io
   fun:rl_initialize
   fun:readline
   fun:execute
   fun:main
}
==25082== 8,224 bytes in 2 blocks are still reachable in loss record 76 of 85
==25082==    at 0x4848899: malloc (in /usr/libexec/valgrind/vgpreload_memcheck-amd64-linux.so)
==25082==    by 0x48B0BAC: xmalloc (in /usr/lib/x86_64-linux-gnu/libreadline.so.8.1)
==25082==    by 0x488D251: rl_make_bare_keymap (in /usr/lib/x86_64-linux-gnu/libreadline.so.8.1)
==25082==    by 0x488DB6A: rl_generic_bind (in /usr/lib/x86_64-linux-gnu/libreadline.so.8.1)
==25082==    by 0x489875D: rl_bind_keyseq_if_unbound_in_map (in /usr/lib/x86_64-linux-gnu/libreadline.so.8.1)
==25082==    by 0x48ABDD5: ??? (in /usr/lib/x86_64-linux-gnu/libreadline.so.8.1)
==25082==    by 0x48AC337: _rl_init_terminal_io (in /usr/lib/x86_64-linux-gnu/libreadline.so.8.1)
==25082==    by 0x4898A0F: rl_initialize (in /usr/lib/x86_64-linux-gnu/libreadline.so.8.1)
==25082==    by 0x4898CD4: readline (in /usr/lib/x86_64-linux-gnu/libreadline.so.8.1)
==25082==    by 0x1098CA: execute (minishell.c:267)
==25082==    by 0x109A2A: main (minishell.c:386)
==25082== 
{
   <insert_a_suppression_name_here>
   Memcheck:Leak
   match-leak-kinds: reachable
   fun:malloc
   fun:xmalloc
   fun:rl_make_bare_keymap
   fun:rl_generic_bind
   fun:rl_bind_keyseq_if_unbound_in_map
   obj:/usr/lib/x86_64-linux-gnu/libreadline.so.8.1
   fun:_rl_init_terminal_io
   fun:rl_initialize
   fun:readline
   fun:execute
   fun:main
}
==25082== 8,224 bytes in 2 blocks are still reachable in loss record 77 of 85
==25082==    at 0x4848899: malloc (in /usr/libexec/valgrind/vgpreload_memcheck-amd64-linux.so)
==25082==    by 0x48B0BAC: xmalloc (in /usr/lib/x86_64-linux-gnu/libreadline.so.8.1)
==25082==    by 0x488D251: rl_make_bare_keymap (in /usr/lib/x86_64-linux-gnu/libreadline.so.8.1)
==25082==    by 0x488DB6A: rl_generic_bind (in /usr/lib/x86_64-linux-gnu/libreadline.so.8.1)
==25082==    by 0x489875D: rl_bind_keyseq_if_unbound_in_map (in /usr/lib/x86_64-linux-gnu/libreadline.so.8.1)
==25082==    by 0x48ABE47: ??? (in /usr/lib/x86_64-linux-gnu/libreadline.so.8.1)
==25082==    by 0x48AC337: _rl_init_terminal_io (in /usr/lib/x86_64-linux-gnu/libreadline.so.8.1)
==25082==    by 0x4898A0F: rl_initialize (in /usr/lib/x86_64-linux-gnu/libreadline.so.8.1)
==25082==    by 0x4898CD4: readline (in /usr/lib/x86_64-linux-gnu/libreadline.so.8.1)
==25082==    by 0x1098CA: execute (minishell.c:267)
==25082==    by 0x109A2A: main (minishell.c:386)
==25082== 
{
   <insert_a_suppression_name_here>
   Memcheck:Leak
   match-leak-kinds: reachable
   fun:malloc
   fun:xmalloc
   fun:rl_make_bare_keymap
   fun:rl_generic_bind
   fun:rl_bind_keyseq_if_unbound_in_map
   obj:/usr/lib/x86_64-linux-gnu/libreadline.so.8.1
   fun:_rl_init_terminal_io
   fun:rl_initialize
   fun:readline
   fun:execute
   fun:main
}
==25082== 8,224 bytes in 2 blocks are still reachable in loss record 78 of 85
==25082==    at 0x4848899: malloc (in /usr/libexec/valgrind/vgpreload_memcheck-amd64-linux.so)
==25082==    by 0x48B0BAC: xmalloc (in /usr/lib/x86_64-linux-gnu/libreadline.so.8.1)
==25082==    by 0x488D251: rl_make_bare_keymap (in /usr/lib/x86_64-linux-gnu/libreadline.so.8.1)
==25082==    by 0x488DB6A: rl_generic_bind (in /usr/lib/x86_64-linux-gnu/libreadline.so.8.1)
==25082==    by 0x489875D: rl_bind_keyseq_if_unbound_in_map (in /usr/lib/x86_64-linux-gnu/libreadline.so.8.1)
==25082==    by 0x489893D: ??? (in /usr/lib/x86_64-linux-gnu/libreadline.so.8.1)
==25082==    by 0x4898A84: rl_initialize (in /usr/lib/x86_64-linux-gnu/libreadline.so.8.1)
==25082==    by 0x4898CD4: readline (in /usr/lib/x86_64-linux-gnu/libreadline.so.8.1)
==25082==    by 0x1098CA: execute (minishell.c:267)
==25082==    by 0x109A2A: main (minishell.c:386)
==25082== 
{
   <insert_a_suppression_name_here>
   Memcheck:Leak
   match-leak-kinds: reachable
   fun:malloc
   fun:xmalloc
   fun:rl_make_bare_keymap
   fun:rl_generic_bind
   fun:rl_bind_keyseq_if_unbound_in_map
   obj:/usr/lib/x86_64-linux-gnu/libreadline.so.8.1
   fun:rl_initialize
   fun:readline
   fun:execute
   fun:main
}
==25082== 8,224 bytes in 2 blocks are still reachable in loss record 79 of 85
==25082==    at 0x4848899: malloc (in /usr/libexec/valgrind/vgpreload_memcheck-amd64-linux.so)
==25082==    by 0x48B0BAC: xmalloc (in /usr/lib/x86_64-linux-gnu/libreadline.so.8.1)
==25082==    by 0x488D251: rl_make_bare_keymap (in /usr/lib/x86_64-linux-gnu/libreadline.so.8.1)
==25082==    by 0x488DB6A: rl_generic_bind (in /usr/lib/x86_64-linux-gnu/libreadline.so.8.1)
==25082==    by 0x489875D: rl_bind_keyseq_if_unbound_in_map (in /usr/lib/x86_64-linux-gnu/libreadline.so.8.1)
==25082==    by 0x489893D: ??? (in /usr/lib/x86_64-linux-gnu/libreadline.so.8.1)
==25082==    by 0x4898A93: rl_initialize (in /usr/lib/x86_64-linux-gnu/libreadline.so.8.1)
==25082==    by 0x4898CD4: readline (in /usr/lib/x86_64-linux-gnu/libreadline.so.8.1)
==25082==    by 0x1098CA: execute (minishell.c:267)
==25082==    by 0x109A2A: main (minishell.c:386)
==25082== 
{
   <insert_a_suppression_name_here>
   Memcheck:Leak
   match-leak-kinds: reachable
   fun:malloc
   fun:xmalloc
   fun:rl_make_bare_keymap
   fun:rl_generic_bind
   fun:rl_bind_keyseq_if_unbound_in_map
   obj:/usr/lib/x86_64-linux-gnu/libreadline.so.8.1
   fun:rl_initialize
   fun:readline
   fun:execute
   fun:main
}
==25082== 8,224 bytes in 2 blocks are still reachable in loss record 80 of 85
==25082==    at 0x4848899: malloc (in /usr/libexec/valgrind/vgpreload_memcheck-amd64-linux.so)
==25082==    by 0x48B0BAC: xmalloc (in /usr/lib/x86_64-linux-gnu/libreadline.so.8.1)
==25082==    by 0x488D251: rl_make_bare_keymap (in /usr/lib/x86_64-linux-gnu/libreadline.so.8.1)
==25082==    by 0x488DB6A: rl_generic_bind (in /usr/lib/x86_64-linux-gnu/libreadline.so.8.1)
==25082==    by 0x489875D: rl_bind_keyseq_if_unbound_in_map (in /usr/lib/x86_64-linux-gnu/libreadline.so.8.1)
==25082==    by 0x489893D: ??? (in /usr/lib/x86_64-linux-gnu/libreadline.so.8.1)
==25082==    by 0x4898AB8: rl_initialize (in /usr/lib/x86_64-linux-gnu/libreadline.so.8.1)
==25082==    by 0x4898CD4: readline (in /usr/lib/x86_64-linux-gnu/libreadline.so.8.1)
==25082==    by 0x1098CA: execute (minishell.c:267)
==25082==    by 0x109A2A: main (minishell.c:386)
==25082== 
{
   <insert_a_suppression_name_here>
   Memcheck:Leak
   match-leak-kinds: reachable
   fun:malloc
   fun:xmalloc
   fun:rl_make_bare_keymap
   fun:rl_generic_bind
   fun:rl_bind_keyseq_if_unbound_in_map
   obj:/usr/lib/x86_64-linux-gnu/libreadline.so.8.1
   fun:rl_initialize
   fun:readline
   fun:execute
   fun:main
}
==25082== 8,224 bytes in 2 blocks are still reachable in loss record 81 of 85
==25082==    at 0x4848899: malloc (in /usr/libexec/valgrind/vgpreload_memcheck-amd64-linux.so)
==25082==    by 0x48B0BAC: xmalloc (in /usr/lib/x86_64-linux-gnu/libreadline.so.8.1)
==25082==    by 0x488D251: rl_make_bare_keymap (in /usr/lib/x86_64-linux-gnu/libreadline.so.8.1)
==25082==    by 0x488DB6A: rl_generic_bind (in /usr/lib/x86_64-linux-gnu/libreadline.so.8.1)
==25082==    by 0x489875D: rl_bind_keyseq_if_unbound_in_map (in /usr/lib/x86_64-linux-gnu/libreadline.so.8.1)
==25082==    by 0x4898AD2: rl_initialize (in /usr/lib/x86_64-linux-gnu/libreadline.so.8.1)
==25082==    by 0x4898CD4: readline (in /usr/lib/x86_64-linux-gnu/libreadline.so.8.1)
==25082==    by 0x1098CA: execute (minishell.c:267)
==25082==    by 0x109A2A: main (minishell.c:386)
==25082== 
{
   <insert_a_suppression_name_here>
   Memcheck:Leak
   match-leak-kinds: reachable
   fun:malloc
   fun:xmalloc
   fun:rl_make_bare_keymap
   fun:rl_generic_bind
   fun:rl_bind_keyseq_if_unbound_in_map
   fun:rl_initialize
   fun:readline
   fun:execute
   fun:main
}
==25082== 8,224 bytes in 2 blocks are still reachable in loss record 82 of 85
==25082==    at 0x4848899: malloc (in /usr/libexec/valgrind/vgpreload_memcheck-amd64-linux.so)
==25082==    by 0x48B0BAC: xmalloc (in /usr/lib/x86_64-linux-gnu/libreadline.so.8.1)
==25082==    by 0x488D251: rl_make_bare_keymap (in /usr/lib/x86_64-linux-gnu/libreadline.so.8.1)
==25082==    by 0x488DB6A: rl_generic_bind (in /usr/lib/x86_64-linux-gnu/libreadline.so.8.1)
==25082==    by 0x489875D: rl_bind_keyseq_if_unbound_in_map (in /usr/lib/x86_64-linux-gnu/libreadline.so.8.1)
==25082==    by 0x4898AE1: rl_initialize (in /usr/lib/x86_64-linux-gnu/libreadline.so.8.1)
==25082==    by 0x4898CD4: readline (in /usr/lib/x86_64-linux-gnu/libreadline.so.8.1)
==25082==    by 0x1098CA: execute (minishell.c:267)
==25082==    by 0x109A2A: main (minishell.c:386)
==25082== 
{
   <insert_a_suppression_name_here>
   Memcheck:Leak
   match-leak-kinds: reachable
   fun:malloc
   fun:xmalloc
   fun:rl_make_bare_keymap
   fun:rl_generic_bind
   fun:rl_bind_keyseq_if_unbound_in_map
   fun:rl_initialize
   fun:readline
   fun:execute
   fun:main
}
==25082== 12,336 bytes in 3 blocks are still reachable in loss record 83 of 85
==25082==    at 0x4848899: malloc (in /usr/libexec/valgrind/vgpreload_memcheck-amd64-linux.so)
==25082==    by 0x48B0BAC: xmalloc (in /usr/lib/x86_64-linux-gnu/libreadline.so.8.1)
==25082==    by 0x488D251: rl_make_bare_keymap (in /usr/lib/x86_64-linux-gnu/libreadline.so.8.1)
==25082==    by 0x488DB6A: rl_generic_bind (in /usr/lib/x86_64-linux-gnu/libreadline.so.8.1)
==25082==    by 0x489875D: rl_bind_keyseq_if_unbound_in_map (in /usr/lib/x86_64-linux-gnu/libreadline.so.8.1)
==25082==    by 0x4898914: ??? (in /usr/lib/x86_64-linux-gnu/libreadline.so.8.1)
==25082==    by 0x4898A93: rl_initialize (in /usr/lib/x86_64-linux-gnu/libreadline.so.8.1)
==25082==    by 0x4898CD4: readline (in /usr/lib/x86_64-linux-gnu/libreadline.so.8.1)
==25082==    by 0x1098CA: execute (minishell.c:267)
==25082==    by 0x109A2A: main (minishell.c:386)
==25082== 
{
   <insert_a_suppression_name_here>
   Memcheck:Leak
   match-leak-kinds: reachable
   fun:malloc
   fun:xmalloc
   fun:rl_make_bare_keymap
   fun:rl_generic_bind
   fun:rl_bind_keyseq_if_unbound_in_map
   obj:/usr/lib/x86_64-linux-gnu/libreadline.so.8.1
   fun:rl_initialize
   fun:readline
   fun:execute
   fun:main
}
==25082== 12,336 bytes in 3 blocks are still reachable in loss record 84 of 85
==25082==    at 0x4848899: malloc (in /usr/libexec/valgrind/vgpreload_memcheck-amd64-linux.so)
==25082==    by 0x48B0BAC: xmalloc (in /usr/lib/x86_64-linux-gnu/libreadline.so.8.1)
==25082==    by 0x488D251: rl_make_bare_keymap (in /usr/lib/x86_64-linux-gnu/libreadline.so.8.1)
==25082==    by 0x488DB6A: rl_generic_bind (in /usr/lib/x86_64-linux-gnu/libreadline.so.8.1)
==25082==    by 0x489875D: rl_bind_keyseq_if_unbound_in_map (in /usr/lib/x86_64-linux-gnu/libreadline.so.8.1)
==25082==    by 0x4898914: ??? (in /usr/lib/x86_64-linux-gnu/libreadline.so.8.1)
==25082==    by 0x4898AB8: rl_initialize (in /usr/lib/x86_64-linux-gnu/libreadline.so.8.1)
==25082==    by 0x4898CD4: readline (in /usr/lib/x86_64-linux-gnu/libreadline.so.8.1)
==25082==    by 0x1098CA: execute (minishell.c:267)
==25082==    by 0x109A2A: main (minishell.c:386)
==25082== 
{
   <insert_a_suppression_name_here>
   Memcheck:Leak
   match-leak-kinds: reachable
   fun:malloc
   fun:xmalloc
   fun:rl_make_bare_keymap
   fun:rl_generic_bind
   fun:rl_bind_keyseq_if_unbound_in_map
   obj:/usr/lib/x86_64-linux-gnu/libreadline.so.8.1
   fun:rl_initialize
   fun:readline
   fun:execute
   fun:main
}
==25082== 28,784 bytes in 7 blocks are still reachable in loss record 85 of 85
==25082==    at 0x4848899: malloc (in /usr/libexec/valgrind/vgpreload_memcheck-amd64-linux.so)
==25082==    by 0x48B0BAC: xmalloc (in /usr/lib/x86_64-linux-gnu/libreadline.so.8.1)
==25082==    by 0x488D251: rl_make_bare_keymap (in /usr/lib/x86_64-linux-gnu/libreadline.so.8.1)
==25082==    by 0x488DB6A: rl_generic_bind (in /usr/lib/x86_64-linux-gnu/libreadline.so.8.1)
==25082==    by 0x489E99E: rl_parse_and_bind (in /usr/lib/x86_64-linux-gnu/libreadline.so.8.1)
==25082==    by 0x489EB6C: ??? (in /usr/lib/x86_64-linux-gnu/libreadline.so.8.1)
==25082==    by 0x4898A38: rl_initialize (in /usr/lib/x86_64-linux-gnu/libreadline.so.8.1)
==25082==    by 0x4898CD4: readline (in /usr/lib/x86_64-linux-gnu/libreadline.so.8.1)
==25082==    by 0x1098CA: execute (minishell.c:267)
==25082==    by 0x109A2A: main (minishell.c:386)
==25082== 
{
   <insert_a_suppression_name_here>
   Memcheck:Leak
   match-leak-kinds: reachable
   fun:malloc
   fun:xmalloc
   fun:rl_make_bare_keymap
   fun:rl_generic_bind
   fun:rl_parse_and_bind
   obj:/usr/lib/x86_64-linux-gnu/libreadline.so.8.1
   fun:rl_initialize
   fun:readline
   fun:execute
   fun:main
}
==25082== LEAK SUMMARY:
==25082==    definitely lost: 2,406 bytes in 94 blocks
==25082==    indirectly lost: 4,680 bytes in 180 blocks
==25082==      possibly lost: 0 bytes in 0 blocks
==25082==    still reachable: 208,291 bytes in 228 blocks
==25082==         suppressed: 0 bytes in 0 blocks
==25082== 
==25082== For lists of detected and suppressed errors, rerun with: -s
==25082== ERROR SUMMARY: 7 errors from 7 contexts (suppressed: 0 from 0)
